;  LST file generated by mikroListExporter - v.2.0 
; Date/Time: 2/7/2015 4:23:16 PM
;----------------------------------------------

;Address Opcode 	ASM
0x0000	0x2CD1      	GOTO       1233
_Delay_1us:
;__Lib_Delays.c,7 :: 		void Delay_1us() {
;__Lib_Delays.c,8 :: 		Delay_us(1);
0x0003	0x0000      	NOP
0x0004	0x0000      	NOP
;__Lib_Delays.c,9 :: 		}
L_end_Delay_1us:
0x0005	0x0008      	RETURN
; end of _Delay_1us
_Delay_50us:
;__Lib_Delays.c,19 :: 		void Delay_50us() {
;__Lib_Delays.c,20 :: 		Delay_us(50);
0x0006	0x3021      	MOVLW      33
0x0007	0x1283      	BCF        STATUS, 5
0x0008	0x1303      	BCF        STATUS, 6
0x0009	0x00FD      	MOVWF      R13
L_Delay_50us2:
0x000A	0x0BFD      	DECFSZ     R13, 1
0x000B	0x280A      	GOTO       L_Delay_50us2
;__Lib_Delays.c,21 :: 		}
L_end_Delay_50us:
0x000C	0x0008      	RETURN
; end of _Delay_50us
_Delay_5500us:
;__Lib_Delays.c,31 :: 		void Delay_5500us() {
;__Lib_Delays.c,32 :: 		Delay_us(5500);
0x000D	0x300F      	MOVLW      15
0x000E	0x1283      	BCF        STATUS, 5
0x000F	0x1303      	BCF        STATUS, 6
0x0010	0x00FC      	MOVWF      R12
0x0011	0x3047      	MOVLW      71
0x0012	0x00FD      	MOVWF      R13
L_Delay_5500us5:
0x0013	0x0BFD      	DECFSZ     R13, 1
0x0014	0x2813      	GOTO       L_Delay_5500us5
0x0015	0x0BFC      	DECFSZ     R12, 1
0x0016	0x2813      	GOTO       L_Delay_5500us5
0x0017	0x0000      	NOP
0x0018	0x0000      	NOP
;__Lib_Delays.c,33 :: 		}
L_end_Delay_5500us:
0x0019	0x0008      	RETURN
; end of _Delay_5500us
_Lcd_Cmd:
;__Lib_Lcd.c,18 :: 		
;__Lib_Lcd.c,20 :: 		
0x001A	0x1683      	BSF        STATUS, 5
0x001B	0x1303      	BCF        STATUS, 6
0x001C	0x1BC0      	BTFSC      FARG_Lcd_Cmd_out_char, 7
0x001D	0x2821      	GOTO       L__Lcd_Cmd21
0x001E	0x1283      	BCF        STATUS, 5
0x001F	0x1387      	BCF        LCD_D7, BitPos(LCD_D7+0)
0x0020	0x2823      	GOTO       L__Lcd_Cmd22
L__Lcd_Cmd21:
0x0021	0x1283      	BCF        STATUS, 5
0x0022	0x1787      	BSF        LCD_D7, BitPos(LCD_D7+0)
L__Lcd_Cmd22:
;__Lib_Lcd.c,21 :: 		
0x0023	0x1683      	BSF        STATUS, 5
0x0024	0x1B40      	BTFSC      FARG_Lcd_Cmd_out_char, 6
0x0025	0x2829      	GOTO       L__Lcd_Cmd23
0x0026	0x1283      	BCF        STATUS, 5
0x0027	0x1307      	BCF        LCD_D6, BitPos(LCD_D6+0)
0x0028	0x282B      	GOTO       L__Lcd_Cmd24
L__Lcd_Cmd23:
0x0029	0x1283      	BCF        STATUS, 5
0x002A	0x1707      	BSF        LCD_D6, BitPos(LCD_D6+0)
L__Lcd_Cmd24:
;__Lib_Lcd.c,22 :: 		
0x002B	0x1683      	BSF        STATUS, 5
0x002C	0x1AC0      	BTFSC      FARG_Lcd_Cmd_out_char, 5
0x002D	0x2831      	GOTO       L__Lcd_Cmd25
0x002E	0x1283      	BCF        STATUS, 5
0x002F	0x1287      	BCF        LCD_D5, BitPos(LCD_D5+0)
0x0030	0x2833      	GOTO       L__Lcd_Cmd26
L__Lcd_Cmd25:
0x0031	0x1283      	BCF        STATUS, 5
0x0032	0x1687      	BSF        LCD_D5, BitPos(LCD_D5+0)
L__Lcd_Cmd26:
;__Lib_Lcd.c,23 :: 		
0x0033	0x1683      	BSF        STATUS, 5
0x0034	0x1A40      	BTFSC      FARG_Lcd_Cmd_out_char, 4
0x0035	0x2839      	GOTO       L__Lcd_Cmd27
0x0036	0x1283      	BCF        STATUS, 5
0x0037	0x1207      	BCF        LCD_D4, BitPos(LCD_D4+0)
0x0038	0x283B      	GOTO       L__Lcd_Cmd28
L__Lcd_Cmd27:
0x0039	0x1283      	BCF        STATUS, 5
0x003A	0x1607      	BSF        LCD_D4, BitPos(LCD_D4+0)
L__Lcd_Cmd28:
;__Lib_Lcd.c,25 :: 		
0x003B	0x1683      	BSF        STATUS, 5
0x003C	0x1832      	BTFSC      __Lib_Lcd_cmd_status, BitPos(__Lib_Lcd_cmd_status+0)
0x003D	0x2841      	GOTO       L__Lcd_Cmd29
0x003E	0x1283      	BCF        STATUS, 5
0x003F	0x1507      	BSF        LCD_RS, BitPos(LCD_RS+0)
0x0040	0x2843      	GOTO       L__Lcd_Cmd30
L__Lcd_Cmd29:
0x0041	0x1283      	BCF        STATUS, 5
0x0042	0x1107      	BCF        LCD_RS, BitPos(LCD_RS+0)
L__Lcd_Cmd30:
;__Lib_Lcd.c,28 :: 		
0x0043	0x1587      	BSF        LCD_EN, BitPos(LCD_EN+0)
;__Lib_Lcd.c,29 :: 		
0x0044	0x2003      	CALL       _Delay_1us
;__Lib_Lcd.c,30 :: 		
0x0045	0x1187      	BCF        LCD_EN, BitPos(LCD_EN+0)
;__Lib_Lcd.c,33 :: 		
0x0046	0x1683      	BSF        STATUS, 5
0x0047	0x19C0      	BTFSC      FARG_Lcd_Cmd_out_char, 3
0x0048	0x284C      	GOTO       L__Lcd_Cmd31
0x0049	0x1283      	BCF        STATUS, 5
0x004A	0x1387      	BCF        LCD_D7, BitPos(LCD_D7+0)
0x004B	0x284E      	GOTO       L__Lcd_Cmd32
L__Lcd_Cmd31:
0x004C	0x1283      	BCF        STATUS, 5
0x004D	0x1787      	BSF        LCD_D7, BitPos(LCD_D7+0)
L__Lcd_Cmd32:
;__Lib_Lcd.c,34 :: 		
0x004E	0x1683      	BSF        STATUS, 5
0x004F	0x1940      	BTFSC      FARG_Lcd_Cmd_out_char, 2
0x0050	0x2854      	GOTO       L__Lcd_Cmd33
0x0051	0x1283      	BCF        STATUS, 5
0x0052	0x1307      	BCF        LCD_D6, BitPos(LCD_D6+0)
0x0053	0x2856      	GOTO       L__Lcd_Cmd34
L__Lcd_Cmd33:
0x0054	0x1283      	BCF        STATUS, 5
0x0055	0x1707      	BSF        LCD_D6, BitPos(LCD_D6+0)
L__Lcd_Cmd34:
;__Lib_Lcd.c,35 :: 		
0x0056	0x1683      	BSF        STATUS, 5
0x0057	0x18C0      	BTFSC      FARG_Lcd_Cmd_out_char, 1
0x0058	0x285C      	GOTO       L__Lcd_Cmd35
0x0059	0x1283      	BCF        STATUS, 5
0x005A	0x1287      	BCF        LCD_D5, BitPos(LCD_D5+0)
0x005B	0x285E      	GOTO       L__Lcd_Cmd36
L__Lcd_Cmd35:
0x005C	0x1283      	BCF        STATUS, 5
0x005D	0x1687      	BSF        LCD_D5, BitPos(LCD_D5+0)
L__Lcd_Cmd36:
;__Lib_Lcd.c,36 :: 		
0x005E	0x1683      	BSF        STATUS, 5
0x005F	0x1840      	BTFSC      FARG_Lcd_Cmd_out_char, 0
0x0060	0x2864      	GOTO       L__Lcd_Cmd37
0x0061	0x1283      	BCF        STATUS, 5
0x0062	0x1207      	BCF        LCD_D4, BitPos(LCD_D4+0)
0x0063	0x2866      	GOTO       L__Lcd_Cmd38
L__Lcd_Cmd37:
0x0064	0x1283      	BCF        STATUS, 5
0x0065	0x1607      	BSF        LCD_D4, BitPos(LCD_D4+0)
L__Lcd_Cmd38:
;__Lib_Lcd.c,38 :: 		
0x0066	0x1683      	BSF        STATUS, 5
0x0067	0x1832      	BTFSC      __Lib_Lcd_cmd_status, BitPos(__Lib_Lcd_cmd_status+0)
0x0068	0x286C      	GOTO       L__Lcd_Cmd39
0x0069	0x1283      	BCF        STATUS, 5
0x006A	0x1507      	BSF        LCD_RS, BitPos(LCD_RS+0)
0x006B	0x286E      	GOTO       L__Lcd_Cmd40
L__Lcd_Cmd39:
0x006C	0x1283      	BCF        STATUS, 5
0x006D	0x1107      	BCF        LCD_RS, BitPos(LCD_RS+0)
L__Lcd_Cmd40:
;__Lib_Lcd.c,40 :: 		
0x006E	0x1587      	BSF        LCD_EN, BitPos(LCD_EN+0)
;__Lib_Lcd.c,41 :: 		
0x006F	0x2003      	CALL       _Delay_1us
;__Lib_Lcd.c,42 :: 		
0x0070	0x1187      	BCF        LCD_EN, BitPos(LCD_EN+0)
;__Lib_Lcd.c,44 :: 		
0x0071	0x1683      	BSF        STATUS, 5
0x0072	0x1C32      	BTFSS      __Lib_Lcd_cmd_status, BitPos(__Lib_Lcd_cmd_status+0)
0x0073	0x2876      	GOTO       L_Lcd_Cmd0
;__Lib_Lcd.c,45 :: 		
0x0074	0x200D      	CALL       _Delay_5500us
0x0075	0x2877      	GOTO       L_Lcd_Cmd1
L_Lcd_Cmd0:
;__Lib_Lcd.c,47 :: 		
0x0076	0x2006      	CALL       _Delay_50us
L_Lcd_Cmd1:
;__Lib_Lcd.c,48 :: 		
L_end_Lcd_Cmd:
0x0077	0x0008      	RETURN
; end of _Lcd_Cmd
_Lcd_Chr_CP:
;__Lib_Lcd.c,50 :: 		
;__Lib_Lcd.c,52 :: 		
0x0078	0x1683      	BSF        STATUS, 5
0x0079	0x1303      	BCF        STATUS, 6
0x007A	0x1032      	BCF        __Lib_Lcd_cmd_status, BitPos(__Lib_Lcd_cmd_status+0)
;__Lib_Lcd.c,53 :: 		
0x007B	0x083F      	MOVF       FARG_Lcd_Chr_CP_out_char, 0
0x007C	0x00C0      	MOVWF      FARG_Lcd_Cmd_out_char
0x007D	0x201A      	CALL       _Lcd_Cmd
;__Lib_Lcd.c,54 :: 		
0x007E	0x1683      	BSF        STATUS, 5
0x007F	0x1432      	BSF        __Lib_Lcd_cmd_status, BitPos(__Lib_Lcd_cmd_status+0)
;__Lib_Lcd.c,55 :: 		
L_end_Lcd_Chr_CP:
0x0080	0x0008      	RETURN
; end of _Lcd_Chr_CP
_Lcd_Out:
;__Lib_Lcd.c,184 :: 		
;__Lib_Lcd.c,187 :: 		
0x0081	0x2893      	GOTO       L_Lcd_Out11
;__Lib_Lcd.c,188 :: 		
L_Lcd_Out13:
0x0082	0x3080      	MOVLW      128
0x0083	0x1683      	BSF        STATUS, 5
0x0084	0x1303      	BCF        STATUS, 6
0x0085	0x00BB      	MOVWF      FARG_Lcd_Out_row
0x0086	0x28A6      	GOTO       L_Lcd_Out12
;__Lib_Lcd.c,189 :: 		
L_Lcd_Out14:
0x0087	0x30C0      	MOVLW      192
0x0088	0x00BB      	MOVWF      FARG_Lcd_Out_row
0x0089	0x28A6      	GOTO       L_Lcd_Out12
;__Lib_Lcd.c,190 :: 		
L_Lcd_Out15:
0x008A	0x3094      	MOVLW      148
0x008B	0x00BB      	MOVWF      FARG_Lcd_Out_row
0x008C	0x28A6      	GOTO       L_Lcd_Out12
;__Lib_Lcd.c,191 :: 		
L_Lcd_Out16:
0x008D	0x30D4      	MOVLW      212
0x008E	0x00BB      	MOVWF      FARG_Lcd_Out_row
0x008F	0x28A6      	GOTO       L_Lcd_Out12
;__Lib_Lcd.c,192 :: 		
L_Lcd_Out17:
0x0090	0x3080      	MOVLW      128
0x0091	0x00BB      	MOVWF      FARG_Lcd_Out_row
;__Lib_Lcd.c,193 :: 		
0x0092	0x28A6      	GOTO       L_Lcd_Out12
L_Lcd_Out11:
0x0093	0x1683      	BSF        STATUS, 5
0x0094	0x1303      	BCF        STATUS, 6
0x0095	0x083B      	MOVF       FARG_Lcd_Out_row, 0
0x0096	0x3A01      	XORLW      1
0x0097	0x1903      	BTFSC      STATUS, 2
0x0098	0x2882      	GOTO       L_Lcd_Out13
0x0099	0x083B      	MOVF       FARG_Lcd_Out_row, 0
0x009A	0x3A02      	XORLW      2
0x009B	0x1903      	BTFSC      STATUS, 2
0x009C	0x2887      	GOTO       L_Lcd_Out14
0x009D	0x083B      	MOVF       FARG_Lcd_Out_row, 0
0x009E	0x3A03      	XORLW      3
0x009F	0x1903      	BTFSC      STATUS, 2
0x00A0	0x288A      	GOTO       L_Lcd_Out15
0x00A1	0x083B      	MOVF       FARG_Lcd_Out_row, 0
0x00A2	0x3A04      	XORLW      4
0x00A3	0x1903      	BTFSC      STATUS, 2
0x00A4	0x288D      	GOTO       L_Lcd_Out16
0x00A5	0x2890      	GOTO       L_Lcd_Out17
L_Lcd_Out12:
;__Lib_Lcd.c,194 :: 		
0x00A6	0x033C      	DECF       FARG_Lcd_Out_column, 0
0x00A7	0x00F0      	MOVWF      R0
0x00A8	0x083B      	MOVF       FARG_Lcd_Out_row, 0
0x00A9	0x07F0      	ADDWF      R0, 1
0x00AA	0x0870      	MOVF       R0, 0
0x00AB	0x00BB      	MOVWF      FARG_Lcd_Out_row
;__Lib_Lcd.c,196 :: 		
0x00AC	0x0870      	MOVF       R0, 0
0x00AD	0x00C0      	MOVWF      FARG_Lcd_Cmd_out_char
0x00AE	0x201A      	CALL       _Lcd_Cmd
;__Lib_Lcd.c,197 :: 		
0x00AF	0x1683      	BSF        STATUS, 5
0x00B0	0x1032      	BCF        __Lib_Lcd_cmd_status, BitPos(__Lib_Lcd_cmd_status+0)
;__Lib_Lcd.c,198 :: 		
0x00B1	0x01BE      	CLRF       Lcd_Out_i_L0
;__Lib_Lcd.c,199 :: 		
L_Lcd_Out18:
0x00B2	0x083E      	MOVF       Lcd_Out_i_L0, 0
0x00B3	0x073D      	ADDWF      FARG_Lcd_Out_text, 0
0x00B4	0x0084      	MOVWF      FSR
0x00B5	0x0800      	MOVF       INDF, 0
0x00B6	0x1903      	BTFSC      STATUS, 2
0x00B7	0x28C0      	GOTO       L_Lcd_Out19
;__Lib_Lcd.c,200 :: 		
0x00B8	0x083E      	MOVF       Lcd_Out_i_L0, 0
0x00B9	0x073D      	ADDWF      FARG_Lcd_Out_text, 0
0x00BA	0x0084      	MOVWF      FSR
0x00BB	0x0800      	MOVF       INDF, 0
0x00BC	0x00BF      	MOVWF      FARG_Lcd_Chr_CP_out_char
0x00BD	0x2078      	CALL       _Lcd_Chr_CP
0x00BE	0x0ABE      	INCF       Lcd_Out_i_L0, 1
0x00BF	0x28B2      	GOTO       L_Lcd_Out18
L_Lcd_Out19:
;__Lib_Lcd.c,201 :: 		
0x00C0	0x1432      	BSF        __Lib_Lcd_cmd_status, BitPos(__Lib_Lcd_cmd_status+0)
;__Lib_Lcd.c,202 :: 		
L_end_Lcd_Out:
0x00C1	0x0008      	RETURN
; end of _Lcd_Out
_checkR:
;ECG 20x4.c,125 :: 		int checkR(int x)
;ECG 20x4.c,127 :: 		if(x>20)
0x00C2	0x3080      	MOVLW      128
0x00C3	0x1283      	BCF        STATUS, 5
0x00C4	0x1303      	BCF        STATUS, 6
0x00C5	0x00F0      	MOVWF      R0
0x00C6	0x3080      	MOVLW      128
0x00C7	0x1683      	BSF        STATUS, 5
0x00C8	0x063C      	XORWF      FARG_checkR_x+1, 0
0x00C9	0x0270      	SUBWF      R0, 0
0x00CA	0x1D03      	BTFSS      STATUS, 2
0x00CB	0x28CE      	GOTO       L__checkR53
0x00CC	0x083B      	MOVF       FARG_checkR_x, 0
0x00CD	0x3C14      	SUBLW      20
L__checkR53:
0x00CE	0x1803      	BTFSC      STATUS, 0
0x00CF	0x28D2      	GOTO       L_checkR39
;ECG 20x4.c,128 :: 		x=0;
0x00D0	0x01BB      	CLRF       FARG_checkR_x
0x00D1	0x01BC      	CLRF       FARG_checkR_x+1
L_checkR39:
;ECG 20x4.c,129 :: 		return x;
0x00D2	0x083B      	MOVF       FARG_checkR_x, 0
0x00D3	0x00F0      	MOVWF      R0
0x00D4	0x083C      	MOVF       FARG_checkR_x+1, 0
0x00D5	0x00F1      	MOVWF      R0+1
;ECG 20x4.c,130 :: 		}
L_end_checkR:
0x00D6	0x0008      	RETURN
; end of _checkR
_____DoICP:
;__Lib_System.c,6 :: 		
;__Lib_System.c,9 :: 		
0x00D7	0x1683      	BSF        STATUS, 5
0x00D8	0x1303      	BCF        STATUS, 6
0x00D9	0x0834      	MOVF       ___DoICPAddr+1, 0
0x00DA	0x008A      	MOVWF      PCLATH
;__Lib_System.c,10 :: 		
0x00DB	0x0833      	MOVF       ___DoICPAddr, 0
0x00DC	0x0082      	MOVWF      PCL
;__Lib_System.c,12 :: 		
L_end_____DoICP:
0x00DD	0x0008      	RETURN
; end of _____DoICP
_ERotate:
;ECG 20x4.c,133 :: 		void ERotate(int r)
;ECG 20x4.c,136 :: 		Lcd_Cmd(_LCD_CURSOR_OFF);
0x00DE	0x300C      	MOVLW      12
0x00DF	0x1683      	BSF        STATUS, 5
0x00E0	0x1303      	BCF        STATUS, 6
0x00E1	0x00C0      	MOVWF      FARG_Lcd_Cmd_out_char
0x00E2	0x201A      	CALL       _Lcd_Cmd
;ECG 20x4.c,137 :: 		for(j=1;j<21;j++)
0x00E3	0x3001      	MOVLW      1
0x00E4	0x1683      	BSF        STATUS, 5
0x00E5	0x00B9      	MOVWF      ERotate_j_L0
0x00E6	0x3000      	MOVLW      0
0x00E7	0x00BA      	MOVWF      ERotate_j_L0+1
L_ERotate40:
0x00E8	0x3080      	MOVLW      128
0x00E9	0x063A      	XORWF      ERotate_j_L0+1, 0
0x00EA	0x00F0      	MOVWF      R0
0x00EB	0x3080      	MOVLW      128
0x00EC	0x0270      	SUBWF      R0, 0
0x00ED	0x1D03      	BTFSS      STATUS, 2
0x00EE	0x28F1      	GOTO       L__ERotate55
0x00EF	0x3015      	MOVLW      21
0x00F0	0x0239      	SUBWF      ERotate_j_L0, 0
L__ERotate55:
0x00F1	0x1803      	BTFSC      STATUS, 0
0x00F2	0x28FE      	GOTO       L_ERotate41
;ECG 20x4.c,139 :: 		LCD_Out(1,j," ");
0x00F3	0x3001      	MOVLW      1
0x00F4	0x00BB      	MOVWF      FARG_Lcd_Out_row
0x00F5	0x0839      	MOVF       ERotate_j_L0, 0
0x00F6	0x00BC      	MOVWF      FARG_Lcd_Out_column
0x00F7	0x305E      	MOVLW      ?lstr35_ECG_3220x4
0x00F8	0x00BD      	MOVWF      FARG_Lcd_Out_text
0x00F9	0x2081      	CALL       _Lcd_Out
;ECG 20x4.c,137 :: 		for(j=1;j<21;j++)
0x00FA	0x0AB9      	INCF       ERotate_j_L0, 1
0x00FB	0x1903      	BTFSC      STATUS, 2
0x00FC	0x0ABA      	INCF       ERotate_j_L0+1, 1
;ECG 20x4.c,140 :: 		}
0x00FD	0x28E8      	GOTO       L_ERotate40
L_ERotate41:
;ECG 20x4.c,142 :: 		LCD_Out(1,r++,"E");
0x00FE	0x3001      	MOVLW      1
0x00FF	0x00BB      	MOVWF      FARG_Lcd_Out_row
0x0100	0x0837      	MOVF       FARG_ERotate_r, 0
0x0101	0x00BC      	MOVWF      FARG_Lcd_Out_column
0x0102	0x306C      	MOVLW      ?lstr36_ECG_3220x4
0x0103	0x00BD      	MOVWF      FARG_Lcd_Out_text
0x0104	0x2081      	CALL       _Lcd_Out
0x0105	0x0AB7      	INCF       FARG_ERotate_r, 1
0x0106	0x1903      	BTFSC      STATUS, 2
0x0107	0x0AB8      	INCF       FARG_ERotate_r+1, 1
;ECG 20x4.c,143 :: 		r=checkR(r);
0x0108	0x0837      	MOVF       FARG_ERotate_r, 0
0x0109	0x00BB      	MOVWF      FARG_checkR_x
0x010A	0x0838      	MOVF       FARG_ERotate_r+1, 0
0x010B	0x00BC      	MOVWF      FARG_checkR_x+1
0x010C	0x20C2      	CALL       _checkR
0x010D	0x0870      	MOVF       R0, 0
0x010E	0x00B7      	MOVWF      FARG_ERotate_r
0x010F	0x0871      	MOVF       R0+1, 0
0x0110	0x00B8      	MOVWF      FARG_ERotate_r+1
;ECG 20x4.c,144 :: 		LCD_Out(1,r++,"c");
0x0111	0x3001      	MOVLW      1
0x0112	0x00BB      	MOVWF      FARG_Lcd_Out_row
0x0113	0x0870      	MOVF       R0, 0
0x0114	0x00BC      	MOVWF      FARG_Lcd_Out_column
0x0115	0x306E      	MOVLW      ?lstr37_ECG_3220x4
0x0116	0x00BD      	MOVWF      FARG_Lcd_Out_text
0x0117	0x2081      	CALL       _Lcd_Out
0x0118	0x0AB7      	INCF       FARG_ERotate_r, 1
0x0119	0x1903      	BTFSC      STATUS, 2
0x011A	0x0AB8      	INCF       FARG_ERotate_r+1, 1
;ECG 20x4.c,145 :: 		r=checkR(r);
0x011B	0x0837      	MOVF       FARG_ERotate_r, 0
0x011C	0x00BB      	MOVWF      FARG_checkR_x
0x011D	0x0838      	MOVF       FARG_ERotate_r+1, 0
0x011E	0x00BC      	MOVWF      FARG_checkR_x+1
0x011F	0x20C2      	CALL       _checkR
0x0120	0x0870      	MOVF       R0, 0
0x0121	0x00B7      	MOVWF      FARG_ERotate_r
0x0122	0x0871      	MOVF       R0+1, 0
0x0123	0x00B8      	MOVWF      FARG_ERotate_r+1
;ECG 20x4.c,146 :: 		LCD_Out(1,r++,"h");
0x0124	0x3001      	MOVLW      1
0x0125	0x00BB      	MOVWF      FARG_Lcd_Out_row
0x0126	0x0870      	MOVF       R0, 0
0x0127	0x00BC      	MOVWF      FARG_Lcd_Out_column
0x0128	0x306A      	MOVLW      ?lstr38_ECG_3220x4
0x0129	0x00BD      	MOVWF      FARG_Lcd_Out_text
0x012A	0x2081      	CALL       _Lcd_Out
0x012B	0x0AB7      	INCF       FARG_ERotate_r, 1
0x012C	0x1903      	BTFSC      STATUS, 2
0x012D	0x0AB8      	INCF       FARG_ERotate_r+1, 1
;ECG 20x4.c,147 :: 		r=checkR(r);
0x012E	0x0837      	MOVF       FARG_ERotate_r, 0
0x012F	0x00BB      	MOVWF      FARG_checkR_x
0x0130	0x0838      	MOVF       FARG_ERotate_r+1, 0
0x0131	0x00BC      	MOVWF      FARG_checkR_x+1
0x0132	0x20C2      	CALL       _checkR
0x0133	0x0870      	MOVF       R0, 0
0x0134	0x00B7      	MOVWF      FARG_ERotate_r
0x0135	0x0871      	MOVF       R0+1, 0
0x0136	0x00B8      	MOVWF      FARG_ERotate_r+1
;ECG 20x4.c,148 :: 		LCD_Out(1,r++,"o");
0x0137	0x3001      	MOVLW      1
0x0138	0x00BB      	MOVWF      FARG_Lcd_Out_row
0x0139	0x0870      	MOVF       R0, 0
0x013A	0x00BC      	MOVWF      FARG_Lcd_Out_column
0x013B	0x3066      	MOVLW      ?lstr39_ECG_3220x4
0x013C	0x00BD      	MOVWF      FARG_Lcd_Out_text
0x013D	0x2081      	CALL       _Lcd_Out
0x013E	0x0AB7      	INCF       FARG_ERotate_r, 1
0x013F	0x1903      	BTFSC      STATUS, 2
0x0140	0x0AB8      	INCF       FARG_ERotate_r+1, 1
;ECG 20x4.c,149 :: 		r=checkR(r);
0x0141	0x0837      	MOVF       FARG_ERotate_r, 0
0x0142	0x00BB      	MOVWF      FARG_checkR_x
0x0143	0x0838      	MOVF       FARG_ERotate_r+1, 0
0x0144	0x00BC      	MOVWF      FARG_checkR_x+1
0x0145	0x20C2      	CALL       _checkR
0x0146	0x0870      	MOVF       R0, 0
0x0147	0x00B7      	MOVWF      FARG_ERotate_r
0x0148	0x0871      	MOVF       R0+1, 0
0x0149	0x00B8      	MOVWF      FARG_ERotate_r+1
;ECG 20x4.c,150 :: 		LCD_Out(1,r++,"c");
0x014A	0x3001      	MOVLW      1
0x014B	0x00BB      	MOVWF      FARG_Lcd_Out_row
0x014C	0x0870      	MOVF       R0, 0
0x014D	0x00BC      	MOVWF      FARG_Lcd_Out_column
0x014E	0x3068      	MOVLW      ?lstr40_ECG_3220x4
0x014F	0x00BD      	MOVWF      FARG_Lcd_Out_text
0x0150	0x2081      	CALL       _Lcd_Out
0x0151	0x0AB7      	INCF       FARG_ERotate_r, 1
0x0152	0x1903      	BTFSC      STATUS, 2
0x0153	0x0AB8      	INCF       FARG_ERotate_r+1, 1
;ECG 20x4.c,151 :: 		r=checkR(r);
0x0154	0x0837      	MOVF       FARG_ERotate_r, 0
0x0155	0x00BB      	MOVWF      FARG_checkR_x
0x0156	0x0838      	MOVF       FARG_ERotate_r+1, 0
0x0157	0x00BC      	MOVWF      FARG_checkR_x+1
0x0158	0x20C2      	CALL       _checkR
0x0159	0x0870      	MOVF       R0, 0
0x015A	0x00B7      	MOVWF      FARG_ERotate_r
0x015B	0x0871      	MOVF       R0+1, 0
0x015C	0x00B8      	MOVWF      FARG_ERotate_r+1
;ECG 20x4.c,152 :: 		LCD_Out(1,r++,"a");
0x015D	0x3001      	MOVLW      1
0x015E	0x00BB      	MOVWF      FARG_Lcd_Out_row
0x015F	0x0870      	MOVF       R0, 0
0x0160	0x00BC      	MOVWF      FARG_Lcd_Out_column
0x0161	0x3050      	MOVLW      ?lstr41_ECG_3220x4
0x0162	0x00BD      	MOVWF      FARG_Lcd_Out_text
0x0163	0x2081      	CALL       _Lcd_Out
0x0164	0x0AB7      	INCF       FARG_ERotate_r, 1
0x0165	0x1903      	BTFSC      STATUS, 2
0x0166	0x0AB8      	INCF       FARG_ERotate_r+1, 1
;ECG 20x4.c,153 :: 		r=checkR(r);
0x0167	0x0837      	MOVF       FARG_ERotate_r, 0
0x0168	0x00BB      	MOVWF      FARG_checkR_x
0x0169	0x0838      	MOVF       FARG_ERotate_r+1, 0
0x016A	0x00BC      	MOVWF      FARG_checkR_x+1
0x016B	0x20C2      	CALL       _checkR
0x016C	0x0870      	MOVF       R0, 0
0x016D	0x00B7      	MOVWF      FARG_ERotate_r
0x016E	0x0871      	MOVF       R0+1, 0
0x016F	0x00B8      	MOVWF      FARG_ERotate_r+1
;ECG 20x4.c,154 :: 		LCD_Out(1,r++,"r");
0x0170	0x3001      	MOVLW      1
0x0171	0x00BB      	MOVWF      FARG_Lcd_Out_row
0x0172	0x0870      	MOVF       R0, 0
0x0173	0x00BC      	MOVWF      FARG_Lcd_Out_column
0x0174	0x3052      	MOVLW      ?lstr42_ECG_3220x4
0x0175	0x00BD      	MOVWF      FARG_Lcd_Out_text
0x0176	0x2081      	CALL       _Lcd_Out
0x0177	0x0AB7      	INCF       FARG_ERotate_r, 1
0x0178	0x1903      	BTFSC      STATUS, 2
0x0179	0x0AB8      	INCF       FARG_ERotate_r+1, 1
;ECG 20x4.c,155 :: 		r=checkR(r);
0x017A	0x0837      	MOVF       FARG_ERotate_r, 0
0x017B	0x00BB      	MOVWF      FARG_checkR_x
0x017C	0x0838      	MOVF       FARG_ERotate_r+1, 0
0x017D	0x00BC      	MOVWF      FARG_checkR_x+1
0x017E	0x20C2      	CALL       _checkR
0x017F	0x0870      	MOVF       R0, 0
0x0180	0x00B7      	MOVWF      FARG_ERotate_r
0x0181	0x0871      	MOVF       R0+1, 0
0x0182	0x00B8      	MOVWF      FARG_ERotate_r+1
;ECG 20x4.c,156 :: 		LCD_Out(1,r++,"d");
0x0183	0x3001      	MOVLW      1
0x0184	0x00BB      	MOVWF      FARG_Lcd_Out_row
0x0185	0x0870      	MOVF       R0, 0
0x0186	0x00BC      	MOVWF      FARG_Lcd_Out_column
0x0187	0x304E      	MOVLW      ?lstr43_ECG_3220x4
0x0188	0x00BD      	MOVWF      FARG_Lcd_Out_text
0x0189	0x2081      	CALL       _Lcd_Out
0x018A	0x0AB7      	INCF       FARG_ERotate_r, 1
0x018B	0x1903      	BTFSC      STATUS, 2
0x018C	0x0AB8      	INCF       FARG_ERotate_r+1, 1
;ECG 20x4.c,157 :: 		r=checkR(r);
0x018D	0x0837      	MOVF       FARG_ERotate_r, 0
0x018E	0x00BB      	MOVWF      FARG_checkR_x
0x018F	0x0838      	MOVF       FARG_ERotate_r+1, 0
0x0190	0x00BC      	MOVWF      FARG_checkR_x+1
0x0191	0x20C2      	CALL       _checkR
0x0192	0x0870      	MOVF       R0, 0
0x0193	0x00B7      	MOVWF      FARG_ERotate_r
0x0194	0x0871      	MOVF       R0+1, 0
0x0195	0x00B8      	MOVWF      FARG_ERotate_r+1
;ECG 20x4.c,158 :: 		LCD_Out(1,r++,"i");
0x0196	0x3001      	MOVLW      1
0x0197	0x00BB      	MOVWF      FARG_Lcd_Out_row
0x0198	0x0870      	MOVF       R0, 0
0x0199	0x00BC      	MOVWF      FARG_Lcd_Out_column
0x019A	0x304A      	MOVLW      ?lstr44_ECG_3220x4
0x019B	0x00BD      	MOVWF      FARG_Lcd_Out_text
0x019C	0x2081      	CALL       _Lcd_Out
0x019D	0x0AB7      	INCF       FARG_ERotate_r, 1
0x019E	0x1903      	BTFSC      STATUS, 2
0x019F	0x0AB8      	INCF       FARG_ERotate_r+1, 1
;ECG 20x4.c,159 :: 		r=checkR(r);
0x01A0	0x0837      	MOVF       FARG_ERotate_r, 0
0x01A1	0x00BB      	MOVWF      FARG_checkR_x
0x01A2	0x0838      	MOVF       FARG_ERotate_r+1, 0
0x01A3	0x00BC      	MOVWF      FARG_checkR_x+1
0x01A4	0x20C2      	CALL       _checkR
0x01A5	0x0870      	MOVF       R0, 0
0x01A6	0x00B7      	MOVWF      FARG_ERotate_r
0x01A7	0x0871      	MOVF       R0+1, 0
0x01A8	0x00B8      	MOVWF      FARG_ERotate_r+1
;ECG 20x4.c,160 :: 		LCD_Out(1,r++,"o");
0x01A9	0x3001      	MOVLW      1
0x01AA	0x00BB      	MOVWF      FARG_Lcd_Out_row
0x01AB	0x0870      	MOVF       R0, 0
0x01AC	0x00BC      	MOVWF      FARG_Lcd_Out_column
0x01AD	0x304C      	MOVLW      ?lstr45_ECG_3220x4
0x01AE	0x00BD      	MOVWF      FARG_Lcd_Out_text
0x01AF	0x2081      	CALL       _Lcd_Out
0x01B0	0x0AB7      	INCF       FARG_ERotate_r, 1
0x01B1	0x1903      	BTFSC      STATUS, 2
0x01B2	0x0AB8      	INCF       FARG_ERotate_r+1, 1
;ECG 20x4.c,161 :: 		r=checkR(r);
0x01B3	0x0837      	MOVF       FARG_ERotate_r, 0
0x01B4	0x00BB      	MOVWF      FARG_checkR_x
0x01B5	0x0838      	MOVF       FARG_ERotate_r+1, 0
0x01B6	0x00BC      	MOVWF      FARG_checkR_x+1
0x01B7	0x20C2      	CALL       _checkR
0x01B8	0x0870      	MOVF       R0, 0
0x01B9	0x00B7      	MOVWF      FARG_ERotate_r
0x01BA	0x0871      	MOVF       R0+1, 0
0x01BB	0x00B8      	MOVWF      FARG_ERotate_r+1
;ECG 20x4.c,162 :: 		LCD_Out(1,r++,"g");
0x01BC	0x3001      	MOVLW      1
0x01BD	0x00BB      	MOVWF      FARG_Lcd_Out_row
0x01BE	0x0870      	MOVF       R0, 0
0x01BF	0x00BC      	MOVWF      FARG_Lcd_Out_column
0x01C0	0x3058      	MOVLW      ?lstr46_ECG_3220x4
0x01C1	0x00BD      	MOVWF      FARG_Lcd_Out_text
0x01C2	0x2081      	CALL       _Lcd_Out
0x01C3	0x0AB7      	INCF       FARG_ERotate_r, 1
0x01C4	0x1903      	BTFSC      STATUS, 2
0x01C5	0x0AB8      	INCF       FARG_ERotate_r+1, 1
;ECG 20x4.c,163 :: 		r=checkR(r);
0x01C6	0x0837      	MOVF       FARG_ERotate_r, 0
0x01C7	0x00BB      	MOVWF      FARG_checkR_x
0x01C8	0x0838      	MOVF       FARG_ERotate_r+1, 0
0x01C9	0x00BC      	MOVWF      FARG_checkR_x+1
0x01CA	0x20C2      	CALL       _checkR
0x01CB	0x0870      	MOVF       R0, 0
0x01CC	0x00B7      	MOVWF      FARG_ERotate_r
0x01CD	0x0871      	MOVF       R0+1, 0
0x01CE	0x00B8      	MOVWF      FARG_ERotate_r+1
;ECG 20x4.c,164 :: 		LCD_Out(1,r++,"r");
0x01CF	0x3001      	MOVLW      1
0x01D0	0x00BB      	MOVWF      FARG_Lcd_Out_row
0x01D1	0x0870      	MOVF       R0, 0
0x01D2	0x00BC      	MOVWF      FARG_Lcd_Out_column
0x01D3	0x305A      	MOVLW      ?lstr47_ECG_3220x4
0x01D4	0x00BD      	MOVWF      FARG_Lcd_Out_text
0x01D5	0x2081      	CALL       _Lcd_Out
0x01D6	0x0AB7      	INCF       FARG_ERotate_r, 1
0x01D7	0x1903      	BTFSC      STATUS, 2
0x01D8	0x0AB8      	INCF       FARG_ERotate_r+1, 1
;ECG 20x4.c,165 :: 		r=checkR(r);
0x01D9	0x0837      	MOVF       FARG_ERotate_r, 0
0x01DA	0x00BB      	MOVWF      FARG_checkR_x
0x01DB	0x0838      	MOVF       FARG_ERotate_r+1, 0
0x01DC	0x00BC      	MOVWF      FARG_checkR_x+1
0x01DD	0x20C2      	CALL       _checkR
0x01DE	0x0870      	MOVF       R0, 0
0x01DF	0x00B7      	MOVWF      FARG_ERotate_r
0x01E0	0x0871      	MOVF       R0+1, 0
0x01E1	0x00B8      	MOVWF      FARG_ERotate_r+1
;ECG 20x4.c,166 :: 		LCD_Out(1,r++,"a");
0x01E2	0x3001      	MOVLW      1
0x01E3	0x00BB      	MOVWF      FARG_Lcd_Out_row
0x01E4	0x0870      	MOVF       R0, 0
0x01E5	0x00BC      	MOVWF      FARG_Lcd_Out_column
0x01E6	0x3056      	MOVLW      ?lstr48_ECG_3220x4
0x01E7	0x00BD      	MOVWF      FARG_Lcd_Out_text
0x01E8	0x2081      	CALL       _Lcd_Out
0x01E9	0x0AB7      	INCF       FARG_ERotate_r, 1
0x01EA	0x1903      	BTFSC      STATUS, 2
0x01EB	0x0AB8      	INCF       FARG_ERotate_r+1, 1
;ECG 20x4.c,167 :: 		r=checkR(r);
0x01EC	0x0837      	MOVF       FARG_ERotate_r, 0
0x01ED	0x00BB      	MOVWF      FARG_checkR_x
0x01EE	0x0838      	MOVF       FARG_ERotate_r+1, 0
0x01EF	0x00BC      	MOVWF      FARG_checkR_x+1
0x01F0	0x20C2      	CALL       _checkR
0x01F1	0x0870      	MOVF       R0, 0
0x01F2	0x00B7      	MOVWF      FARG_ERotate_r
0x01F3	0x0871      	MOVF       R0+1, 0
0x01F4	0x00B8      	MOVWF      FARG_ERotate_r+1
;ECG 20x4.c,168 :: 		LCD_Out(1,r++,"m");
0x01F5	0x3001      	MOVLW      1
0x01F6	0x00BB      	MOVWF      FARG_Lcd_Out_row
0x01F7	0x0870      	MOVF       R0, 0
0x01F8	0x00BC      	MOVWF      FARG_Lcd_Out_column
0x01F9	0x3054      	MOVLW      ?lstr49_ECG_3220x4
0x01FA	0x00BD      	MOVWF      FARG_Lcd_Out_text
0x01FB	0x2081      	CALL       _Lcd_Out
0x01FC	0x0AB7      	INCF       FARG_ERotate_r, 1
0x01FD	0x1903      	BTFSC      STATUS, 2
0x01FE	0x0AB8      	INCF       FARG_ERotate_r+1, 1
;ECG 20x4.c,169 :: 		r=checkR(r);
0x01FF	0x0837      	MOVF       FARG_ERotate_r, 0
0x0200	0x00BB      	MOVWF      FARG_checkR_x
0x0201	0x0838      	MOVF       FARG_ERotate_r+1, 0
0x0202	0x00BC      	MOVWF      FARG_checkR_x+1
0x0203	0x20C2      	CALL       _checkR
0x0204	0x0870      	MOVF       R0, 0
0x0205	0x00B7      	MOVWF      FARG_ERotate_r
0x0206	0x0871      	MOVF       R0+1, 0
0x0207	0x00B8      	MOVWF      FARG_ERotate_r+1
;ECG 20x4.c,170 :: 		}
L_end_ERotate:
0x0208	0x0008      	RETURN
; end of _ERotate
_LDisp:
;ECG 20x4.c,95 :: 		void LDisp()
;ECG 20x4.c,98 :: 		LCD_Out(loadRow,1,"L");
0x0209	0x3002      	MOVLW      2
0x020A	0x1683      	BSF        STATUS, 5
0x020B	0x1303      	BCF        STATUS, 6
0x020C	0x00BB      	MOVWF      FARG_Lcd_Out_row
0x020D	0x3001      	MOVLW      1
0x020E	0x00BC      	MOVWF      FARG_Lcd_Out_column
0x020F	0x30AC      	MOVLW      ?lstr26_ECG_3220x4
0x0210	0x00BD      	MOVWF      FARG_Lcd_Out_text
0x0211	0x2081      	CALL       _Lcd_Out
;ECG 20x4.c,99 :: 		Delay_ms(LDelay);
0x0212	0x3003      	MOVLW      3
0x0213	0x00FC      	MOVWF      R12
0x0214	0x3097      	MOVLW      151
0x0215	0x00FD      	MOVWF      R13
L_LDisp25:
0x0216	0x0BFD      	DECFSZ     R13, 1
0x0217	0x2A16      	GOTO       L_LDisp25
0x0218	0x0BFC      	DECFSZ     R12, 1
0x0219	0x2A16      	GOTO       L_LDisp25
0x021A	0x0000      	NOP
0x021B	0x0000      	NOP
;ECG 20x4.c,100 :: 		LCD_Out(loadRow,2,"o");
0x021C	0x3002      	MOVLW      2
0x021D	0x00BB      	MOVWF      FARG_Lcd_Out_row
0x021E	0x3002      	MOVLW      2
0x021F	0x00BC      	MOVWF      FARG_Lcd_Out_column
0x0220	0x30B0      	MOVLW      ?lstr27_ECG_3220x4
0x0221	0x00BD      	MOVWF      FARG_Lcd_Out_text
0x0222	0x2081      	CALL       _Lcd_Out
;ECG 20x4.c,101 :: 		Delay_ms(LDelay);
0x0223	0x3003      	MOVLW      3
0x0224	0x00FC      	MOVWF      R12
0x0225	0x3097      	MOVLW      151
0x0226	0x00FD      	MOVWF      R13
L_LDisp26:
0x0227	0x0BFD      	DECFSZ     R13, 1
0x0228	0x2A27      	GOTO       L_LDisp26
0x0229	0x0BFC      	DECFSZ     R12, 1
0x022A	0x2A27      	GOTO       L_LDisp26
0x022B	0x0000      	NOP
0x022C	0x0000      	NOP
;ECG 20x4.c,102 :: 		LCD_Out(loadRow,3,"a");
0x022D	0x3002      	MOVLW      2
0x022E	0x00BB      	MOVWF      FARG_Lcd_Out_row
0x022F	0x3003      	MOVLW      3
0x0230	0x00BC      	MOVWF      FARG_Lcd_Out_column
0x0231	0x30AE      	MOVLW      ?lstr28_ECG_3220x4
0x0232	0x00BD      	MOVWF      FARG_Lcd_Out_text
0x0233	0x2081      	CALL       _Lcd_Out
;ECG 20x4.c,103 :: 		Delay_ms(LDelay);
0x0234	0x3003      	MOVLW      3
0x0235	0x00FC      	MOVWF      R12
0x0236	0x3097      	MOVLW      151
0x0237	0x00FD      	MOVWF      R13
L_LDisp27:
0x0238	0x0BFD      	DECFSZ     R13, 1
0x0239	0x2A38      	GOTO       L_LDisp27
0x023A	0x0BFC      	DECFSZ     R12, 1
0x023B	0x2A38      	GOTO       L_LDisp27
0x023C	0x0000      	NOP
0x023D	0x0000      	NOP
;ECG 20x4.c,104 :: 		LCD_Out(loadRow,4,"d");
0x023E	0x3002      	MOVLW      2
0x023F	0x00BB      	MOVWF      FARG_Lcd_Out_row
0x0240	0x3004      	MOVLW      4
0x0241	0x00BC      	MOVWF      FARG_Lcd_Out_column
0x0242	0x30A6      	MOVLW      ?lstr29_ECG_3220x4
0x0243	0x00BD      	MOVWF      FARG_Lcd_Out_text
0x0244	0x2081      	CALL       _Lcd_Out
;ECG 20x4.c,105 :: 		Delay_ms(LDelay);
0x0245	0x3003      	MOVLW      3
0x0246	0x00FC      	MOVWF      R12
0x0247	0x3097      	MOVLW      151
0x0248	0x00FD      	MOVWF      R13
L_LDisp28:
0x0249	0x0BFD      	DECFSZ     R13, 1
0x024A	0x2A49      	GOTO       L_LDisp28
0x024B	0x0BFC      	DECFSZ     R12, 1
0x024C	0x2A49      	GOTO       L_LDisp28
0x024D	0x0000      	NOP
0x024E	0x0000      	NOP
;ECG 20x4.c,106 :: 		LCD_Out(loadRow,5,"i");
0x024F	0x3002      	MOVLW      2
0x0250	0x00BB      	MOVWF      FARG_Lcd_Out_row
0x0251	0x3005      	MOVLW      5
0x0252	0x00BC      	MOVWF      FARG_Lcd_Out_column
0x0253	0x30A4      	MOVLW      ?lstr30_ECG_3220x4
0x0254	0x00BD      	MOVWF      FARG_Lcd_Out_text
0x0255	0x2081      	CALL       _Lcd_Out
;ECG 20x4.c,107 :: 		Delay_ms(LDelay);
0x0256	0x3003      	MOVLW      3
0x0257	0x00FC      	MOVWF      R12
0x0258	0x3097      	MOVLW      151
0x0259	0x00FD      	MOVWF      R13
L_LDisp29:
0x025A	0x0BFD      	DECFSZ     R13, 1
0x025B	0x2A5A      	GOTO       L_LDisp29
0x025C	0x0BFC      	DECFSZ     R12, 1
0x025D	0x2A5A      	GOTO       L_LDisp29
0x025E	0x0000      	NOP
0x025F	0x0000      	NOP
;ECG 20x4.c,108 :: 		LCD_Out(loadRow,6,"n");
0x0260	0x3002      	MOVLW      2
0x0261	0x00BB      	MOVWF      FARG_Lcd_Out_row
0x0262	0x3006      	MOVLW      6
0x0263	0x00BC      	MOVWF      FARG_Lcd_Out_column
0x0264	0x30A2      	MOVLW      ?lstr31_ECG_3220x4
0x0265	0x00BD      	MOVWF      FARG_Lcd_Out_text
0x0266	0x2081      	CALL       _Lcd_Out
;ECG 20x4.c,109 :: 		Delay_ms(LDelay);
0x0267	0x3003      	MOVLW      3
0x0268	0x00FC      	MOVWF      R12
0x0269	0x3097      	MOVLW      151
0x026A	0x00FD      	MOVWF      R13
L_LDisp30:
0x026B	0x0BFD      	DECFSZ     R13, 1
0x026C	0x2A6B      	GOTO       L_LDisp30
0x026D	0x0BFC      	DECFSZ     R12, 1
0x026E	0x2A6B      	GOTO       L_LDisp30
0x026F	0x0000      	NOP
0x0270	0x0000      	NOP
;ECG 20x4.c,110 :: 		LCD_Out(loadRow,7,"g");
0x0271	0x3002      	MOVLW      2
0x0272	0x00BB      	MOVWF      FARG_Lcd_Out_row
0x0273	0x3007      	MOVLW      7
0x0274	0x00BC      	MOVWF      FARG_Lcd_Out_column
0x0275	0x30AA      	MOVLW      ?lstr32_ECG_3220x4
0x0276	0x00BD      	MOVWF      FARG_Lcd_Out_text
0x0277	0x2081      	CALL       _Lcd_Out
;ECG 20x4.c,111 :: 		Delay_ms(LDelay);
0x0278	0x3003      	MOVLW      3
0x0279	0x00FC      	MOVWF      R12
0x027A	0x3097      	MOVLW      151
0x027B	0x00FD      	MOVWF      R13
L_LDisp31:
0x027C	0x0BFD      	DECFSZ     R13, 1
0x027D	0x2A7C      	GOTO       L_LDisp31
0x027E	0x0BFC      	DECFSZ     R12, 1
0x027F	0x2A7C      	GOTO       L_LDisp31
0x0280	0x0000      	NOP
0x0281	0x0000      	NOP
;ECG 20x4.c,112 :: 		for(i=0;i<3;i++)
0x0282	0x01B7      	CLRF       LDisp_i_L0
0x0283	0x01B8      	CLRF       LDisp_i_L0+1
L_LDisp32:
0x0284	0x3080      	MOVLW      128
0x0285	0x0638      	XORWF      LDisp_i_L0+1, 0
0x0286	0x00F0      	MOVWF      R0
0x0287	0x3080      	MOVLW      128
0x0288	0x0270      	SUBWF      R0, 0
0x0289	0x1D03      	BTFSS      STATUS, 2
0x028A	0x2A8D      	GOTO       L__LDisp50
0x028B	0x3003      	MOVLW      3
0x028C	0x0237      	SUBWF      LDisp_i_L0, 0
L__LDisp50:
0x028D	0x1803      	BTFSC      STATUS, 0
0x028E	0x2AC6      	GOTO       L_LDisp33
;ECG 20x4.c,114 :: 		for(j=8;j<11;j++)
0x028F	0x3008      	MOVLW      8
0x0290	0x00B9      	MOVWF      LDisp_j_L0
0x0291	0x3000      	MOVLW      0
0x0292	0x00BA      	MOVWF      LDisp_j_L0+1
L_LDisp35:
0x0293	0x3080      	MOVLW      128
0x0294	0x063A      	XORWF      LDisp_j_L0+1, 0
0x0295	0x00F0      	MOVWF      R0
0x0296	0x3080      	MOVLW      128
0x0297	0x0270      	SUBWF      R0, 0
0x0298	0x1D03      	BTFSS      STATUS, 2
0x0299	0x2A9C      	GOTO       L__LDisp51
0x029A	0x300B      	MOVLW      11
0x029B	0x0239      	SUBWF      LDisp_j_L0, 0
L__LDisp51:
0x029C	0x1803      	BTFSC      STATUS, 0
0x029D	0x2AC2      	GOTO       L_LDisp36
;ECG 20x4.c,116 :: 		Lcd_Cmd(_LCD_CURSOR_OFF);
0x029E	0x300C      	MOVLW      12
0x029F	0x00C0      	MOVWF      FARG_Lcd_Cmd_out_char
0x02A0	0x201A      	CALL       _Lcd_Cmd
;ECG 20x4.c,117 :: 		LCD_Out(2,j,".");
0x02A1	0x3002      	MOVLW      2
0x02A2	0x1683      	BSF        STATUS, 5
0x02A3	0x00BB      	MOVWF      FARG_Lcd_Out_row
0x02A4	0x0839      	MOVF       LDisp_j_L0, 0
0x02A5	0x00BC      	MOVWF      FARG_Lcd_Out_column
0x02A6	0x30A8      	MOVLW      ?lstr33_ECG_3220x4
0x02A7	0x00BD      	MOVWF      FARG_Lcd_Out_text
0x02A8	0x2081      	CALL       _Lcd_Out
;ECG 20x4.c,118 :: 		Delay_ms(750);
0x02A9	0x3008      	MOVLW      8
0x02AA	0x00FB      	MOVWF      R11
0x02AB	0x309D      	MOVLW      157
0x02AC	0x00FC      	MOVWF      R12
0x02AD	0x3005      	MOVLW      5
0x02AE	0x00FD      	MOVWF      R13
L_LDisp38:
0x02AF	0x0BFD      	DECFSZ     R13, 1
0x02B0	0x2AAF      	GOTO       L_LDisp38
0x02B1	0x0BFC      	DECFSZ     R12, 1
0x02B2	0x2AAF      	GOTO       L_LDisp38
0x02B3	0x0BFB      	DECFSZ     R11, 1
0x02B4	0x2AAF      	GOTO       L_LDisp38
0x02B5	0x0000      	NOP
0x02B6	0x0000      	NOP
;ECG 20x4.c,119 :: 		LCD_Out(2,j," ");
0x02B7	0x3002      	MOVLW      2
0x02B8	0x00BB      	MOVWF      FARG_Lcd_Out_row
0x02B9	0x0839      	MOVF       LDisp_j_L0, 0
0x02BA	0x00BC      	MOVWF      FARG_Lcd_Out_column
0x02BB	0x30A0      	MOVLW      ?lstr34_ECG_3220x4
0x02BC	0x00BD      	MOVWF      FARG_Lcd_Out_text
0x02BD	0x2081      	CALL       _Lcd_Out
;ECG 20x4.c,114 :: 		for(j=8;j<11;j++)
0x02BE	0x0AB9      	INCF       LDisp_j_L0, 1
0x02BF	0x1903      	BTFSC      STATUS, 2
0x02C0	0x0ABA      	INCF       LDisp_j_L0+1, 1
;ECG 20x4.c,120 :: 		}
0x02C1	0x2A93      	GOTO       L_LDisp35
L_LDisp36:
;ECG 20x4.c,112 :: 		for(i=0;i<3;i++)
0x02C2	0x0AB7      	INCF       LDisp_i_L0, 1
0x02C3	0x1903      	BTFSC      STATUS, 2
0x02C4	0x0AB8      	INCF       LDisp_i_L0+1, 1
;ECG 20x4.c,121 :: 		}
0x02C5	0x2A84      	GOTO       L_LDisp32
L_LDisp33:
;ECG 20x4.c,122 :: 		}
L_end_LDisp:
0x02C6	0x0008      	RETURN
; end of _LDisp
_HDisp:
;ECG 20x4.c,34 :: 		void HDisp()
;ECG 20x4.c,36 :: 		LCD_Out(1,1,"E");
0x02C7	0x3001      	MOVLW      1
0x02C8	0x1683      	BSF        STATUS, 5
0x02C9	0x1303      	BCF        STATUS, 6
0x02CA	0x00BB      	MOVWF      FARG_Lcd_Out_row
0x02CB	0x3001      	MOVLW      1
0x02CC	0x00BC      	MOVWF      FARG_Lcd_Out_column
0x02CD	0x303A      	MOVLW      ?lstr1_ECG_3220x4
0x02CE	0x00BD      	MOVWF      FARG_Lcd_Out_text
0x02CF	0x2081      	CALL       _Lcd_Out
;ECG 20x4.c,37 :: 		Delay_ms(HDelay);
0x02D0	0x3003      	MOVLW      3
0x02D1	0x00FC      	MOVWF      R12
0x02D2	0x3097      	MOVLW      151
0x02D3	0x00FD      	MOVWF      R13
L_HDisp0:
0x02D4	0x0BFD      	DECFSZ     R13, 1
0x02D5	0x2AD4      	GOTO       L_HDisp0
0x02D6	0x0BFC      	DECFSZ     R12, 1
0x02D7	0x2AD4      	GOTO       L_HDisp0
0x02D8	0x0000      	NOP
0x02D9	0x0000      	NOP
;ECG 20x4.c,38 :: 		LCD_Out(1,2,"c");
0x02DA	0x3001      	MOVLW      1
0x02DB	0x00BB      	MOVWF      FARG_Lcd_Out_row
0x02DC	0x3002      	MOVLW      2
0x02DD	0x00BC      	MOVWF      FARG_Lcd_Out_column
0x02DE	0x303C      	MOVLW      ?lstr2_ECG_3220x4
0x02DF	0x00BD      	MOVWF      FARG_Lcd_Out_text
0x02E0	0x2081      	CALL       _Lcd_Out
;ECG 20x4.c,39 :: 		Delay_ms(HDelay);
0x02E1	0x3003      	MOVLW      3
0x02E2	0x00FC      	MOVWF      R12
0x02E3	0x3097      	MOVLW      151
0x02E4	0x00FD      	MOVWF      R13
L_HDisp1:
0x02E5	0x0BFD      	DECFSZ     R13, 1
0x02E6	0x2AE5      	GOTO       L_HDisp1
0x02E7	0x0BFC      	DECFSZ     R12, 1
0x02E8	0x2AE5      	GOTO       L_HDisp1
0x02E9	0x0000      	NOP
0x02EA	0x0000      	NOP
;ECG 20x4.c,40 :: 		LCD_Out(1,3,"h");
0x02EB	0x3001      	MOVLW      1
0x02EC	0x00BB      	MOVWF      FARG_Lcd_Out_row
0x02ED	0x3003      	MOVLW      3
0x02EE	0x00BC      	MOVWF      FARG_Lcd_Out_column
0x02EF	0x3038      	MOVLW      ?lstr3_ECG_3220x4
0x02F0	0x00BD      	MOVWF      FARG_Lcd_Out_text
0x02F1	0x2081      	CALL       _Lcd_Out
;ECG 20x4.c,41 :: 		Delay_ms(HDelay);
0x02F2	0x3003      	MOVLW      3
0x02F3	0x00FC      	MOVWF      R12
0x02F4	0x3097      	MOVLW      151
0x02F5	0x00FD      	MOVWF      R13
L_HDisp2:
0x02F6	0x0BFD      	DECFSZ     R13, 1
0x02F7	0x2AF6      	GOTO       L_HDisp2
0x02F8	0x0BFC      	DECFSZ     R12, 1
0x02F9	0x2AF6      	GOTO       L_HDisp2
0x02FA	0x0000      	NOP
0x02FB	0x0000      	NOP
;ECG 20x4.c,42 :: 		LCD_Out(1,4,"o");
0x02FC	0x3001      	MOVLW      1
0x02FD	0x00BB      	MOVWF      FARG_Lcd_Out_row
0x02FE	0x3004      	MOVLW      4
0x02FF	0x00BC      	MOVWF      FARG_Lcd_Out_column
0x0300	0x3034      	MOVLW      ?lstr4_ECG_3220x4
0x0301	0x00BD      	MOVWF      FARG_Lcd_Out_text
0x0302	0x2081      	CALL       _Lcd_Out
;ECG 20x4.c,43 :: 		Delay_ms(HDelay);
0x0303	0x3003      	MOVLW      3
0x0304	0x00FC      	MOVWF      R12
0x0305	0x3097      	MOVLW      151
0x0306	0x00FD      	MOVWF      R13
L_HDisp3:
0x0307	0x0BFD      	DECFSZ     R13, 1
0x0308	0x2B07      	GOTO       L_HDisp3
0x0309	0x0BFC      	DECFSZ     R12, 1
0x030A	0x2B07      	GOTO       L_HDisp3
0x030B	0x0000      	NOP
0x030C	0x0000      	NOP
;ECG 20x4.c,44 :: 		LCD_Out(1,5,"c");
0x030D	0x3001      	MOVLW      1
0x030E	0x00BB      	MOVWF      FARG_Lcd_Out_row
0x030F	0x3005      	MOVLW      5
0x0310	0x00BC      	MOVWF      FARG_Lcd_Out_column
0x0311	0x3036      	MOVLW      ?lstr5_ECG_3220x4
0x0312	0x00BD      	MOVWF      FARG_Lcd_Out_text
0x0313	0x2081      	CALL       _Lcd_Out
;ECG 20x4.c,45 :: 		Delay_ms(HDelay);
0x0314	0x3003      	MOVLW      3
0x0315	0x00FC      	MOVWF      R12
0x0316	0x3097      	MOVLW      151
0x0317	0x00FD      	MOVWF      R13
L_HDisp4:
0x0318	0x0BFD      	DECFSZ     R13, 1
0x0319	0x2B18      	GOTO       L_HDisp4
0x031A	0x0BFC      	DECFSZ     R12, 1
0x031B	0x2B18      	GOTO       L_HDisp4
0x031C	0x0000      	NOP
0x031D	0x0000      	NOP
;ECG 20x4.c,46 :: 		LCD_Out(1,6,"a");
0x031E	0x3001      	MOVLW      1
0x031F	0x00BB      	MOVWF      FARG_Lcd_Out_row
0x0320	0x3006      	MOVLW      6
0x0321	0x00BC      	MOVWF      FARG_Lcd_Out_column
0x0322	0x3044      	MOVLW      ?lstr6_ECG_3220x4
0x0323	0x00BD      	MOVWF      FARG_Lcd_Out_text
0x0324	0x2081      	CALL       _Lcd_Out
;ECG 20x4.c,47 :: 		Delay_ms(HDelay);
0x0325	0x3003      	MOVLW      3
0x0326	0x00FC      	MOVWF      R12
0x0327	0x3097      	MOVLW      151
0x0328	0x00FD      	MOVWF      R13
L_HDisp5:
0x0329	0x0BFD      	DECFSZ     R13, 1
0x032A	0x2B29      	GOTO       L_HDisp5
0x032B	0x0BFC      	DECFSZ     R12, 1
0x032C	0x2B29      	GOTO       L_HDisp5
0x032D	0x0000      	NOP
0x032E	0x0000      	NOP
;ECG 20x4.c,48 :: 		LCD_Out(1,7,"r");
0x032F	0x3001      	MOVLW      1
0x0330	0x00BB      	MOVWF      FARG_Lcd_Out_row
0x0331	0x3007      	MOVLW      7
0x0332	0x00BC      	MOVWF      FARG_Lcd_Out_column
0x0333	0x3046      	MOVLW      ?lstr7_ECG_3220x4
0x0334	0x00BD      	MOVWF      FARG_Lcd_Out_text
0x0335	0x2081      	CALL       _Lcd_Out
;ECG 20x4.c,49 :: 		Delay_ms(HDelay);
0x0336	0x3003      	MOVLW      3
0x0337	0x00FC      	MOVWF      R12
0x0338	0x3097      	MOVLW      151
0x0339	0x00FD      	MOVWF      R13
L_HDisp6:
0x033A	0x0BFD      	DECFSZ     R13, 1
0x033B	0x2B3A      	GOTO       L_HDisp6
0x033C	0x0BFC      	DECFSZ     R12, 1
0x033D	0x2B3A      	GOTO       L_HDisp6
0x033E	0x0000      	NOP
0x033F	0x0000      	NOP
;ECG 20x4.c,50 :: 		LCD_Out(1,8,"d");
0x0340	0x3001      	MOVLW      1
0x0341	0x00BB      	MOVWF      FARG_Lcd_Out_row
0x0342	0x3008      	MOVLW      8
0x0343	0x00BC      	MOVWF      FARG_Lcd_Out_column
0x0344	0x3042      	MOVLW      ?lstr8_ECG_3220x4
0x0345	0x00BD      	MOVWF      FARG_Lcd_Out_text
0x0346	0x2081      	CALL       _Lcd_Out
;ECG 20x4.c,51 :: 		Delay_ms(HDelay);
0x0347	0x3003      	MOVLW      3
0x0348	0x00FC      	MOVWF      R12
0x0349	0x3097      	MOVLW      151
0x034A	0x00FD      	MOVWF      R13
L_HDisp7:
0x034B	0x0BFD      	DECFSZ     R13, 1
0x034C	0x2B4B      	GOTO       L_HDisp7
0x034D	0x0BFC      	DECFSZ     R12, 1
0x034E	0x2B4B      	GOTO       L_HDisp7
0x034F	0x0000      	NOP
0x0350	0x0000      	NOP
;ECG 20x4.c,52 :: 		LCD_Out(1,9,"i");
0x0351	0x3001      	MOVLW      1
0x0352	0x00BB      	MOVWF      FARG_Lcd_Out_row
0x0353	0x3009      	MOVLW      9
0x0354	0x00BC      	MOVWF      FARG_Lcd_Out_column
0x0355	0x303E      	MOVLW      ?lstr9_ECG_3220x4
0x0356	0x00BD      	MOVWF      FARG_Lcd_Out_text
0x0357	0x2081      	CALL       _Lcd_Out
;ECG 20x4.c,53 :: 		Delay_ms(HDelay);
0x0358	0x3003      	MOVLW      3
0x0359	0x00FC      	MOVWF      R12
0x035A	0x3097      	MOVLW      151
0x035B	0x00FD      	MOVWF      R13
L_HDisp8:
0x035C	0x0BFD      	DECFSZ     R13, 1
0x035D	0x2B5C      	GOTO       L_HDisp8
0x035E	0x0BFC      	DECFSZ     R12, 1
0x035F	0x2B5C      	GOTO       L_HDisp8
0x0360	0x0000      	NOP
0x0361	0x0000      	NOP
;ECG 20x4.c,54 :: 		LCD_Out(1,10,"o");
0x0362	0x3001      	MOVLW      1
0x0363	0x00BB      	MOVWF      FARG_Lcd_Out_row
0x0364	0x300A      	MOVLW      10
0x0365	0x00BC      	MOVWF      FARG_Lcd_Out_column
0x0366	0x3040      	MOVLW      ?lstr10_ECG_3220x4
0x0367	0x00BD      	MOVWF      FARG_Lcd_Out_text
0x0368	0x2081      	CALL       _Lcd_Out
;ECG 20x4.c,55 :: 		Delay_ms(HDelay);
0x0369	0x3003      	MOVLW      3
0x036A	0x00FC      	MOVWF      R12
0x036B	0x3097      	MOVLW      151
0x036C	0x00FD      	MOVWF      R13
L_HDisp9:
0x036D	0x0BFD      	DECFSZ     R13, 1
0x036E	0x2B6D      	GOTO       L_HDisp9
0x036F	0x0BFC      	DECFSZ     R12, 1
0x0370	0x2B6D      	GOTO       L_HDisp9
0x0371	0x0000      	NOP
0x0372	0x0000      	NOP
;ECG 20x4.c,56 :: 		LCD_Out(1,11,"g");
0x0373	0x3001      	MOVLW      1
0x0374	0x00BB      	MOVWF      FARG_Lcd_Out_row
0x0375	0x300B      	MOVLW      11
0x0376	0x00BC      	MOVWF      FARG_Lcd_Out_column
0x0377	0x3026      	MOVLW      ?lstr11_ECG_3220x4
0x0378	0x00BD      	MOVWF      FARG_Lcd_Out_text
0x0379	0x2081      	CALL       _Lcd_Out
;ECG 20x4.c,57 :: 		Delay_ms(HDelay);
0x037A	0x3003      	MOVLW      3
0x037B	0x00FC      	MOVWF      R12
0x037C	0x3097      	MOVLW      151
0x037D	0x00FD      	MOVWF      R13
L_HDisp10:
0x037E	0x0BFD      	DECFSZ     R13, 1
0x037F	0x2B7E      	GOTO       L_HDisp10
0x0380	0x0BFC      	DECFSZ     R12, 1
0x0381	0x2B7E      	GOTO       L_HDisp10
0x0382	0x0000      	NOP
0x0383	0x0000      	NOP
;ECG 20x4.c,58 :: 		LCD_Out(1,12,"r");
0x0384	0x3001      	MOVLW      1
0x0385	0x00BB      	MOVWF      FARG_Lcd_Out_row
0x0386	0x300C      	MOVLW      12
0x0387	0x00BC      	MOVWF      FARG_Lcd_Out_column
0x0388	0x3028      	MOVLW      ?lstr12_ECG_3220x4
0x0389	0x00BD      	MOVWF      FARG_Lcd_Out_text
0x038A	0x2081      	CALL       _Lcd_Out
;ECG 20x4.c,59 :: 		Delay_ms(HDelay);
0x038B	0x3003      	MOVLW      3
0x038C	0x00FC      	MOVWF      R12
0x038D	0x3097      	MOVLW      151
0x038E	0x00FD      	MOVWF      R13
L_HDisp11:
0x038F	0x0BFD      	DECFSZ     R13, 1
0x0390	0x2B8F      	GOTO       L_HDisp11
0x0391	0x0BFC      	DECFSZ     R12, 1
0x0392	0x2B8F      	GOTO       L_HDisp11
0x0393	0x0000      	NOP
0x0394	0x0000      	NOP
;ECG 20x4.c,60 :: 		LCD_Out(1,13,"a");
0x0395	0x3001      	MOVLW      1
0x0396	0x00BB      	MOVWF      FARG_Lcd_Out_row
0x0397	0x300D      	MOVLW      13
0x0398	0x00BC      	MOVWF      FARG_Lcd_Out_column
0x0399	0x3024      	MOVLW      ?lstr13_ECG_3220x4
0x039A	0x00BD      	MOVWF      FARG_Lcd_Out_text
0x039B	0x2081      	CALL       _Lcd_Out
;ECG 20x4.c,61 :: 		Delay_ms(HDelay);
0x039C	0x3003      	MOVLW      3
0x039D	0x00FC      	MOVWF      R12
0x039E	0x3097      	MOVLW      151
0x039F	0x00FD      	MOVWF      R13
L_HDisp12:
0x03A0	0x0BFD      	DECFSZ     R13, 1
0x03A1	0x2BA0      	GOTO       L_HDisp12
0x03A2	0x0BFC      	DECFSZ     R12, 1
0x03A3	0x2BA0      	GOTO       L_HDisp12
0x03A4	0x0000      	NOP
0x03A5	0x0000      	NOP
;ECG 20x4.c,62 :: 		LCD_Out(1,14,"m");
0x03A6	0x3001      	MOVLW      1
0x03A7	0x00BB      	MOVWF      FARG_Lcd_Out_row
0x03A8	0x300E      	MOVLW      14
0x03A9	0x00BC      	MOVWF      FARG_Lcd_Out_column
0x03AA	0x3020      	MOVLW      ?lstr14_ECG_3220x4
0x03AB	0x00BD      	MOVWF      FARG_Lcd_Out_text
0x03AC	0x2081      	CALL       _Lcd_Out
;ECG 20x4.c,63 :: 		Delay_ms(HDelay);
0x03AD	0x3003      	MOVLW      3
0x03AE	0x00FC      	MOVWF      R12
0x03AF	0x3097      	MOVLW      151
0x03B0	0x00FD      	MOVWF      R13
L_HDisp13:
0x03B1	0x0BFD      	DECFSZ     R13, 1
0x03B2	0x2BB1      	GOTO       L_HDisp13
0x03B3	0x0BFC      	DECFSZ     R12, 1
0x03B4	0x2BB1      	GOTO       L_HDisp13
0x03B5	0x0000      	NOP
0x03B6	0x0000      	NOP
;ECG 20x4.c,64 :: 		}
L_end_HDisp:
0x03B7	0x0008      	RETURN
; end of _HDisp
_Lcd_Init:
;__Lib_Lcd.c,84 :: 		
;__Lib_Lcd.c,86 :: 		
0x03B8	0x1683      	BSF        STATUS, 5
0x03B9	0x1303      	BCF        STATUS, 6
0x03BA	0x1187      	BCF        LCD_EN_Direction, BitPos(LCD_EN_Direction+0)
;__Lib_Lcd.c,87 :: 		
0x03BB	0x1107      	BCF        LCD_RS_Direction, BitPos(LCD_RS_Direction+0)
;__Lib_Lcd.c,88 :: 		
0x03BC	0x1207      	BCF        LCD_D4_Direction, BitPos(LCD_D4_Direction+0)
;__Lib_Lcd.c,89 :: 		
0x03BD	0x1287      	BCF        LCD_D5_Direction, BitPos(LCD_D5_Direction+0)
;__Lib_Lcd.c,90 :: 		
0x03BE	0x1307      	BCF        LCD_D6_Direction, BitPos(LCD_D6_Direction+0)
;__Lib_Lcd.c,91 :: 		
0x03BF	0x1387      	BCF        LCD_D7_Direction, BitPos(LCD_D7_Direction+0)
;__Lib_Lcd.c,93 :: 		
0x03C0	0x1283      	BCF        STATUS, 5
0x03C1	0x1187      	BCF        LCD_EN, BitPos(LCD_EN+0)
;__Lib_Lcd.c,94 :: 		
0x03C2	0x1107      	BCF        LCD_RS, BitPos(LCD_RS+0)
;__Lib_Lcd.c,95 :: 		
0x03C3	0x1387      	BCF        LCD_D7, BitPos(LCD_D7+0)
;__Lib_Lcd.c,96 :: 		
0x03C4	0x1307      	BCF        LCD_D6, BitPos(LCD_D6+0)
;__Lib_Lcd.c,97 :: 		
0x03C5	0x1287      	BCF        LCD_D5, BitPos(LCD_D5+0)
;__Lib_Lcd.c,98 :: 		
0x03C6	0x1207      	BCF        LCD_D4, BitPos(LCD_D4+0)
;__Lib_Lcd.c,100 :: 		
0x03C7	0x200D      	CALL       _Delay_5500us
;__Lib_Lcd.c,101 :: 		
0x03C8	0x200D      	CALL       _Delay_5500us
;__Lib_Lcd.c,102 :: 		
0x03C9	0x200D      	CALL       _Delay_5500us
;__Lib_Lcd.c,105 :: 		
0x03CA	0x1687      	BSF        LCD_D5, BitPos(LCD_D5+0)
;__Lib_Lcd.c,106 :: 		
0x03CB	0x1607      	BSF        LCD_D4, BitPos(LCD_D4+0)
;__Lib_Lcd.c,107 :: 		
0x03CC	0x1587      	BSF        LCD_EN, BitPos(LCD_EN+0)
;__Lib_Lcd.c,108 :: 		
0x03CD	0x2003      	CALL       _Delay_1us
;__Lib_Lcd.c,109 :: 		
0x03CE	0x1187      	BCF        LCD_EN, BitPos(LCD_EN+0)
;__Lib_Lcd.c,110 :: 		
0x03CF	0x200D      	CALL       _Delay_5500us
;__Lib_Lcd.c,112 :: 		
0x03D0	0x1587      	BSF        LCD_EN, BitPos(LCD_EN+0)
;__Lib_Lcd.c,113 :: 		
0x03D1	0x2003      	CALL       _Delay_1us
;__Lib_Lcd.c,114 :: 		
0x03D2	0x1187      	BCF        LCD_EN, BitPos(LCD_EN+0)
;__Lib_Lcd.c,115 :: 		
0x03D3	0x200D      	CALL       _Delay_5500us
;__Lib_Lcd.c,117 :: 		
0x03D4	0x1587      	BSF        LCD_EN, BitPos(LCD_EN+0)
;__Lib_Lcd.c,118 :: 		
0x03D5	0x2003      	CALL       _Delay_1us
;__Lib_Lcd.c,119 :: 		
0x03D6	0x1187      	BCF        LCD_EN, BitPos(LCD_EN+0)
;__Lib_Lcd.c,120 :: 		
0x03D7	0x200D      	CALL       _Delay_5500us
;__Lib_Lcd.c,123 :: 		
0x03D8	0x1207      	BCF        LCD_D4, BitPos(LCD_D4+0)
;__Lib_Lcd.c,124 :: 		
0x03D9	0x1587      	BSF        LCD_EN, BitPos(LCD_EN+0)
;__Lib_Lcd.c,125 :: 		
0x03DA	0x2003      	CALL       _Delay_1us
;__Lib_Lcd.c,126 :: 		
0x03DB	0x1187      	BCF        LCD_EN, BitPos(LCD_EN+0)
;__Lib_Lcd.c,127 :: 		
0x03DC	0x200D      	CALL       _Delay_5500us
;__Lib_Lcd.c,130 :: 		
0x03DD	0x1587      	BSF        LCD_EN, BitPos(LCD_EN+0)
;__Lib_Lcd.c,131 :: 		
0x03DE	0x2003      	CALL       _Delay_1us
;__Lib_Lcd.c,132 :: 		
0x03DF	0x1187      	BCF        LCD_EN, BitPos(LCD_EN+0)
;__Lib_Lcd.c,134 :: 		
0x03E0	0x1287      	BCF        LCD_D5, BitPos(LCD_D5+0)
;__Lib_Lcd.c,135 :: 		
0x03E1	0x1787      	BSF        LCD_D7, BitPos(LCD_D7+0)
;__Lib_Lcd.c,136 :: 		
0x03E2	0x1587      	BSF        LCD_EN, BitPos(LCD_EN+0)
;__Lib_Lcd.c,137 :: 		
0x03E3	0x2003      	CALL       _Delay_1us
;__Lib_Lcd.c,138 :: 		
0x03E4	0x1187      	BCF        LCD_EN, BitPos(LCD_EN+0)
;__Lib_Lcd.c,139 :: 		
0x03E5	0x200D      	CALL       _Delay_5500us
;__Lib_Lcd.c,142 :: 		
0x03E6	0x1387      	BCF        LCD_D7, BitPos(LCD_D7+0)
;__Lib_Lcd.c,143 :: 		
0x03E7	0x1607      	BSF        LCD_D4, BitPos(LCD_D4+0)
;__Lib_Lcd.c,144 :: 		
0x03E8	0x1587      	BSF        LCD_EN, BitPos(LCD_EN+0)
;__Lib_Lcd.c,145 :: 		
0x03E9	0x2003      	CALL       _Delay_1us
;__Lib_Lcd.c,146 :: 		
0x03EA	0x1187      	BCF        LCD_EN, BitPos(LCD_EN+0)
;__Lib_Lcd.c,148 :: 		
0x03EB	0x1207      	BCF        LCD_D4, BitPos(LCD_D4+0)
;__Lib_Lcd.c,149 :: 		
0x03EC	0x1587      	BSF        LCD_EN, BitPos(LCD_EN+0)
;__Lib_Lcd.c,150 :: 		
0x03ED	0x2003      	CALL       _Delay_1us
;__Lib_Lcd.c,151 :: 		
0x03EE	0x1187      	BCF        LCD_EN, BitPos(LCD_EN+0)
;__Lib_Lcd.c,152 :: 		
0x03EF	0x200D      	CALL       _Delay_5500us
;__Lib_Lcd.c,155 :: 		
0x03F0	0x1587      	BSF        LCD_EN, BitPos(LCD_EN+0)
;__Lib_Lcd.c,156 :: 		
0x03F1	0x2003      	CALL       _Delay_1us
;__Lib_Lcd.c,157 :: 		
0x03F2	0x1187      	BCF        LCD_EN, BitPos(LCD_EN+0)
;__Lib_Lcd.c,159 :: 		
0x03F3	0x1607      	BSF        LCD_D4, BitPos(LCD_D4+0)
;__Lib_Lcd.c,160 :: 		
0x03F4	0x1587      	BSF        LCD_EN, BitPos(LCD_EN+0)
;__Lib_Lcd.c,161 :: 		
0x03F5	0x2003      	CALL       _Delay_1us
;__Lib_Lcd.c,162 :: 		
0x03F6	0x1187      	BCF        LCD_EN, BitPos(LCD_EN+0)
;__Lib_Lcd.c,163 :: 		
0x03F7	0x200D      	CALL       _Delay_5500us
;__Lib_Lcd.c,166 :: 		
0x03F8	0x1207      	BCF        LCD_D4, BitPos(LCD_D4+0)
;__Lib_Lcd.c,167 :: 		
0x03F9	0x1587      	BSF        LCD_EN, BitPos(LCD_EN+0)
;__Lib_Lcd.c,168 :: 		
0x03FA	0x2003      	CALL       _Delay_1us
;__Lib_Lcd.c,169 :: 		
0x03FB	0x1187      	BCF        LCD_EN, BitPos(LCD_EN+0)
;__Lib_Lcd.c,171 :: 		
0x03FC	0x1787      	BSF        LCD_D7, BitPos(LCD_D7+0)
;__Lib_Lcd.c,172 :: 		
0x03FD	0x1707      	BSF        LCD_D6, BitPos(LCD_D6+0)
;__Lib_Lcd.c,173 :: 		
0x03FE	0x1687      	BSF        LCD_D5, BitPos(LCD_D5+0)
;__Lib_Lcd.c,174 :: 		
0x03FF	0x1607      	BSF        LCD_D4, BitPos(LCD_D4+0)
;__Lib_Lcd.c,175 :: 		
0x0400	0x1587      	BSF        LCD_EN, BitPos(LCD_EN+0)
;__Lib_Lcd.c,176 :: 		
0x0401	0x2003      	CALL       _Delay_1us
;__Lib_Lcd.c,177 :: 		
0x0402	0x1187      	BCF        LCD_EN, BitPos(LCD_EN+0)
;__Lib_Lcd.c,179 :: 		
0x0403	0x200D      	CALL       _Delay_5500us
;__Lib_Lcd.c,181 :: 		
0x0404	0x1683      	BSF        STATUS, 5
0x0405	0x1432      	BSF        __Lib_Lcd_cmd_status, BitPos(__Lib_Lcd_cmd_status+0)
;__Lib_Lcd.c,182 :: 		
L_end_Lcd_Init:
0x0406	0x0008      	RETURN
; end of _Lcd_Init
_byDisp:
;ECG 20x4.c,67 :: 		void byDisp()
;ECG 20x4.c,70 :: 		LCD_Out(byRow,9,"-");
0x0407	0x3004      	MOVLW      4
0x0408	0x1683      	BSF        STATUS, 5
0x0409	0x1303      	BCF        STATUS, 6
0x040A	0x00BB      	MOVWF      FARG_Lcd_Out_row
0x040B	0x3009      	MOVLW      9
0x040C	0x00BC      	MOVWF      FARG_Lcd_Out_column
0x040D	0x3022      	MOVLW      ?lstr15_ECG_3220x4
0x040E	0x00BD      	MOVWF      FARG_Lcd_Out_text
0x040F	0x2081      	CALL       _Lcd_Out
;ECG 20x4.c,71 :: 		Delay_ms(ByDelay);
0x0410	0x3003      	MOVLW      3
0x0411	0x00FC      	MOVWF      R12
0x0412	0x3097      	MOVLW      151
0x0413	0x00FD      	MOVWF      R13
L_byDisp14:
0x0414	0x0BFD      	DECFSZ     R13, 1
0x0415	0x2C14      	GOTO       L_byDisp14
0x0416	0x0BFC      	DECFSZ     R12, 1
0x0417	0x2C14      	GOTO       L_byDisp14
0x0418	0x0000      	NOP
0x0419	0x0000      	NOP
;ECG 20x4.c,72 :: 		LCD_Out(byRow,10,"B");
0x041A	0x3004      	MOVLW      4
0x041B	0x00BB      	MOVWF      FARG_Lcd_Out_row
0x041C	0x300A      	MOVLW      10
0x041D	0x00BC      	MOVWF      FARG_Lcd_Out_column
0x041E	0x3030      	MOVLW      ?lstr16_ECG_3220x4
0x041F	0x00BD      	MOVWF      FARG_Lcd_Out_text
0x0420	0x2081      	CALL       _Lcd_Out
;ECG 20x4.c,73 :: 		Delay_ms(ByDelay);
0x0421	0x3003      	MOVLW      3
0x0422	0x00FC      	MOVWF      R12
0x0423	0x3097      	MOVLW      151
0x0424	0x00FD      	MOVWF      R13
L_byDisp15:
0x0425	0x0BFD      	DECFSZ     R13, 1
0x0426	0x2C25      	GOTO       L_byDisp15
0x0427	0x0BFC      	DECFSZ     R12, 1
0x0428	0x2C25      	GOTO       L_byDisp15
0x0429	0x0000      	NOP
0x042A	0x0000      	NOP
;ECG 20x4.c,74 :: 		LCD_Out(byRow,11,"y");
0x042B	0x3004      	MOVLW      4
0x042C	0x00BB      	MOVWF      FARG_Lcd_Out_row
0x042D	0x300B      	MOVLW      11
0x042E	0x00BC      	MOVWF      FARG_Lcd_Out_column
0x042F	0x3032      	MOVLW      ?lstr17_ECG_3220x4
0x0430	0x00BD      	MOVWF      FARG_Lcd_Out_text
0x0431	0x2081      	CALL       _Lcd_Out
;ECG 20x4.c,75 :: 		Delay_ms(ByDelay);
0x0432	0x3003      	MOVLW      3
0x0433	0x00FC      	MOVWF      R12
0x0434	0x3097      	MOVLW      151
0x0435	0x00FD      	MOVWF      R13
L_byDisp16:
0x0436	0x0BFD      	DECFSZ     R13, 1
0x0437	0x2C36      	GOTO       L_byDisp16
0x0438	0x0BFC      	DECFSZ     R12, 1
0x0439	0x2C36      	GOTO       L_byDisp16
0x043A	0x0000      	NOP
0x043B	0x0000      	NOP
;ECG 20x4.c,76 :: 		LCD_Out(byRow,12," ");
0x043C	0x3004      	MOVLW      4
0x043D	0x00BB      	MOVWF      FARG_Lcd_Out_row
0x043E	0x300C      	MOVLW      12
0x043F	0x00BC      	MOVWF      FARG_Lcd_Out_column
0x0440	0x302E      	MOVLW      ?lstr18_ECG_3220x4
0x0441	0x00BD      	MOVWF      FARG_Lcd_Out_text
0x0442	0x2081      	CALL       _Lcd_Out
;ECG 20x4.c,77 :: 		Delay_ms(ByDelay);
0x0443	0x3003      	MOVLW      3
0x0444	0x00FC      	MOVWF      R12
0x0445	0x3097      	MOVLW      151
0x0446	0x00FD      	MOVWF      R13
L_byDisp17:
0x0447	0x0BFD      	DECFSZ     R13, 1
0x0448	0x2C47      	GOTO       L_byDisp17
0x0449	0x0BFC      	DECFSZ     R12, 1
0x044A	0x2C47      	GOTO       L_byDisp17
0x044B	0x0000      	NOP
0x044C	0x0000      	NOP
;ECG 20x4.c,78 :: 		LCD_Out(byRow,13,"K");
0x044D	0x3004      	MOVLW      4
0x044E	0x00BB      	MOVWF      FARG_Lcd_Out_row
0x044F	0x300D      	MOVLW      13
0x0450	0x00BC      	MOVWF      FARG_Lcd_Out_column
0x0451	0x302A      	MOVLW      ?lstr19_ECG_3220x4
0x0452	0x00BD      	MOVWF      FARG_Lcd_Out_text
0x0453	0x2081      	CALL       _Lcd_Out
;ECG 20x4.c,79 :: 		Delay_ms(ByDelay);
0x0454	0x3003      	MOVLW      3
0x0455	0x00FC      	MOVWF      R12
0x0456	0x3097      	MOVLW      151
0x0457	0x00FD      	MOVWF      R13
L_byDisp18:
0x0458	0x0BFD      	DECFSZ     R13, 1
0x0459	0x2C58      	GOTO       L_byDisp18
0x045A	0x0BFC      	DECFSZ     R12, 1
0x045B	0x2C58      	GOTO       L_byDisp18
0x045C	0x0000      	NOP
0x045D	0x0000      	NOP
;ECG 20x4.c,80 :: 		LCD_Out(byRow,14,"i");
0x045E	0x3004      	MOVLW      4
0x045F	0x00BB      	MOVWF      FARG_Lcd_Out_row
0x0460	0x300E      	MOVLW      14
0x0461	0x00BC      	MOVWF      FARG_Lcd_Out_column
0x0462	0x302C      	MOVLW      ?lstr20_ECG_3220x4
0x0463	0x00BD      	MOVWF      FARG_Lcd_Out_text
0x0464	0x2081      	CALL       _Lcd_Out
;ECG 20x4.c,81 :: 		Delay_ms(ByDelay);
0x0465	0x3003      	MOVLW      3
0x0466	0x00FC      	MOVWF      R12
0x0467	0x3097      	MOVLW      151
0x0468	0x00FD      	MOVWF      R13
L_byDisp19:
0x0469	0x0BFD      	DECFSZ     R13, 1
0x046A	0x2C69      	GOTO       L_byDisp19
0x046B	0x0BFC      	DECFSZ     R12, 1
0x046C	0x2C69      	GOTO       L_byDisp19
0x046D	0x0000      	NOP
0x046E	0x0000      	NOP
;ECG 20x4.c,82 :: 		LCD_Out(byRow,15,"n");
0x046F	0x3004      	MOVLW      4
0x0470	0x00BB      	MOVWF      FARG_Lcd_Out_row
0x0471	0x300F      	MOVLW      15
0x0472	0x00BC      	MOVWF      FARG_Lcd_Out_column
0x0473	0x3048      	MOVLW      ?lstr21_ECG_3220x4
0x0474	0x00BD      	MOVWF      FARG_Lcd_Out_text
0x0475	0x2081      	CALL       _Lcd_Out
;ECG 20x4.c,83 :: 		Delay_ms(ByDelay);
0x0476	0x3003      	MOVLW      3
0x0477	0x00FC      	MOVWF      R12
0x0478	0x3097      	MOVLW      151
0x0479	0x00FD      	MOVWF      R13
L_byDisp20:
0x047A	0x0BFD      	DECFSZ     R13, 1
0x047B	0x2C7A      	GOTO       L_byDisp20
0x047C	0x0BFC      	DECFSZ     R12, 1
0x047D	0x2C7A      	GOTO       L_byDisp20
0x047E	0x0000      	NOP
0x047F	0x0000      	NOP
;ECG 20x4.c,84 :: 		LCD_Out(byRow,16,"g");
0x0480	0x3004      	MOVLW      4
0x0481	0x00BB      	MOVWF      FARG_Lcd_Out_row
0x0482	0x3010      	MOVLW      16
0x0483	0x00BC      	MOVWF      FARG_Lcd_Out_column
0x0484	0x3062      	MOVLW      ?lstr22_ECG_3220x4
0x0485	0x00BD      	MOVWF      FARG_Lcd_Out_text
0x0486	0x2081      	CALL       _Lcd_Out
;ECG 20x4.c,85 :: 		Delay_ms(ByDelay);
0x0487	0x3003      	MOVLW      3
0x0488	0x00FC      	MOVWF      R12
0x0489	0x3097      	MOVLW      151
0x048A	0x00FD      	MOVWF      R13
L_byDisp21:
0x048B	0x0BFD      	DECFSZ     R13, 1
0x048C	0x2C8B      	GOTO       L_byDisp21
0x048D	0x0BFC      	DECFSZ     R12, 1
0x048E	0x2C8B      	GOTO       L_byDisp21
0x048F	0x0000      	NOP
0x0490	0x0000      	NOP
;ECG 20x4.c,86 :: 		LCD_Out(byRow,17,"s");
0x0491	0x3004      	MOVLW      4
0x0492	0x00BB      	MOVWF      FARG_Lcd_Out_row
0x0493	0x3011      	MOVLW      17
0x0494	0x00BC      	MOVWF      FARG_Lcd_Out_column
0x0495	0x3064      	MOVLW      ?lstr23_ECG_3220x4
0x0496	0x00BD      	MOVWF      FARG_Lcd_Out_text
0x0497	0x2081      	CALL       _Lcd_Out
;ECG 20x4.c,87 :: 		Delay_ms(ByDelay);
0x0498	0x3003      	MOVLW      3
0x0499	0x00FC      	MOVWF      R12
0x049A	0x3097      	MOVLW      151
0x049B	0x00FD      	MOVWF      R13
L_byDisp22:
0x049C	0x0BFD      	DECFSZ     R13, 1
0x049D	0x2C9C      	GOTO       L_byDisp22
0x049E	0x0BFC      	DECFSZ     R12, 1
0x049F	0x2C9C      	GOTO       L_byDisp22
0x04A0	0x0000      	NOP
0x04A1	0x0000      	NOP
;ECG 20x4.c,88 :: 		LCD_Out(byRow,18,"p");
0x04A2	0x3004      	MOVLW      4
0x04A3	0x00BB      	MOVWF      FARG_Lcd_Out_row
0x04A4	0x3012      	MOVLW      18
0x04A5	0x00BC      	MOVWF      FARG_Lcd_Out_column
0x04A6	0x3060      	MOVLW      ?lstr24_ECG_3220x4
0x04A7	0x00BD      	MOVWF      FARG_Lcd_Out_text
0x04A8	0x2081      	CALL       _Lcd_Out
;ECG 20x4.c,89 :: 		Delay_ms(ByDelay);
0x04A9	0x3003      	MOVLW      3
0x04AA	0x00FC      	MOVWF      R12
0x04AB	0x3097      	MOVLW      151
0x04AC	0x00FD      	MOVWF      R13
L_byDisp23:
0x04AD	0x0BFD      	DECFSZ     R13, 1
0x04AE	0x2CAD      	GOTO       L_byDisp23
0x04AF	0x0BFC      	DECFSZ     R12, 1
0x04B0	0x2CAD      	GOTO       L_byDisp23
0x04B1	0x0000      	NOP
0x04B2	0x0000      	NOP
;ECG 20x4.c,90 :: 		LCD_Out(byRow,19,"p");
0x04B3	0x3004      	MOVLW      4
0x04B4	0x00BB      	MOVWF      FARG_Lcd_Out_row
0x04B5	0x3013      	MOVLW      19
0x04B6	0x00BC      	MOVWF      FARG_Lcd_Out_column
0x04B7	0x305C      	MOVLW      ?lstr25_ECG_3220x4
0x04B8	0x00BD      	MOVWF      FARG_Lcd_Out_text
0x04B9	0x2081      	CALL       _Lcd_Out
;ECG 20x4.c,91 :: 		Delay_ms(ByDelay);
0x04BA	0x3003      	MOVLW      3
0x04BB	0x00FC      	MOVWF      R12
0x04BC	0x3097      	MOVLW      151
0x04BD	0x00FD      	MOVWF      R13
L_byDisp24:
0x04BE	0x0BFD      	DECFSZ     R13, 1
0x04BF	0x2CBE      	GOTO       L_byDisp24
0x04C0	0x0BFC      	DECFSZ     R12, 1
0x04C1	0x2CBE      	GOTO       L_byDisp24
0x04C2	0x0000      	NOP
0x04C3	0x0000      	NOP
;ECG 20x4.c,92 :: 		}
L_end_byDisp:
0x04C4	0x0008      	RETURN
; end of _byDisp
___CC2DW:
;__Lib_System.c,134 :: 		
;__Lib_System.c,137 :: 		
_CC2D_Loop1:
;__Lib_System.c,139 :: 		
0x04C5	0x20D7      	CALL       _____DoICP
0x04C6	0x118A      	BCF        PCLATH, 3
0x04C7	0x120A      	BCF        PCLATH, 4
;__Lib_System.c,141 :: 		
0x04C8	0x0080      	MOVWF      INDF
;__Lib_System.c,142 :: 		
0x04C9	0x0A84      	INCF       FSR, 1
;__Lib_System.c,143 :: 		
0x04CA	0x0AB3      	INCF       ___DoICPAddr, 1
;__Lib_System.c,145 :: 		
0x04CB	0x1903      	BTFSC      STATUS, 2
;__Lib_System.c,146 :: 		
0x04CC	0x0AB4      	INCF       ___DoICPAddr+1, 1
;__Lib_System.c,147 :: 		
0x04CD	0x03F0      	DECF       R0, 1
;__Lib_System.c,149 :: 		
0x04CE	0x1D03      	BTFSS      STATUS, 2
;__Lib_System.c,150 :: 		
0x04CF	0x2CC5      	GOTO       _CC2D_Loop1
;__Lib_System.c,152 :: 		
L_end___CC2DW:
0x04D0	0x0008      	RETURN
; end of ___CC2DW
_main:
0x04D1	0x2572      	CALL       1394
;ECG 20x4.c,176 :: 		void main() {
;ECG 20x4.c,177 :: 		int i=1;
0x04D2	0x3001      	MOVLW      1
0x04D3	0x1683      	BSF        STATUS, 5
0x04D4	0x1303      	BCF        STATUS, 6
0x04D5	0x00B5      	MOVWF      main_i_L0
0x04D6	0x3000      	MOVLW      0
0x04D7	0x00B6      	MOVWF      main_i_L0+1
;ECG 20x4.c,178 :: 		TRISA = inPut;  // Make Port A as Input
0x04D8	0x30FF      	MOVLW      255
0x04D9	0x0085      	MOVWF      TRISA
;ECG 20x4.c,179 :: 		ADCON1 = 0x80;  // Pic ADC Configuration
0x04DA	0x3080      	MOVLW      128
0x04DB	0x009F      	MOVWF      ADCON1
;ECG 20x4.c,180 :: 		Lcd_Init();// Initialize LCD
0x04DC	0x23B8      	CALL       _Lcd_Init
;ECG 20x4.c,181 :: 		HDisp();
0x04DD	0x22C7      	CALL       _HDisp
;ECG 20x4.c,182 :: 		byDisp();
0x04DE	0x2407      	CALL       _byDisp
;ECG 20x4.c,183 :: 		LDisp();
0x04DF	0x2209      	CALL       _LDisp
;ECG 20x4.c,184 :: 		Lcd_Cmd(_LCD_CLEAR);
0x04E0	0x3001      	MOVLW      1
0x04E1	0x00C0      	MOVWF      FARG_Lcd_Cmd_out_char
0x04E2	0x201A      	CALL       _Lcd_Cmd
;ECG 20x4.c,185 :: 		byDisp();
0x04E3	0x2407      	CALL       _byDisp
;ECG 20x4.c,187 :: 		while(1)
L_main43:
;ECG 20x4.c,189 :: 		ERotate(i);
0x04E4	0x0835      	MOVF       main_i_L0, 0
0x04E5	0x00B7      	MOVWF      FARG_ERotate_r
0x04E6	0x0836      	MOVF       main_i_L0+1, 0
0x04E7	0x00B8      	MOVWF      FARG_ERotate_r+1
0x04E8	0x20DE      	CALL       _ERotate
;ECG 20x4.c,190 :: 		Delay_ms(RDelay);
0x04E9	0x3006      	MOVLW      6
0x04EA	0x00FB      	MOVWF      R11
0x04EB	0x3013      	MOVLW      19
0x04EC	0x00FC      	MOVWF      R12
0x04ED	0x30AD      	MOVLW      173
0x04EE	0x00FD      	MOVWF      R13
L_main45:
0x04EF	0x0BFD      	DECFSZ     R13, 1
0x04F0	0x2CEF      	GOTO       L_main45
0x04F1	0x0BFC      	DECFSZ     R12, 1
0x04F2	0x2CEF      	GOTO       L_main45
0x04F3	0x0BFB      	DECFSZ     R11, 1
0x04F4	0x2CEF      	GOTO       L_main45
0x04F5	0x0000      	NOP
0x04F6	0x0000      	NOP
;ECG 20x4.c,191 :: 		i++;
0x04F7	0x0AB5      	INCF       main_i_L0, 1
0x04F8	0x1903      	BTFSC      STATUS, 2
0x04F9	0x0AB6      	INCF       main_i_L0+1, 1
;ECG 20x4.c,192 :: 		if(i>20)
0x04FA	0x3080      	MOVLW      128
0x04FB	0x00F0      	MOVWF      R0
0x04FC	0x3080      	MOVLW      128
0x04FD	0x0636      	XORWF      main_i_L0+1, 0
0x04FE	0x0270      	SUBWF      R0, 0
0x04FF	0x1D03      	BTFSS      STATUS, 2
0x0500	0x2D03      	GOTO       L__main57
0x0501	0x0835      	MOVF       main_i_L0, 0
0x0502	0x3C14      	SUBLW      20
L__main57:
0x0503	0x1803      	BTFSC      STATUS, 0
0x0504	0x2D09      	GOTO       L_main46
;ECG 20x4.c,193 :: 		i=1;
0x0505	0x3001      	MOVLW      1
0x0506	0x00B5      	MOVWF      main_i_L0
0x0507	0x3000      	MOVLW      0
0x0508	0x00B6      	MOVWF      main_i_L0+1
L_main46:
;ECG 20x4.c,194 :: 		}
0x0509	0x2CE4      	GOTO       L_main43
;ECG 20x4.c,200 :: 		}
L_end_main:
0x050A	0x2D0A      	GOTO       $+0
; end of _main
0x0572	0x3020      	MOVLW      32
0x0573	0x0084      	MOVWF      FSR
0x0574	0x3050      	MOVLW      80
0x0575	0x1283      	BCF        STATUS, 5
0x0576	0x1303      	BCF        STATUS, 6
0x0577	0x00F0      	MOVWF      R0
0x0578	0x3010      	MOVLW      16
0x0579	0x1683      	BSF        STATUS, 5
0x057A	0x00B3      	MOVWF      ___DoICPAddr
0x057B	0x3005      	MOVLW      5
0x057C	0x00B4      	MOVWF      180
0x057D	0x24C5      	CALL       1221
0x057E	0x30A0      	MOVLW      160
0x057F	0x0084      	MOVWF      FSR
0x0580	0x3012      	MOVLW      18
0x0581	0x1283      	BCF        STATUS, 5
0x0582	0x00F0      	MOVWF      R0
0x0583	0x3060      	MOVLW      96
0x0584	0x1683      	BSF        STATUS, 5
0x0585	0x00B3      	MOVWF      ___DoICPAddr
0x0586	0x3005      	MOVLW      5
0x0587	0x00B4      	MOVWF      180
0x0588	0x24C5      	CALL       1221
0x0589	0x0008      	RETURN
;ECG 20x4.c,0 :: ?ICS?lstr14_ECG_3220x4
0x0510	0x346D ;?ICS?lstr14_ECG_3220x4+0
0x0511	0x3400 ;?ICS?lstr14_ECG_3220x4+1
; end of ?ICS?lstr14_ECG_3220x4
;ECG 20x4.c,0 :: ?ICS?lstr15_ECG_3220x4
0x0512	0x342D ;?ICS?lstr15_ECG_3220x4+0
0x0513	0x3400 ;?ICS?lstr15_ECG_3220x4+1
; end of ?ICS?lstr15_ECG_3220x4
;ECG 20x4.c,0 :: ?ICS?lstr13_ECG_3220x4
0x0514	0x3461 ;?ICS?lstr13_ECG_3220x4+0
0x0515	0x3400 ;?ICS?lstr13_ECG_3220x4+1
; end of ?ICS?lstr13_ECG_3220x4
;ECG 20x4.c,0 :: ?ICS?lstr11_ECG_3220x4
0x0516	0x3467 ;?ICS?lstr11_ECG_3220x4+0
0x0517	0x3400 ;?ICS?lstr11_ECG_3220x4+1
; end of ?ICS?lstr11_ECG_3220x4
;ECG 20x4.c,0 :: ?ICS?lstr12_ECG_3220x4
0x0518	0x3472 ;?ICS?lstr12_ECG_3220x4+0
0x0519	0x3400 ;?ICS?lstr12_ECG_3220x4+1
; end of ?ICS?lstr12_ECG_3220x4
;ECG 20x4.c,0 :: ?ICS?lstr19_ECG_3220x4
0x051A	0x344B ;?ICS?lstr19_ECG_3220x4+0
0x051B	0x3400 ;?ICS?lstr19_ECG_3220x4+1
; end of ?ICS?lstr19_ECG_3220x4
;ECG 20x4.c,0 :: ?ICS?lstr20_ECG_3220x4
0x051C	0x3469 ;?ICS?lstr20_ECG_3220x4+0
0x051D	0x3400 ;?ICS?lstr20_ECG_3220x4+1
; end of ?ICS?lstr20_ECG_3220x4
;ECG 20x4.c,0 :: ?ICS?lstr18_ECG_3220x4
0x051E	0x3420 ;?ICS?lstr18_ECG_3220x4+0
0x051F	0x3400 ;?ICS?lstr18_ECG_3220x4+1
; end of ?ICS?lstr18_ECG_3220x4
;ECG 20x4.c,0 :: ?ICS?lstr16_ECG_3220x4
0x0520	0x3442 ;?ICS?lstr16_ECG_3220x4+0
0x0521	0x3400 ;?ICS?lstr16_ECG_3220x4+1
; end of ?ICS?lstr16_ECG_3220x4
;ECG 20x4.c,0 :: ?ICS?lstr17_ECG_3220x4
0x0522	0x3479 ;?ICS?lstr17_ECG_3220x4+0
0x0523	0x3400 ;?ICS?lstr17_ECG_3220x4+1
; end of ?ICS?lstr17_ECG_3220x4
;ECG 20x4.c,0 :: ?ICS?lstr4_ECG_3220x4
0x0524	0x346F ;?ICS?lstr4_ECG_3220x4+0
0x0525	0x3400 ;?ICS?lstr4_ECG_3220x4+1
; end of ?ICS?lstr4_ECG_3220x4
;ECG 20x4.c,0 :: ?ICS?lstr5_ECG_3220x4
0x0526	0x3463 ;?ICS?lstr5_ECG_3220x4+0
0x0527	0x3400 ;?ICS?lstr5_ECG_3220x4+1
; end of ?ICS?lstr5_ECG_3220x4
;ECG 20x4.c,0 :: ?ICS?lstr3_ECG_3220x4
0x0528	0x3468 ;?ICS?lstr3_ECG_3220x4+0
0x0529	0x3400 ;?ICS?lstr3_ECG_3220x4+1
; end of ?ICS?lstr3_ECG_3220x4
;ECG 20x4.c,0 :: ?ICS?lstr1_ECG_3220x4
0x052A	0x3445 ;?ICS?lstr1_ECG_3220x4+0
0x052B	0x3400 ;?ICS?lstr1_ECG_3220x4+1
; end of ?ICS?lstr1_ECG_3220x4
;ECG 20x4.c,0 :: ?ICS?lstr2_ECG_3220x4
0x052C	0x3463 ;?ICS?lstr2_ECG_3220x4+0
0x052D	0x3400 ;?ICS?lstr2_ECG_3220x4+1
; end of ?ICS?lstr2_ECG_3220x4
;ECG 20x4.c,0 :: ?ICS?lstr9_ECG_3220x4
0x052E	0x3469 ;?ICS?lstr9_ECG_3220x4+0
0x052F	0x3400 ;?ICS?lstr9_ECG_3220x4+1
; end of ?ICS?lstr9_ECG_3220x4
;ECG 20x4.c,0 :: ?ICS?lstr10_ECG_3220x4
0x0530	0x346F ;?ICS?lstr10_ECG_3220x4+0
0x0531	0x3400 ;?ICS?lstr10_ECG_3220x4+1
; end of ?ICS?lstr10_ECG_3220x4
;ECG 20x4.c,0 :: ?ICS?lstr8_ECG_3220x4
0x0532	0x3464 ;?ICS?lstr8_ECG_3220x4+0
0x0533	0x3400 ;?ICS?lstr8_ECG_3220x4+1
; end of ?ICS?lstr8_ECG_3220x4
;ECG 20x4.c,0 :: ?ICS?lstr6_ECG_3220x4
0x0534	0x3461 ;?ICS?lstr6_ECG_3220x4+0
0x0535	0x3400 ;?ICS?lstr6_ECG_3220x4+1
; end of ?ICS?lstr6_ECG_3220x4
;ECG 20x4.c,0 :: ?ICS?lstr7_ECG_3220x4
0x0536	0x3472 ;?ICS?lstr7_ECG_3220x4+0
0x0537	0x3400 ;?ICS?lstr7_ECG_3220x4+1
; end of ?ICS?lstr7_ECG_3220x4
;ECG 20x4.c,0 :: ?ICS?lstr21_ECG_3220x4
0x0538	0x346E ;?ICS?lstr21_ECG_3220x4+0
0x0539	0x3400 ;?ICS?lstr21_ECG_3220x4+1
; end of ?ICS?lstr21_ECG_3220x4
;ECG 20x4.c,0 :: ?ICS?lstr44_ECG_3220x4
0x053A	0x3469 ;?ICS?lstr44_ECG_3220x4+0
0x053B	0x3400 ;?ICS?lstr44_ECG_3220x4+1
; end of ?ICS?lstr44_ECG_3220x4
;ECG 20x4.c,0 :: ?ICS?lstr45_ECG_3220x4
0x053C	0x346F ;?ICS?lstr45_ECG_3220x4+0
0x053D	0x3400 ;?ICS?lstr45_ECG_3220x4+1
; end of ?ICS?lstr45_ECG_3220x4
;ECG 20x4.c,0 :: ?ICS?lstr43_ECG_3220x4
0x053E	0x3464 ;?ICS?lstr43_ECG_3220x4+0
0x053F	0x3400 ;?ICS?lstr43_ECG_3220x4+1
; end of ?ICS?lstr43_ECG_3220x4
;ECG 20x4.c,0 :: ?ICS?lstr41_ECG_3220x4
0x0540	0x3461 ;?ICS?lstr41_ECG_3220x4+0
0x0541	0x3400 ;?ICS?lstr41_ECG_3220x4+1
; end of ?ICS?lstr41_ECG_3220x4
;ECG 20x4.c,0 :: ?ICS?lstr42_ECG_3220x4
0x0542	0x3472 ;?ICS?lstr42_ECG_3220x4+0
0x0543	0x3400 ;?ICS?lstr42_ECG_3220x4+1
; end of ?ICS?lstr42_ECG_3220x4
;ECG 20x4.c,0 :: ?ICS?lstr49_ECG_3220x4
0x0544	0x346D ;?ICS?lstr49_ECG_3220x4+0
0x0545	0x3400 ;?ICS?lstr49_ECG_3220x4+1
; end of ?ICS?lstr49_ECG_3220x4
;ECG 20x4.c,0 :: ?ICS?lstr48_ECG_3220x4
0x0546	0x3461 ;?ICS?lstr48_ECG_3220x4+0
0x0547	0x3400 ;?ICS?lstr48_ECG_3220x4+1
; end of ?ICS?lstr48_ECG_3220x4
;ECG 20x4.c,0 :: ?ICS?lstr46_ECG_3220x4
0x0548	0x3467 ;?ICS?lstr46_ECG_3220x4+0
0x0549	0x3400 ;?ICS?lstr46_ECG_3220x4+1
; end of ?ICS?lstr46_ECG_3220x4
;ECG 20x4.c,0 :: ?ICS?lstr47_ECG_3220x4
0x054A	0x3472 ;?ICS?lstr47_ECG_3220x4+0
0x054B	0x3400 ;?ICS?lstr47_ECG_3220x4+1
; end of ?ICS?lstr47_ECG_3220x4
;ECG 20x4.c,0 :: ?ICS?lstr25_ECG_3220x4
0x054C	0x3470 ;?ICS?lstr25_ECG_3220x4+0
0x054D	0x3400 ;?ICS?lstr25_ECG_3220x4+1
; end of ?ICS?lstr25_ECG_3220x4
;ECG 20x4.c,0 :: ?ICS?lstr35_ECG_3220x4
0x054E	0x3420 ;?ICS?lstr35_ECG_3220x4+0
0x054F	0x3400 ;?ICS?lstr35_ECG_3220x4+1
; end of ?ICS?lstr35_ECG_3220x4
;ECG 20x4.c,0 :: ?ICS?lstr24_ECG_3220x4
0x0550	0x3470 ;?ICS?lstr24_ECG_3220x4+0
0x0551	0x3400 ;?ICS?lstr24_ECG_3220x4+1
; end of ?ICS?lstr24_ECG_3220x4
;ECG 20x4.c,0 :: ?ICS?lstr22_ECG_3220x4
0x0552	0x3467 ;?ICS?lstr22_ECG_3220x4+0
0x0553	0x3400 ;?ICS?lstr22_ECG_3220x4+1
; end of ?ICS?lstr22_ECG_3220x4
;ECG 20x4.c,0 :: ?ICS?lstr23_ECG_3220x4
0x0554	0x3473 ;?ICS?lstr23_ECG_3220x4+0
0x0555	0x3400 ;?ICS?lstr23_ECG_3220x4+1
; end of ?ICS?lstr23_ECG_3220x4
;ECG 20x4.c,0 :: ?ICS?lstr39_ECG_3220x4
0x0556	0x346F ;?ICS?lstr39_ECG_3220x4+0
0x0557	0x3400 ;?ICS?lstr39_ECG_3220x4+1
; end of ?ICS?lstr39_ECG_3220x4
;ECG 20x4.c,0 :: ?ICS?lstr40_ECG_3220x4
0x0558	0x3463 ;?ICS?lstr40_ECG_3220x4+0
0x0559	0x3400 ;?ICS?lstr40_ECG_3220x4+1
; end of ?ICS?lstr40_ECG_3220x4
;ECG 20x4.c,0 :: ?ICS?lstr38_ECG_3220x4
0x055A	0x3468 ;?ICS?lstr38_ECG_3220x4+0
0x055B	0x3400 ;?ICS?lstr38_ECG_3220x4+1
; end of ?ICS?lstr38_ECG_3220x4
;ECG 20x4.c,0 :: ?ICS?lstr36_ECG_3220x4
0x055C	0x3445 ;?ICS?lstr36_ECG_3220x4+0
0x055D	0x3400 ;?ICS?lstr36_ECG_3220x4+1
; end of ?ICS?lstr36_ECG_3220x4
;ECG 20x4.c,0 :: ?ICS?lstr37_ECG_3220x4
0x055E	0x3463 ;?ICS?lstr37_ECG_3220x4+0
0x055F	0x3400 ;?ICS?lstr37_ECG_3220x4+1
; end of ?ICS?lstr37_ECG_3220x4
;ECG 20x4.c,0 :: ?ICS?lstr34_ECG_3220x4
0x0560	0x3420 ;?ICS?lstr34_ECG_3220x4+0
0x0561	0x3400 ;?ICS?lstr34_ECG_3220x4+1
; end of ?ICS?lstr34_ECG_3220x4
;ECG 20x4.c,0 :: ?ICS?lstr31_ECG_3220x4
0x0562	0x346E ;?ICS?lstr31_ECG_3220x4+0
0x0563	0x3400 ;?ICS?lstr31_ECG_3220x4+1
; end of ?ICS?lstr31_ECG_3220x4
;ECG 20x4.c,0 :: ?ICS?lstr30_ECG_3220x4
0x0564	0x3469 ;?ICS?lstr30_ECG_3220x4+0
0x0565	0x3400 ;?ICS?lstr30_ECG_3220x4+1
; end of ?ICS?lstr30_ECG_3220x4
;ECG 20x4.c,0 :: ?ICS?lstr29_ECG_3220x4
0x0566	0x3464 ;?ICS?lstr29_ECG_3220x4+0
0x0567	0x3400 ;?ICS?lstr29_ECG_3220x4+1
; end of ?ICS?lstr29_ECG_3220x4
;ECG 20x4.c,0 :: ?ICS?lstr33_ECG_3220x4
0x0568	0x342E ;?ICS?lstr33_ECG_3220x4+0
0x0569	0x3400 ;?ICS?lstr33_ECG_3220x4+1
; end of ?ICS?lstr33_ECG_3220x4
;ECG 20x4.c,0 :: ?ICS?lstr32_ECG_3220x4
0x056A	0x3467 ;?ICS?lstr32_ECG_3220x4+0
0x056B	0x3400 ;?ICS?lstr32_ECG_3220x4+1
; end of ?ICS?lstr32_ECG_3220x4
;ECG 20x4.c,0 :: ?ICS?lstr26_ECG_3220x4
0x056C	0x344C ;?ICS?lstr26_ECG_3220x4+0
0x056D	0x3400 ;?ICS?lstr26_ECG_3220x4+1
; end of ?ICS?lstr26_ECG_3220x4
;ECG 20x4.c,0 :: ?ICS?lstr28_ECG_3220x4
0x056E	0x3461 ;?ICS?lstr28_ECG_3220x4+0
0x056F	0x3400 ;?ICS?lstr28_ECG_3220x4+1
; end of ?ICS?lstr28_ECG_3220x4
;ECG 20x4.c,0 :: ?ICS?lstr27_ECG_3220x4
0x0570	0x346F ;?ICS?lstr27_ECG_3220x4+0
0x0571	0x3400 ;?ICS?lstr27_ECG_3220x4+1
; end of ?ICS?lstr27_ECG_3220x4
Symbol List:
//** Routines locations **
//ADDRESS    SIZE    PROCEDURE
//----------------------------------------------
0x0003       [3]    _Delay_1us
0x0006       [7]    _Delay_50us
0x000D      [13]    _Delay_5500us
0x001A      [94]    _Lcd_Cmd
0x0078       [9]    _Lcd_Chr_CP
0x0081      [65]    _Lcd_Out
0x00C2      [21]    _checkR
0x00D7       [7]    _____DoICP
0x00DE     [299]    _ERotate
0x0209     [190]    _LDisp
0x02C7     [241]    _HDisp
0x03B8      [79]    _Lcd_Init
0x0407     [190]    _byDisp
0x04C5      [12]    ___CC2DW
0x04D1      [57]    _main
//** Variables locations ** 
//ADDRESS    SIZE    VARIABLE
//----------------------------------------------
0x0000       [1]    INDF
0x0002       [1]    PCL
0x0003       [1]    STATUS
0x0004       [1]    FSR
0x0007       [0]    RC4_bit
0x0007       [0]    RC5_bit
0x0007       [0]    LCD_D7
0x0007       [0]    RC3_bit
0x0007       [0]    RC2_bit
0x0007       [0]    LCD_D6
0x0007       [0]    LCD_EN
0x0007       [0]    LCD_RS
0x0007       [0]    LCD_D4
0x0007       [0]    RC6_bit
0x0007       [0]    LCD_D5
0x0007       [0]    RC7_bit
0x000A       [1]    PCLATH
0x0020       [2]    ?lstr14_ECG_3220x4
0x0022       [2]    ?lstr15_ECG_3220x4
0x0024       [2]    ?lstr13_ECG_3220x4
0x0026       [2]    ?lstr11_ECG_3220x4
0x0028       [2]    ?lstr12_ECG_3220x4
0x002A       [2]    ?lstr19_ECG_3220x4
0x002C       [2]    ?lstr20_ECG_3220x4
0x002E       [2]    ?lstr18_ECG_3220x4
0x0030       [2]    ?lstr16_ECG_3220x4
0x0032       [2]    ?lstr17_ECG_3220x4
0x0034       [2]    ?lstr4_ECG_3220x4
0x0036       [2]    ?lstr5_ECG_3220x4
0x0038       [2]    ?lstr3_ECG_3220x4
0x003A       [2]    ?lstr1_ECG_3220x4
0x003C       [2]    ?lstr2_ECG_3220x4
0x003E       [2]    ?lstr9_ECG_3220x4
0x0040       [2]    ?lstr10_ECG_3220x4
0x0042       [2]    ?lstr8_ECG_3220x4
0x0044       [2]    ?lstr6_ECG_3220x4
0x0046       [2]    ?lstr7_ECG_3220x4
0x0048       [2]    ?lstr21_ECG_3220x4
0x004A       [2]    ?lstr44_ECG_3220x4
0x004C       [2]    ?lstr45_ECG_3220x4
0x004E       [2]    ?lstr43_ECG_3220x4
0x0050       [2]    ?lstr41_ECG_3220x4
0x0052       [2]    ?lstr42_ECG_3220x4
0x0054       [2]    ?lstr49_ECG_3220x4
0x0056       [2]    ?lstr48_ECG_3220x4
0x0058       [2]    ?lstr46_ECG_3220x4
0x005A       [2]    ?lstr47_ECG_3220x4
0x005C       [2]    ?lstr25_ECG_3220x4
0x005E       [2]    ?lstr35_ECG_3220x4
0x0060       [2]    ?lstr24_ECG_3220x4
0x0062       [2]    ?lstr22_ECG_3220x4
0x0064       [2]    ?lstr23_ECG_3220x4
0x0066       [2]    ?lstr39_ECG_3220x4
0x0068       [2]    ?lstr40_ECG_3220x4
0x006A       [2]    ?lstr38_ECG_3220x4
0x006C       [2]    ?lstr36_ECG_3220x4
0x006E       [2]    ?lstr37_ECG_3220x4
0x0070       [1]    R0
0x0071       [1]    R1
0x0072       [1]    R2
0x0073       [1]    R3
0x0074       [1]    R4
0x0075       [1]    R5
0x0076       [1]    R6
0x0077       [1]    R7
0x0078       [1]    R8
0x0079       [1]    R9
0x007A       [1]    R10
0x007B       [1]    R11
0x007C       [1]    R12
0x007D       [1]    R13
0x007E       [1]    R14
0x007F       [1]    R15
0x0085       [1]    TRISA
0x0087       [0]    TRISC7_bit
0x0087       [0]    LCD_D7_Direction
0x0087       [0]    LCD_D5_Direction
0x0087       [0]    LCD_D6_Direction
0x0087       [0]    LCD_RS_Direction
0x0087       [0]    TRISC5_bit
0x0087       [0]    TRISC4_bit
0x0087       [0]    LCD_D4_Direction
0x0087       [0]    TRISC6_bit
0x0087       [0]    TRISC3_bit
0x0087       [0]    TRISC2_bit
0x0087       [0]    LCD_EN_Direction
0x009F       [1]    ADCON1
0x00A0       [2]    ?lstr34_ECG_3220x4
0x00A2       [2]    ?lstr31_ECG_3220x4
0x00A4       [2]    ?lstr30_ECG_3220x4
0x00A6       [2]    ?lstr29_ECG_3220x4
0x00A8       [2]    ?lstr33_ECG_3220x4
0x00AA       [2]    ?lstr32_ECG_3220x4
0x00AC       [2]    ?lstr26_ECG_3220x4
0x00AE       [2]    ?lstr28_ECG_3220x4
0x00B0       [2]    ?lstr27_ECG_3220x4
0x00B2       [0]    __Lib_Lcd_cmd_status
0x00B3       [2]    ___DoICPAddr
0x00B5       [2]    main_i_L0
0x00B7       [2]    LDisp_i_L0
0x00B7       [2]    FARG_ERotate_r
0x00B9       [2]    ERotate_j_L0
0x00B9       [2]    LDisp_j_L0
0x00BB       [2]    FARG_checkR_x
0x00BB       [1]    FARG_Lcd_Out_row
0x00BC       [1]    FARG_Lcd_Out_column
0x00BD       [1]    FARG_Lcd_Out_text
0x00BE       [1]    Lcd_Out_i_L0
0x00BF       [1]    FARG_Lcd_Chr_CP_out_char
0x00C0       [1]    FARG_Lcd_Cmd_out_char
//** Constants locations ** 
//ADDRESS    SIZE    CONSTANT
//----------------------------------------------
0x0510       [2]    ?ICS?lstr14_ECG_3220x4
0x0512       [2]    ?ICS?lstr15_ECG_3220x4
0x0514       [2]    ?ICS?lstr13_ECG_3220x4
0x0516       [2]    ?ICS?lstr11_ECG_3220x4
0x0518       [2]    ?ICS?lstr12_ECG_3220x4
0x051A       [2]    ?ICS?lstr19_ECG_3220x4
0x051C       [2]    ?ICS?lstr20_ECG_3220x4
0x051E       [2]    ?ICS?lstr18_ECG_3220x4
0x0520       [2]    ?ICS?lstr16_ECG_3220x4
0x0522       [2]    ?ICS?lstr17_ECG_3220x4
0x0524       [2]    ?ICS?lstr4_ECG_3220x4
0x0526       [2]    ?ICS?lstr5_ECG_3220x4
0x0528       [2]    ?ICS?lstr3_ECG_3220x4
0x052A       [2]    ?ICS?lstr1_ECG_3220x4
0x052C       [2]    ?ICS?lstr2_ECG_3220x4
0x052E       [2]    ?ICS?lstr9_ECG_3220x4
0x0530       [2]    ?ICS?lstr10_ECG_3220x4
0x0532       [2]    ?ICS?lstr8_ECG_3220x4
0x0534       [2]    ?ICS?lstr6_ECG_3220x4
0x0536       [2]    ?ICS?lstr7_ECG_3220x4
0x0538       [2]    ?ICS?lstr21_ECG_3220x4
0x053A       [2]    ?ICS?lstr44_ECG_3220x4
0x053C       [2]    ?ICS?lstr45_ECG_3220x4
0x053E       [2]    ?ICS?lstr43_ECG_3220x4
0x0540       [2]    ?ICS?lstr41_ECG_3220x4
0x0542       [2]    ?ICS?lstr42_ECG_3220x4
0x0544       [2]    ?ICS?lstr49_ECG_3220x4
0x0546       [2]    ?ICS?lstr48_ECG_3220x4
0x0548       [2]    ?ICS?lstr46_ECG_3220x4
0x054A       [2]    ?ICS?lstr47_ECG_3220x4
0x054C       [2]    ?ICS?lstr25_ECG_3220x4
0x054E       [2]    ?ICS?lstr35_ECG_3220x4
0x0550       [2]    ?ICS?lstr24_ECG_3220x4
0x0552       [2]    ?ICS?lstr22_ECG_3220x4
0x0554       [2]    ?ICS?lstr23_ECG_3220x4
0x0556       [2]    ?ICS?lstr39_ECG_3220x4
0x0558       [2]    ?ICS?lstr40_ECG_3220x4
0x055A       [2]    ?ICS?lstr38_ECG_3220x4
0x055C       [2]    ?ICS?lstr36_ECG_3220x4
0x055E       [2]    ?ICS?lstr37_ECG_3220x4
0x0560       [2]    ?ICS?lstr34_ECG_3220x4
0x0562       [2]    ?ICS?lstr31_ECG_3220x4
0x0564       [2]    ?ICS?lstr30_ECG_3220x4
0x0566       [2]    ?ICS?lstr29_ECG_3220x4
0x0568       [2]    ?ICS?lstr33_ECG_3220x4
0x056A       [2]    ?ICS?lstr32_ECG_3220x4
0x056C       [2]    ?ICS?lstr26_ECG_3220x4
0x056E       [2]    ?ICS?lstr28_ECG_3220x4
0x0570       [2]    ?ICS?lstr27_ECG_3220x4
//** Label List: ** 
//----------------------------------------------
  L_HDisp0
  L_HDisp1
  L_HDisp2
  L_HDisp3
  L_HDisp4
  L_HDisp5
  L_HDisp6
  L_HDisp7
  L_HDisp8
  L_HDisp9
  L_HDisp10
  L_HDisp11
  L_HDisp12
  L_HDisp13
  L_byDisp14
  L_byDisp15
  L_byDisp16
  L_byDisp17
  L_byDisp18
  L_byDisp19
  L_byDisp20
  L_byDisp21
  L_byDisp22
  L_byDisp23
  L_byDisp24
  L_LDisp25
  L_LDisp26
  L_LDisp27
  L_LDisp28
  L_LDisp29
  L_LDisp30
  L_LDisp31
  L_LDisp32
  L_LDisp33
  L_LDisp34
  L_LDisp35
  L_LDisp36
  L_LDisp37
  L_LDisp38
  L_checkR39
  L_ERotate40
  L_ERotate41
  L_ERotate42
  L_main43
  L_main44
  L_main45
  L_main46
  L_end_HDisp
  _HDisp
  L_end_byDisp
  _byDisp
  L_end_LDisp
  _LDisp
  L__LDisp50
  L__LDisp51
  L_end_checkR
  _checkR
  L__checkR53
  L_end_ERotate
  _ERotate
  L__ERotate55
  L_end_main
  _main
  L__main57
  L_Delay_10us0
  L_Delay_22us1
  L_Delay_50us2
  L_Delay_80us3
  L_Delay_500us4
  L_Delay_5500us5
  L_Delay_1ms6
  L_Delay_5ms7
  L_Delay_8ms8
  L_Delay_10ms9
  L_Delay_100ms10
  L_Delay_1sec11
  L_boot16_Delay_5ms12
  L_Delay_Cyc13
  L_Delay_Cyc14
  L_VDelay_ms15
  L_VDelay_ms16
  L_VDelay_ms17
  L_VDelay_Advanced_ms18
  L_VDelay_Advanced_ms19
  L_VDelay_Advanced_ms20
  L_end_Get_Fosc_kHz
  _Get_Fosc_kHz
  L_end_Delay_1us
  _Delay_1us
  L_end_Delay_10us
  _Delay_10us
  L_end_Delay_22us
  _Delay_22us
  L_end_Delay_50us
  _Delay_50us
  L_end_Delay_80us
  _Delay_80us
  L_end_Delay_500us
  _Delay_500us
  L_end_Delay_5500us
  _Delay_5500us
  L_end_Delay_1ms
  _Delay_1ms
  L_end_Delay_5ms
  _Delay_5ms
  L_end_Delay_8ms
  _Delay_8ms
  L_end_Delay_10ms
  _Delay_10ms
  L_end_Delay_100ms
  _Delay_100ms
  L_end_Delay_1sec
  _Delay_1sec
  L_end_boot16_Delay_5ms
  _boot16_Delay_5ms
  L_end_Delay_Cyc
  _Delay_Cyc
  L_end_VDelay_ms
  _VDelay_ms
  L__VDelay_ms38
  L__VDelay_ms39
  L__VDelay_ms40
  L_end_VDelay_Advanced_ms
  _VDelay_Advanced_ms
  L__VDelay_Advanced_ms42
  L__VDelay_Advanced_ms43
  L__VDelay_Advanced_ms44
  L_Lcd_Cmd0
  L_Lcd_Cmd1
  L_Lcd_Out_CP2
  L_Lcd_Out_CP3
  L_Lcd_Chr4
  L_Lcd_Chr5
  L_Lcd_Chr6
  L_Lcd_Chr7
  L_Lcd_Chr8
  L_Lcd_Chr9
  L_Lcd_Chr10
  L_Lcd_Out11
  L_Lcd_Out12
  L_Lcd_Out13
  L_Lcd_Out14
  L_Lcd_Out15
  L_Lcd_Out16
  L_Lcd_Out17
  L_Lcd_Out18
  L_Lcd_Out19
  L_end_Lcd_Cmd
  _Lcd_Cmd
  L__Lcd_Cmd21
  L__Lcd_Cmd22
  L__Lcd_Cmd23
  L__Lcd_Cmd24
  L__Lcd_Cmd25
  L__Lcd_Cmd26
  L__Lcd_Cmd27
  L__Lcd_Cmd28
  L__Lcd_Cmd29
  L__Lcd_Cmd30
  L__Lcd_Cmd31
  L__Lcd_Cmd32
  L__Lcd_Cmd33
  L__Lcd_Cmd34
  L__Lcd_Cmd35
  L__Lcd_Cmd36
  L__Lcd_Cmd37
  L__Lcd_Cmd38
  L__Lcd_Cmd39
  L__Lcd_Cmd40
  L_end_Lcd_Chr_CP
  _Lcd_Chr_CP
  L_end_Lcd_Out_CP
  _Lcd_Out_CP
  L_end_Lcd_Chr
  _Lcd_Chr
  L_end_Lcd_Init
  _Lcd_Init
  L_end_Lcd_Out
  _Lcd_Out
  L_loopCA2AWs
  L_CA2AWend
  _CCA2AW_Loop1
  L_loopCS2Ss
  L_CS2Send
  _CCS2S_Loop1
  L_CCS2Send
  L_loopFZinSWs
  L_FZinSend
  _CC2D_Loop1
  L_end_____DoICP
  _____DoICP
  L_end_____DoIFC
  _____DoIFC
  L_end___CA2AW
  ___CA2AW
  L_end___CCA2AW
  ___CCA2AW
  L_end___CS2S
  ___CS2S
  L_end___CCS2S
  ___CCS2S
  L_end___FZinS
  ___FZinS
  L_end___CC2DW
  ___CC2DW
  L_end_Swap
  _Swap
