;  LST file generated by mikroListExporter - v.2.0 
; Date/Time: 2/9/2015 1:45:44 PM
;----------------------------------------------

;Address Opcode 	ASM
0x0000	0x2A8A      	GOTO       650
_interrupt:
0x0004	0x00FF      	MOVWF      R15
0x0005	0x0E03      	SWAPF      STATUS, 0
0x0006	0x0183      	CLRF       STATUS
0x0007	0x00DC      	MOVWF      ___saveSTATUS
0x0008	0x080A      	MOVF       PCLATH, 0
0x0009	0x00DB      	MOVWF      ___savePCLATH
0x000A	0x018A      	CLRF       PCLATH
;PiScope.c,137 :: 		void interrupt() //  ISR
;PiScope.c,139 :: 		INTCON.INTF=0; // Clear the interrupt 0 flag
0x000B	0x108B      	BCF        INTCON, 1
;PiScope.c,142 :: 		lcdClr=1;
0x000C	0x3001      	MOVLW      1
0x000D	0x00AF      	MOVWF      _lcdClr
;PiScope.c,144 :: 		}
L_end_interrupt:
L__interrupt39:
0x000E	0x085B      	MOVF       ___savePCLATH, 0
0x000F	0x008A      	MOVWF      PCLATH
0x0010	0x0E5C      	SWAPF      ___saveSTATUS, 0
0x0011	0x0083      	MOVWF      STATUS
0x0012	0x0EFF      	SWAPF      R15, 1
0x0013	0x0E7F      	SWAPF      R15, 0
0x0014	0x0009      	RETFIE
; end of _interrupt
_Delay_50us:
;__Lib_Delays.c,19 :: 		void Delay_50us() {
;__Lib_Delays.c,20 :: 		Delay_us(50);
0x0015	0x3021      	MOVLW      33
0x0016	0x1283      	BCF        STATUS, 5
0x0017	0x1303      	BCF        STATUS, 6
0x0018	0x00FD      	MOVWF      R13
L_Delay_50us2:
0x0019	0x0BFD      	DECFSZ     R13, 1
0x001A	0x2819      	GOTO       L_Delay_50us2
;__Lib_Delays.c,21 :: 		}
L_end_Delay_50us:
0x001B	0x0008      	RETURN
; end of _Delay_50us
_Delay_1us:
;__Lib_Delays.c,7 :: 		void Delay_1us() {
;__Lib_Delays.c,8 :: 		Delay_us(1);
0x001C	0x0000      	NOP
0x001D	0x0000      	NOP
;__Lib_Delays.c,9 :: 		}
L_end_Delay_1us:
0x001E	0x0008      	RETURN
; end of _Delay_1us
_Delay_5500us:
;__Lib_Delays.c,31 :: 		void Delay_5500us() {
;__Lib_Delays.c,32 :: 		Delay_us(5500);
0x001F	0x300F      	MOVLW      15
0x0020	0x1283      	BCF        STATUS, 5
0x0021	0x1303      	BCF        STATUS, 6
0x0022	0x00FC      	MOVWF      R12
0x0023	0x3047      	MOVLW      71
0x0024	0x00FD      	MOVWF      R13
L_Delay_5500us5:
0x0025	0x0BFD      	DECFSZ     R13, 1
0x0026	0x2825      	GOTO       L_Delay_5500us5
0x0027	0x0BFC      	DECFSZ     R12, 1
0x0028	0x2825      	GOTO       L_Delay_5500us5
0x0029	0x0000      	NOP
0x002A	0x0000      	NOP
;__Lib_Delays.c,33 :: 		}
L_end_Delay_5500us:
0x002B	0x0008      	RETURN
; end of _Delay_5500us
_Lcd_Cmd:
;__Lib_Lcd.c,18 :: 		
;__Lib_Lcd.c,20 :: 		
0x002C	0x1283      	BCF        STATUS, 5
0x002D	0x1303      	BCF        STATUS, 6
0x002E	0x1BED      	BTFSC      FARG_Lcd_Cmd_out_char, 7
0x002F	0x2832      	GOTO       L__Lcd_Cmd21
0x0030	0x1387      	BCF        LCD_D7, BitPos(LCD_D7+0)
0x0031	0x2833      	GOTO       L__Lcd_Cmd22
L__Lcd_Cmd21:
0x0032	0x1787      	BSF        LCD_D7, BitPos(LCD_D7+0)
L__Lcd_Cmd22:
;__Lib_Lcd.c,21 :: 		
0x0033	0x1B6D      	BTFSC      FARG_Lcd_Cmd_out_char, 6
0x0034	0x2837      	GOTO       L__Lcd_Cmd23
0x0035	0x1307      	BCF        LCD_D6, BitPos(LCD_D6+0)
0x0036	0x2838      	GOTO       L__Lcd_Cmd24
L__Lcd_Cmd23:
0x0037	0x1707      	BSF        LCD_D6, BitPos(LCD_D6+0)
L__Lcd_Cmd24:
;__Lib_Lcd.c,22 :: 		
0x0038	0x1AED      	BTFSC      FARG_Lcd_Cmd_out_char, 5
0x0039	0x283C      	GOTO       L__Lcd_Cmd25
0x003A	0x1287      	BCF        LCD_D5, BitPos(LCD_D5+0)
0x003B	0x283D      	GOTO       L__Lcd_Cmd26
L__Lcd_Cmd25:
0x003C	0x1687      	BSF        LCD_D5, BitPos(LCD_D5+0)
L__Lcd_Cmd26:
;__Lib_Lcd.c,23 :: 		
0x003D	0x1A6D      	BTFSC      FARG_Lcd_Cmd_out_char, 4
0x003E	0x2841      	GOTO       L__Lcd_Cmd27
0x003F	0x1207      	BCF        LCD_D4, BitPos(LCD_D4+0)
0x0040	0x2842      	GOTO       L__Lcd_Cmd28
L__Lcd_Cmd27:
0x0041	0x1607      	BSF        LCD_D4, BitPos(LCD_D4+0)
L__Lcd_Cmd28:
;__Lib_Lcd.c,25 :: 		
0x0042	0x185D      	BTFSC      __Lib_Lcd_cmd_status, BitPos(__Lib_Lcd_cmd_status+0)
0x0043	0x2846      	GOTO       L__Lcd_Cmd29
0x0044	0x1507      	BSF        LCD_RS, BitPos(LCD_RS+0)
0x0045	0x2847      	GOTO       L__Lcd_Cmd30
L__Lcd_Cmd29:
0x0046	0x1107      	BCF        LCD_RS, BitPos(LCD_RS+0)
L__Lcd_Cmd30:
;__Lib_Lcd.c,28 :: 		
0x0047	0x1587      	BSF        LCD_EN, BitPos(LCD_EN+0)
;__Lib_Lcd.c,29 :: 		
0x0048	0x201C      	CALL       _Delay_1us
;__Lib_Lcd.c,30 :: 		
0x0049	0x1187      	BCF        LCD_EN, BitPos(LCD_EN+0)
;__Lib_Lcd.c,33 :: 		
0x004A	0x19ED      	BTFSC      FARG_Lcd_Cmd_out_char, 3
0x004B	0x284E      	GOTO       L__Lcd_Cmd31
0x004C	0x1387      	BCF        LCD_D7, BitPos(LCD_D7+0)
0x004D	0x284F      	GOTO       L__Lcd_Cmd32
L__Lcd_Cmd31:
0x004E	0x1787      	BSF        LCD_D7, BitPos(LCD_D7+0)
L__Lcd_Cmd32:
;__Lib_Lcd.c,34 :: 		
0x004F	0x196D      	BTFSC      FARG_Lcd_Cmd_out_char, 2
0x0050	0x2853      	GOTO       L__Lcd_Cmd33
0x0051	0x1307      	BCF        LCD_D6, BitPos(LCD_D6+0)
0x0052	0x2854      	GOTO       L__Lcd_Cmd34
L__Lcd_Cmd33:
0x0053	0x1707      	BSF        LCD_D6, BitPos(LCD_D6+0)
L__Lcd_Cmd34:
;__Lib_Lcd.c,35 :: 		
0x0054	0x18ED      	BTFSC      FARG_Lcd_Cmd_out_char, 1
0x0055	0x2858      	GOTO       L__Lcd_Cmd35
0x0056	0x1287      	BCF        LCD_D5, BitPos(LCD_D5+0)
0x0057	0x2859      	GOTO       L__Lcd_Cmd36
L__Lcd_Cmd35:
0x0058	0x1687      	BSF        LCD_D5, BitPos(LCD_D5+0)
L__Lcd_Cmd36:
;__Lib_Lcd.c,36 :: 		
0x0059	0x186D      	BTFSC      FARG_Lcd_Cmd_out_char, 0
0x005A	0x285D      	GOTO       L__Lcd_Cmd37
0x005B	0x1207      	BCF        LCD_D4, BitPos(LCD_D4+0)
0x005C	0x285E      	GOTO       L__Lcd_Cmd38
L__Lcd_Cmd37:
0x005D	0x1607      	BSF        LCD_D4, BitPos(LCD_D4+0)
L__Lcd_Cmd38:
;__Lib_Lcd.c,38 :: 		
0x005E	0x185D      	BTFSC      __Lib_Lcd_cmd_status, BitPos(__Lib_Lcd_cmd_status+0)
0x005F	0x2862      	GOTO       L__Lcd_Cmd39
0x0060	0x1507      	BSF        LCD_RS, BitPos(LCD_RS+0)
0x0061	0x2863      	GOTO       L__Lcd_Cmd40
L__Lcd_Cmd39:
0x0062	0x1107      	BCF        LCD_RS, BitPos(LCD_RS+0)
L__Lcd_Cmd40:
;__Lib_Lcd.c,40 :: 		
0x0063	0x1587      	BSF        LCD_EN, BitPos(LCD_EN+0)
;__Lib_Lcd.c,41 :: 		
0x0064	0x201C      	CALL       _Delay_1us
;__Lib_Lcd.c,42 :: 		
0x0065	0x1187      	BCF        LCD_EN, BitPos(LCD_EN+0)
;__Lib_Lcd.c,44 :: 		
0x0066	0x1C5D      	BTFSS      __Lib_Lcd_cmd_status, BitPos(__Lib_Lcd_cmd_status+0)
0x0067	0x286A      	GOTO       L_Lcd_Cmd0
;__Lib_Lcd.c,45 :: 		
0x0068	0x201F      	CALL       _Delay_5500us
0x0069	0x286B      	GOTO       L_Lcd_Cmd1
L_Lcd_Cmd0:
;__Lib_Lcd.c,47 :: 		
0x006A	0x2015      	CALL       _Delay_50us
L_Lcd_Cmd1:
;__Lib_Lcd.c,48 :: 		
L_end_Lcd_Cmd:
0x006B	0x0008      	RETURN
; end of _Lcd_Cmd
_Lcd_Chr_CP:
;__Lib_Lcd.c,50 :: 		
;__Lib_Lcd.c,52 :: 		
0x006C	0x1283      	BCF        STATUS, 5
0x006D	0x1303      	BCF        STATUS, 6
0x006E	0x105D      	BCF        __Lib_Lcd_cmd_status, BitPos(__Lib_Lcd_cmd_status+0)
;__Lib_Lcd.c,53 :: 		
0x006F	0x086C      	MOVF       FARG_Lcd_Chr_CP_out_char, 0
0x0070	0x00ED      	MOVWF      FARG_Lcd_Cmd_out_char
0x0071	0x202C      	CALL       _Lcd_Cmd
;__Lib_Lcd.c,54 :: 		
0x0072	0x145D      	BSF        __Lib_Lcd_cmd_status, BitPos(__Lib_Lcd_cmd_status+0)
;__Lib_Lcd.c,55 :: 		
L_end_Lcd_Chr_CP:
0x0073	0x0008      	RETURN
; end of _Lcd_Chr_CP
_Lcd_Out:
;__Lib_Lcd.c,184 :: 		
;__Lib_Lcd.c,187 :: 		
0x0074	0x2886      	GOTO       L_Lcd_Out11
;__Lib_Lcd.c,188 :: 		
L_Lcd_Out13:
0x0075	0x3080      	MOVLW      128
0x0076	0x1283      	BCF        STATUS, 5
0x0077	0x1303      	BCF        STATUS, 6
0x0078	0x00E8      	MOVWF      FARG_Lcd_Out_row
0x0079	0x2899      	GOTO       L_Lcd_Out12
;__Lib_Lcd.c,189 :: 		
L_Lcd_Out14:
0x007A	0x30C0      	MOVLW      192
0x007B	0x00E8      	MOVWF      FARG_Lcd_Out_row
0x007C	0x2899      	GOTO       L_Lcd_Out12
;__Lib_Lcd.c,190 :: 		
L_Lcd_Out15:
0x007D	0x3094      	MOVLW      148
0x007E	0x00E8      	MOVWF      FARG_Lcd_Out_row
0x007F	0x2899      	GOTO       L_Lcd_Out12
;__Lib_Lcd.c,191 :: 		
L_Lcd_Out16:
0x0080	0x30D4      	MOVLW      212
0x0081	0x00E8      	MOVWF      FARG_Lcd_Out_row
0x0082	0x2899      	GOTO       L_Lcd_Out12
;__Lib_Lcd.c,192 :: 		
L_Lcd_Out17:
0x0083	0x3080      	MOVLW      128
0x0084	0x00E8      	MOVWF      FARG_Lcd_Out_row
;__Lib_Lcd.c,193 :: 		
0x0085	0x2899      	GOTO       L_Lcd_Out12
L_Lcd_Out11:
0x0086	0x1283      	BCF        STATUS, 5
0x0087	0x1303      	BCF        STATUS, 6
0x0088	0x0868      	MOVF       FARG_Lcd_Out_row, 0
0x0089	0x3A01      	XORLW      1
0x008A	0x1903      	BTFSC      STATUS, 2
0x008B	0x2875      	GOTO       L_Lcd_Out13
0x008C	0x0868      	MOVF       FARG_Lcd_Out_row, 0
0x008D	0x3A02      	XORLW      2
0x008E	0x1903      	BTFSC      STATUS, 2
0x008F	0x287A      	GOTO       L_Lcd_Out14
0x0090	0x0868      	MOVF       FARG_Lcd_Out_row, 0
0x0091	0x3A03      	XORLW      3
0x0092	0x1903      	BTFSC      STATUS, 2
0x0093	0x287D      	GOTO       L_Lcd_Out15
0x0094	0x0868      	MOVF       FARG_Lcd_Out_row, 0
0x0095	0x3A04      	XORLW      4
0x0096	0x1903      	BTFSC      STATUS, 2
0x0097	0x2880      	GOTO       L_Lcd_Out16
0x0098	0x2883      	GOTO       L_Lcd_Out17
L_Lcd_Out12:
;__Lib_Lcd.c,194 :: 		
0x0099	0x0369      	DECF       FARG_Lcd_Out_column, 0
0x009A	0x00F0      	MOVWF      R0
0x009B	0x0868      	MOVF       FARG_Lcd_Out_row, 0
0x009C	0x07F0      	ADDWF      R0, 1
0x009D	0x0870      	MOVF       R0, 0
0x009E	0x00E8      	MOVWF      FARG_Lcd_Out_row
;__Lib_Lcd.c,196 :: 		
0x009F	0x0870      	MOVF       R0, 0
0x00A0	0x00ED      	MOVWF      FARG_Lcd_Cmd_out_char
0x00A1	0x202C      	CALL       _Lcd_Cmd
;__Lib_Lcd.c,197 :: 		
0x00A2	0x105D      	BCF        __Lib_Lcd_cmd_status, BitPos(__Lib_Lcd_cmd_status+0)
;__Lib_Lcd.c,198 :: 		
0x00A3	0x01EB      	CLRF       Lcd_Out_i_L0
;__Lib_Lcd.c,199 :: 		
L_Lcd_Out18:
0x00A4	0x086B      	MOVF       Lcd_Out_i_L0, 0
0x00A5	0x076A      	ADDWF      FARG_Lcd_Out_text, 0
0x00A6	0x0084      	MOVWF      FSR
0x00A7	0x0800      	MOVF       INDF, 0
0x00A8	0x1903      	BTFSC      STATUS, 2
0x00A9	0x28B2      	GOTO       L_Lcd_Out19
;__Lib_Lcd.c,200 :: 		
0x00AA	0x086B      	MOVF       Lcd_Out_i_L0, 0
0x00AB	0x076A      	ADDWF      FARG_Lcd_Out_text, 0
0x00AC	0x0084      	MOVWF      FSR
0x00AD	0x0800      	MOVF       INDF, 0
0x00AE	0x00EC      	MOVWF      FARG_Lcd_Chr_CP_out_char
0x00AF	0x206C      	CALL       _Lcd_Chr_CP
0x00B0	0x0AEB      	INCF       Lcd_Out_i_L0, 1
0x00B1	0x28A4      	GOTO       L_Lcd_Out18
L_Lcd_Out19:
;__Lib_Lcd.c,201 :: 		
0x00B2	0x145D      	BSF        __Lib_Lcd_cmd_status, BitPos(__Lib_Lcd_cmd_status+0)
;__Lib_Lcd.c,202 :: 		
L_end_Lcd_Out:
0x00B3	0x0008      	RETURN
; end of _Lcd_Out
_Lcd_Init:
;__Lib_Lcd.c,84 :: 		
;__Lib_Lcd.c,86 :: 		
0x00B4	0x1683      	BSF        STATUS, 5
0x00B5	0x1303      	BCF        STATUS, 6
0x00B6	0x1187      	BCF        LCD_EN_Direction, BitPos(LCD_EN_Direction+0)
;__Lib_Lcd.c,87 :: 		
0x00B7	0x1107      	BCF        LCD_RS_Direction, BitPos(LCD_RS_Direction+0)
;__Lib_Lcd.c,88 :: 		
0x00B8	0x1207      	BCF        LCD_D4_Direction, BitPos(LCD_D4_Direction+0)
;__Lib_Lcd.c,89 :: 		
0x00B9	0x1287      	BCF        LCD_D5_Direction, BitPos(LCD_D5_Direction+0)
;__Lib_Lcd.c,90 :: 		
0x00BA	0x1307      	BCF        LCD_D6_Direction, BitPos(LCD_D6_Direction+0)
;__Lib_Lcd.c,91 :: 		
0x00BB	0x1387      	BCF        LCD_D7_Direction, BitPos(LCD_D7_Direction+0)
;__Lib_Lcd.c,93 :: 		
0x00BC	0x1283      	BCF        STATUS, 5
0x00BD	0x1187      	BCF        LCD_EN, BitPos(LCD_EN+0)
;__Lib_Lcd.c,94 :: 		
0x00BE	0x1107      	BCF        LCD_RS, BitPos(LCD_RS+0)
;__Lib_Lcd.c,95 :: 		
0x00BF	0x1387      	BCF        LCD_D7, BitPos(LCD_D7+0)
;__Lib_Lcd.c,96 :: 		
0x00C0	0x1307      	BCF        LCD_D6, BitPos(LCD_D6+0)
;__Lib_Lcd.c,97 :: 		
0x00C1	0x1287      	BCF        LCD_D5, BitPos(LCD_D5+0)
;__Lib_Lcd.c,98 :: 		
0x00C2	0x1207      	BCF        LCD_D4, BitPos(LCD_D4+0)
;__Lib_Lcd.c,100 :: 		
0x00C3	0x201F      	CALL       _Delay_5500us
;__Lib_Lcd.c,101 :: 		
0x00C4	0x201F      	CALL       _Delay_5500us
;__Lib_Lcd.c,102 :: 		
0x00C5	0x201F      	CALL       _Delay_5500us
;__Lib_Lcd.c,105 :: 		
0x00C6	0x1687      	BSF        LCD_D5, BitPos(LCD_D5+0)
;__Lib_Lcd.c,106 :: 		
0x00C7	0x1607      	BSF        LCD_D4, BitPos(LCD_D4+0)
;__Lib_Lcd.c,107 :: 		
0x00C8	0x1587      	BSF        LCD_EN, BitPos(LCD_EN+0)
;__Lib_Lcd.c,108 :: 		
0x00C9	0x201C      	CALL       _Delay_1us
;__Lib_Lcd.c,109 :: 		
0x00CA	0x1187      	BCF        LCD_EN, BitPos(LCD_EN+0)
;__Lib_Lcd.c,110 :: 		
0x00CB	0x201F      	CALL       _Delay_5500us
;__Lib_Lcd.c,112 :: 		
0x00CC	0x1587      	BSF        LCD_EN, BitPos(LCD_EN+0)
;__Lib_Lcd.c,113 :: 		
0x00CD	0x201C      	CALL       _Delay_1us
;__Lib_Lcd.c,114 :: 		
0x00CE	0x1187      	BCF        LCD_EN, BitPos(LCD_EN+0)
;__Lib_Lcd.c,115 :: 		
0x00CF	0x201F      	CALL       _Delay_5500us
;__Lib_Lcd.c,117 :: 		
0x00D0	0x1587      	BSF        LCD_EN, BitPos(LCD_EN+0)
;__Lib_Lcd.c,118 :: 		
0x00D1	0x201C      	CALL       _Delay_1us
;__Lib_Lcd.c,119 :: 		
0x00D2	0x1187      	BCF        LCD_EN, BitPos(LCD_EN+0)
;__Lib_Lcd.c,120 :: 		
0x00D3	0x201F      	CALL       _Delay_5500us
;__Lib_Lcd.c,123 :: 		
0x00D4	0x1207      	BCF        LCD_D4, BitPos(LCD_D4+0)
;__Lib_Lcd.c,124 :: 		
0x00D5	0x1587      	BSF        LCD_EN, BitPos(LCD_EN+0)
;__Lib_Lcd.c,125 :: 		
0x00D6	0x201C      	CALL       _Delay_1us
;__Lib_Lcd.c,126 :: 		
0x00D7	0x1187      	BCF        LCD_EN, BitPos(LCD_EN+0)
;__Lib_Lcd.c,127 :: 		
0x00D8	0x201F      	CALL       _Delay_5500us
;__Lib_Lcd.c,130 :: 		
0x00D9	0x1587      	BSF        LCD_EN, BitPos(LCD_EN+0)
;__Lib_Lcd.c,131 :: 		
0x00DA	0x201C      	CALL       _Delay_1us
;__Lib_Lcd.c,132 :: 		
0x00DB	0x1187      	BCF        LCD_EN, BitPos(LCD_EN+0)
;__Lib_Lcd.c,134 :: 		
0x00DC	0x1287      	BCF        LCD_D5, BitPos(LCD_D5+0)
;__Lib_Lcd.c,135 :: 		
0x00DD	0x1787      	BSF        LCD_D7, BitPos(LCD_D7+0)
;__Lib_Lcd.c,136 :: 		
0x00DE	0x1587      	BSF        LCD_EN, BitPos(LCD_EN+0)
;__Lib_Lcd.c,137 :: 		
0x00DF	0x201C      	CALL       _Delay_1us
;__Lib_Lcd.c,138 :: 		
0x00E0	0x1187      	BCF        LCD_EN, BitPos(LCD_EN+0)
;__Lib_Lcd.c,139 :: 		
0x00E1	0x201F      	CALL       _Delay_5500us
;__Lib_Lcd.c,142 :: 		
0x00E2	0x1387      	BCF        LCD_D7, BitPos(LCD_D7+0)
;__Lib_Lcd.c,143 :: 		
0x00E3	0x1607      	BSF        LCD_D4, BitPos(LCD_D4+0)
;__Lib_Lcd.c,144 :: 		
0x00E4	0x1587      	BSF        LCD_EN, BitPos(LCD_EN+0)
;__Lib_Lcd.c,145 :: 		
0x00E5	0x201C      	CALL       _Delay_1us
;__Lib_Lcd.c,146 :: 		
0x00E6	0x1187      	BCF        LCD_EN, BitPos(LCD_EN+0)
;__Lib_Lcd.c,148 :: 		
0x00E7	0x1207      	BCF        LCD_D4, BitPos(LCD_D4+0)
;__Lib_Lcd.c,149 :: 		
0x00E8	0x1587      	BSF        LCD_EN, BitPos(LCD_EN+0)
;__Lib_Lcd.c,150 :: 		
0x00E9	0x201C      	CALL       _Delay_1us
;__Lib_Lcd.c,151 :: 		
0x00EA	0x1187      	BCF        LCD_EN, BitPos(LCD_EN+0)
;__Lib_Lcd.c,152 :: 		
0x00EB	0x201F      	CALL       _Delay_5500us
;__Lib_Lcd.c,155 :: 		
0x00EC	0x1587      	BSF        LCD_EN, BitPos(LCD_EN+0)
;__Lib_Lcd.c,156 :: 		
0x00ED	0x201C      	CALL       _Delay_1us
;__Lib_Lcd.c,157 :: 		
0x00EE	0x1187      	BCF        LCD_EN, BitPos(LCD_EN+0)
;__Lib_Lcd.c,159 :: 		
0x00EF	0x1607      	BSF        LCD_D4, BitPos(LCD_D4+0)
;__Lib_Lcd.c,160 :: 		
0x00F0	0x1587      	BSF        LCD_EN, BitPos(LCD_EN+0)
;__Lib_Lcd.c,161 :: 		
0x00F1	0x201C      	CALL       _Delay_1us
;__Lib_Lcd.c,162 :: 		
0x00F2	0x1187      	BCF        LCD_EN, BitPos(LCD_EN+0)
;__Lib_Lcd.c,163 :: 		
0x00F3	0x201F      	CALL       _Delay_5500us
;__Lib_Lcd.c,166 :: 		
0x00F4	0x1207      	BCF        LCD_D4, BitPos(LCD_D4+0)
;__Lib_Lcd.c,167 :: 		
0x00F5	0x1587      	BSF        LCD_EN, BitPos(LCD_EN+0)
;__Lib_Lcd.c,168 :: 		
0x00F6	0x201C      	CALL       _Delay_1us
;__Lib_Lcd.c,169 :: 		
0x00F7	0x1187      	BCF        LCD_EN, BitPos(LCD_EN+0)
;__Lib_Lcd.c,171 :: 		
0x00F8	0x1787      	BSF        LCD_D7, BitPos(LCD_D7+0)
;__Lib_Lcd.c,172 :: 		
0x00F9	0x1707      	BSF        LCD_D6, BitPos(LCD_D6+0)
;__Lib_Lcd.c,173 :: 		
0x00FA	0x1687      	BSF        LCD_D5, BitPos(LCD_D5+0)
;__Lib_Lcd.c,174 :: 		
0x00FB	0x1607      	BSF        LCD_D4, BitPos(LCD_D4+0)
;__Lib_Lcd.c,175 :: 		
0x00FC	0x1587      	BSF        LCD_EN, BitPos(LCD_EN+0)
;__Lib_Lcd.c,176 :: 		
0x00FD	0x201C      	CALL       _Delay_1us
;__Lib_Lcd.c,177 :: 		
0x00FE	0x1187      	BCF        LCD_EN, BitPos(LCD_EN+0)
;__Lib_Lcd.c,179 :: 		
0x00FF	0x201F      	CALL       _Delay_5500us
;__Lib_Lcd.c,181 :: 		
0x0100	0x145D      	BSF        __Lib_Lcd_cmd_status, BitPos(__Lib_Lcd_cmd_status+0)
;__Lib_Lcd.c,182 :: 		
L_end_Lcd_Init:
0x0101	0x0008      	RETURN
; end of _Lcd_Init
_LDisp:
;PiScope.c,89 :: 		void LDisp(int LRow, int LCol, int LNum, int LRep)
;PiScope.c,92 :: 		for(i=0;i<LRep;i++)
0x0102	0x1283      	BCF        STATUS, 5
0x0103	0x1303      	BCF        STATUS, 6
0x0104	0x01E6      	CLRF       LDisp_i_L0
0x0105	0x01E7      	CLRF       LDisp_i_L0+1
L_LDisp19:
0x0106	0x3080      	MOVLW      128
0x0107	0x0667      	XORWF      LDisp_i_L0+1, 0
0x0108	0x00F0      	MOVWF      R0
0x0109	0x3080      	MOVLW      128
0x010A	0x0665      	XORWF      FARG_LDisp_LRep+1, 0
0x010B	0x0270      	SUBWF      R0, 0
0x010C	0x1D03      	BTFSS      STATUS, 2
0x010D	0x2910      	GOTO       L__LDisp34
0x010E	0x0864      	MOVF       FARG_LDisp_LRep, 0
0x010F	0x0266      	SUBWF      LDisp_i_L0, 0
L__LDisp34:
0x0110	0x1803      	BTFSC      STATUS, 0
0x0111	0x2940      	GOTO       L_LDisp20
;PiScope.c,94 :: 		LCD_Out(LRow,10,"/");
0x0112	0x085E      	MOVF       FARG_LDisp_LRow, 0
0x0113	0x00E8      	MOVWF      FARG_Lcd_Out_row
0x0114	0x300A      	MOVLW      10
0x0115	0x00E9      	MOVWF      FARG_Lcd_Out_column
0x0116	0x302D      	MOVLW      ?lstr18_PiScope
0x0117	0x00EA      	MOVWF      FARG_Lcd_Out_text
0x0118	0x2074      	CALL       _Lcd_Out
;PiScope.c,95 :: 		Delay_ms(1000);
0x0119	0x300B      	MOVLW      11
0x011A	0x00FB      	MOVWF      R11
0x011B	0x3026      	MOVLW      38
0x011C	0x00FC      	MOVWF      R12
0x011D	0x305D      	MOVLW      93
0x011E	0x00FD      	MOVWF      R13
L_LDisp22:
0x011F	0x0BFD      	DECFSZ     R13, 1
0x0120	0x291F      	GOTO       L_LDisp22
0x0121	0x0BFC      	DECFSZ     R12, 1
0x0122	0x291F      	GOTO       L_LDisp22
0x0123	0x0BFB      	DECFSZ     R11, 1
0x0124	0x291F      	GOTO       L_LDisp22
0x0125	0x0000      	NOP
0x0126	0x0000      	NOP
;PiScope.c,96 :: 		LCD_Out(LRow,10,"-");
0x0127	0x085E      	MOVF       FARG_LDisp_LRow, 0
0x0128	0x00E8      	MOVWF      FARG_Lcd_Out_row
0x0129	0x300A      	MOVLW      10
0x012A	0x00E9      	MOVWF      FARG_Lcd_Out_column
0x012B	0x302B      	MOVLW      ?lstr19_PiScope
0x012C	0x00EA      	MOVWF      FARG_Lcd_Out_text
0x012D	0x2074      	CALL       _Lcd_Out
;PiScope.c,97 :: 		Delay_ms(1000);
0x012E	0x300B      	MOVLW      11
0x012F	0x00FB      	MOVWF      R11
0x0130	0x3026      	MOVLW      38
0x0131	0x00FC      	MOVWF      R12
0x0132	0x305D      	MOVLW      93
0x0133	0x00FD      	MOVWF      R13
L_LDisp23:
0x0134	0x0BFD      	DECFSZ     R13, 1
0x0135	0x2934      	GOTO       L_LDisp23
0x0136	0x0BFC      	DECFSZ     R12, 1
0x0137	0x2934      	GOTO       L_LDisp23
0x0138	0x0BFB      	DECFSZ     R11, 1
0x0139	0x2934      	GOTO       L_LDisp23
0x013A	0x0000      	NOP
0x013B	0x0000      	NOP
;PiScope.c,92 :: 		for(i=0;i<LRep;i++)
0x013C	0x0AE6      	INCF       LDisp_i_L0, 1
0x013D	0x1903      	BTFSC      STATUS, 2
0x013E	0x0AE7      	INCF       LDisp_i_L0+1, 1
;PiScope.c,98 :: 		}
0x013F	0x2906      	GOTO       L_LDisp19
L_LDisp20:
;PiScope.c,99 :: 		}
L_end_LDisp:
0x0140	0x0008      	RETURN
; end of _LDisp
_HDisp:
;PiScope.c,44 :: 		void HDisp(int HRow,int HCol)
;PiScope.c,46 :: 		LCD_Out(HRow,HCol++,"P");
0x0141	0x1283      	BCF        STATUS, 5
0x0142	0x1303      	BCF        STATUS, 6
0x0143	0x085E      	MOVF       FARG_HDisp_HRow, 0
0x0144	0x00E8      	MOVWF      FARG_Lcd_Out_row
0x0145	0x0860      	MOVF       FARG_HDisp_HCol, 0
0x0146	0x00E9      	MOVWF      FARG_Lcd_Out_column
0x0147	0x3020      	MOVLW      ?lstr4_PiScope
0x0148	0x00EA      	MOVWF      FARG_Lcd_Out_text
0x0149	0x2074      	CALL       _Lcd_Out
0x014A	0x0AE0      	INCF       FARG_HDisp_HCol, 1
0x014B	0x1903      	BTFSC      STATUS, 2
0x014C	0x0AE1      	INCF       FARG_HDisp_HCol+1, 1
;PiScope.c,47 :: 		Delay_ms(HDelay);
0x014D	0x3003      	MOVLW      3
0x014E	0x00FC      	MOVWF      R12
0x014F	0x3097      	MOVLW      151
0x0150	0x00FD      	MOVWF      R13
L_HDisp0:
0x0151	0x0BFD      	DECFSZ     R13, 1
0x0152	0x2951      	GOTO       L_HDisp0
0x0153	0x0BFC      	DECFSZ     R12, 1
0x0154	0x2951      	GOTO       L_HDisp0
0x0155	0x0000      	NOP
0x0156	0x0000      	NOP
;PiScope.c,48 :: 		LCD_Out(HRow,HCol++,"i");
0x0157	0x085E      	MOVF       FARG_HDisp_HRow, 0
0x0158	0x00E8      	MOVWF      FARG_Lcd_Out_row
0x0159	0x0860      	MOVF       FARG_HDisp_HCol, 0
0x015A	0x00E9      	MOVWF      FARG_Lcd_Out_column
0x015B	0x3026      	MOVLW      ?lstr5_PiScope
0x015C	0x00EA      	MOVWF      FARG_Lcd_Out_text
0x015D	0x2074      	CALL       _Lcd_Out
0x015E	0x0AE0      	INCF       FARG_HDisp_HCol, 1
0x015F	0x1903      	BTFSC      STATUS, 2
0x0160	0x0AE1      	INCF       FARG_HDisp_HCol+1, 1
;PiScope.c,49 :: 		Delay_ms(HDelay);
0x0161	0x3003      	MOVLW      3
0x0162	0x00FC      	MOVWF      R12
0x0163	0x3097      	MOVLW      151
0x0164	0x00FD      	MOVWF      R13
L_HDisp1:
0x0165	0x0BFD      	DECFSZ     R13, 1
0x0166	0x2965      	GOTO       L_HDisp1
0x0167	0x0BFC      	DECFSZ     R12, 1
0x0168	0x2965      	GOTO       L_HDisp1
0x0169	0x0000      	NOP
0x016A	0x0000      	NOP
;PiScope.c,50 :: 		LCD_Out(HRow,HCol++,"G");
0x016B	0x085E      	MOVF       FARG_HDisp_HRow, 0
0x016C	0x00E8      	MOVWF      FARG_Lcd_Out_row
0x016D	0x0860      	MOVF       FARG_HDisp_HCol, 0
0x016E	0x00E9      	MOVWF      FARG_Lcd_Out_column
0x016F	0x3024      	MOVLW      ?lstr6_PiScope
0x0170	0x00EA      	MOVWF      FARG_Lcd_Out_text
0x0171	0x2074      	CALL       _Lcd_Out
0x0172	0x0AE0      	INCF       FARG_HDisp_HCol, 1
0x0173	0x1903      	BTFSC      STATUS, 2
0x0174	0x0AE1      	INCF       FARG_HDisp_HCol+1, 1
;PiScope.c,51 :: 		Delay_ms(HDelay);
0x0175	0x3003      	MOVLW      3
0x0176	0x00FC      	MOVWF      R12
0x0177	0x3097      	MOVLW      151
0x0178	0x00FD      	MOVWF      R13
L_HDisp2:
0x0179	0x0BFD      	DECFSZ     R13, 1
0x017A	0x2979      	GOTO       L_HDisp2
0x017B	0x0BFC      	DECFSZ     R12, 1
0x017C	0x2979      	GOTO       L_HDisp2
0x017D	0x0000      	NOP
0x017E	0x0000      	NOP
;PiScope.c,52 :: 		LCD_Out(HRow,HCol++,"e");
0x017F	0x085E      	MOVF       FARG_HDisp_HRow, 0
0x0180	0x00E8      	MOVWF      FARG_Lcd_Out_row
0x0181	0x0860      	MOVF       FARG_HDisp_HCol, 0
0x0182	0x00E9      	MOVWF      FARG_Lcd_Out_column
0x0183	0x3022      	MOVLW      ?lstr7_PiScope
0x0184	0x00EA      	MOVWF      FARG_Lcd_Out_text
0x0185	0x2074      	CALL       _Lcd_Out
0x0186	0x0AE0      	INCF       FARG_HDisp_HCol, 1
0x0187	0x1903      	BTFSC      STATUS, 2
0x0188	0x0AE1      	INCF       FARG_HDisp_HCol+1, 1
;PiScope.c,53 :: 		Delay_ms(HDelay);
0x0189	0x3003      	MOVLW      3
0x018A	0x00FC      	MOVWF      R12
0x018B	0x3097      	MOVLW      151
0x018C	0x00FD      	MOVWF      R13
L_HDisp3:
0x018D	0x0BFD      	DECFSZ     R13, 1
0x018E	0x298D      	GOTO       L_HDisp3
0x018F	0x0BFC      	DECFSZ     R12, 1
0x0190	0x298D      	GOTO       L_HDisp3
0x0191	0x0000      	NOP
0x0192	0x0000      	NOP
;PiScope.c,54 :: 		LCD_Out(HRow,HCol++,"n");
0x0193	0x085E      	MOVF       FARG_HDisp_HRow, 0
0x0194	0x00E8      	MOVWF      FARG_Lcd_Out_row
0x0195	0x0860      	MOVF       FARG_HDisp_HCol, 0
0x0196	0x00E9      	MOVWF      FARG_Lcd_Out_column
0x0197	0x3028      	MOVLW      ?lstr8_PiScope
0x0198	0x00EA      	MOVWF      FARG_Lcd_Out_text
0x0199	0x2074      	CALL       _Lcd_Out
0x019A	0x0AE0      	INCF       FARG_HDisp_HCol, 1
0x019B	0x1903      	BTFSC      STATUS, 2
0x019C	0x0AE1      	INCF       FARG_HDisp_HCol+1, 1
;PiScope.c,55 :: 		Delay_ms(HDelay);
0x019D	0x3003      	MOVLW      3
0x019E	0x00FC      	MOVWF      R12
0x019F	0x3097      	MOVLW      151
0x01A0	0x00FD      	MOVWF      R13
L_HDisp4:
0x01A1	0x0BFD      	DECFSZ     R13, 1
0x01A2	0x29A1      	GOTO       L_HDisp4
0x01A3	0x0BFC      	DECFSZ     R12, 1
0x01A4	0x29A1      	GOTO       L_HDisp4
0x01A5	0x0000      	NOP
0x01A6	0x0000      	NOP
;PiScope.c,56 :: 		LCD_Out(HRow,HCol++," ");
0x01A7	0x085E      	MOVF       FARG_HDisp_HRow, 0
0x01A8	0x00E8      	MOVWF      FARG_Lcd_Out_row
0x01A9	0x0860      	MOVF       FARG_HDisp_HCol, 0
0x01AA	0x00E9      	MOVWF      FARG_Lcd_Out_column
0x01AB	0x3038      	MOVLW      ?lstr9_PiScope
0x01AC	0x00EA      	MOVWF      FARG_Lcd_Out_text
0x01AD	0x2074      	CALL       _Lcd_Out
0x01AE	0x0AE0      	INCF       FARG_HDisp_HCol, 1
0x01AF	0x1903      	BTFSC      STATUS, 2
0x01B0	0x0AE1      	INCF       FARG_HDisp_HCol+1, 1
;PiScope.c,57 :: 		Delay_ms(HDelay);
0x01B1	0x3003      	MOVLW      3
0x01B2	0x00FC      	MOVWF      R12
0x01B3	0x3097      	MOVLW      151
0x01B4	0x00FD      	MOVWF      R13
L_HDisp5:
0x01B5	0x0BFD      	DECFSZ     R13, 1
0x01B6	0x29B5      	GOTO       L_HDisp5
0x01B7	0x0BFC      	DECFSZ     R12, 1
0x01B8	0x29B5      	GOTO       L_HDisp5
0x01B9	0x0000      	NOP
0x01BA	0x0000      	NOP
;PiScope.c,58 :: 		LCD_Out(HRow,HCol++,"v");
0x01BB	0x085E      	MOVF       FARG_HDisp_HRow, 0
0x01BC	0x00E8      	MOVWF      FARG_Lcd_Out_row
0x01BD	0x0860      	MOVF       FARG_HDisp_HCol, 0
0x01BE	0x00E9      	MOVWF      FARG_Lcd_Out_column
0x01BF	0x3036      	MOVLW      ?lstr10_PiScope
0x01C0	0x00EA      	MOVWF      FARG_Lcd_Out_text
0x01C1	0x2074      	CALL       _Lcd_Out
0x01C2	0x0AE0      	INCF       FARG_HDisp_HCol, 1
0x01C3	0x1903      	BTFSC      STATUS, 2
0x01C4	0x0AE1      	INCF       FARG_HDisp_HCol+1, 1
;PiScope.c,59 :: 		Delay_ms(HDelay);
0x01C5	0x3003      	MOVLW      3
0x01C6	0x00FC      	MOVWF      R12
0x01C7	0x3097      	MOVLW      151
0x01C8	0x00FD      	MOVWF      R13
L_HDisp6:
0x01C9	0x0BFD      	DECFSZ     R13, 1
0x01CA	0x29C9      	GOTO       L_HDisp6
0x01CB	0x0BFC      	DECFSZ     R12, 1
0x01CC	0x29C9      	GOTO       L_HDisp6
0x01CD	0x0000      	NOP
0x01CE	0x0000      	NOP
;PiScope.c,60 :: 		LCD_Out(HRow,HCol++,"3");
0x01CF	0x085E      	MOVF       FARG_HDisp_HRow, 0
0x01D0	0x00E8      	MOVWF      FARG_Lcd_Out_row
0x01D1	0x0860      	MOVF       FARG_HDisp_HCol, 0
0x01D2	0x00E9      	MOVWF      FARG_Lcd_Out_column
0x01D3	0x3034      	MOVLW      ?lstr11_PiScope
0x01D4	0x00EA      	MOVWF      FARG_Lcd_Out_text
0x01D5	0x2074      	CALL       _Lcd_Out
0x01D6	0x0AE0      	INCF       FARG_HDisp_HCol, 1
0x01D7	0x1903      	BTFSC      STATUS, 2
0x01D8	0x0AE1      	INCF       FARG_HDisp_HCol+1, 1
;PiScope.c,61 :: 		Delay_ms(HDelay);
0x01D9	0x3003      	MOVLW      3
0x01DA	0x00FC      	MOVWF      R12
0x01DB	0x3097      	MOVLW      151
0x01DC	0x00FD      	MOVWF      R13
L_HDisp7:
0x01DD	0x0BFD      	DECFSZ     R13, 1
0x01DE	0x29DD      	GOTO       L_HDisp7
0x01DF	0x0BFC      	DECFSZ     R12, 1
0x01E0	0x29DD      	GOTO       L_HDisp7
0x01E1	0x0000      	NOP
0x01E2	0x0000      	NOP
;PiScope.c,62 :: 		LCD_Out(HRow,HCol++,".");
0x01E3	0x085E      	MOVF       FARG_HDisp_HRow, 0
0x01E4	0x00E8      	MOVWF      FARG_Lcd_Out_row
0x01E5	0x0860      	MOVF       FARG_HDisp_HCol, 0
0x01E6	0x00E9      	MOVWF      FARG_Lcd_Out_column
0x01E7	0x303E      	MOVLW      ?lstr12_PiScope
0x01E8	0x00EA      	MOVWF      FARG_Lcd_Out_text
0x01E9	0x2074      	CALL       _Lcd_Out
0x01EA	0x0AE0      	INCF       FARG_HDisp_HCol, 1
0x01EB	0x1903      	BTFSC      STATUS, 2
0x01EC	0x0AE1      	INCF       FARG_HDisp_HCol+1, 1
;PiScope.c,63 :: 		Delay_ms(HDelay);
0x01ED	0x3003      	MOVLW      3
0x01EE	0x00FC      	MOVWF      R12
0x01EF	0x3097      	MOVLW      151
0x01F0	0x00FD      	MOVWF      R13
L_HDisp8:
0x01F1	0x0BFD      	DECFSZ     R13, 1
0x01F2	0x29F1      	GOTO       L_HDisp8
0x01F3	0x0BFC      	DECFSZ     R12, 1
0x01F4	0x29F1      	GOTO       L_HDisp8
0x01F5	0x0000      	NOP
0x01F6	0x0000      	NOP
;PiScope.c,64 :: 		LCD_Out(HRow,HCol++,"0");
0x01F7	0x085E      	MOVF       FARG_HDisp_HRow, 0
0x01F8	0x00E8      	MOVWF      FARG_Lcd_Out_row
0x01F9	0x0860      	MOVF       FARG_HDisp_HCol, 0
0x01FA	0x00E9      	MOVWF      FARG_Lcd_Out_column
0x01FB	0x303C      	MOVLW      ?lstr13_PiScope
0x01FC	0x00EA      	MOVWF      FARG_Lcd_Out_text
0x01FD	0x2074      	CALL       _Lcd_Out
0x01FE	0x0AE0      	INCF       FARG_HDisp_HCol, 1
0x01FF	0x1903      	BTFSC      STATUS, 2
0x0200	0x0AE1      	INCF       FARG_HDisp_HCol+1, 1
;PiScope.c,65 :: 		Delay_ms(HDelay);
0x0201	0x3003      	MOVLW      3
0x0202	0x00FC      	MOVWF      R12
0x0203	0x3097      	MOVLW      151
0x0204	0x00FD      	MOVWF      R13
L_HDisp9:
0x0205	0x0BFD      	DECFSZ     R13, 1
0x0206	0x2A05      	GOTO       L_HDisp9
0x0207	0x0BFC      	DECFSZ     R12, 1
0x0208	0x2A05      	GOTO       L_HDisp9
0x0209	0x0000      	NOP
0x020A	0x0000      	NOP
;PiScope.c,66 :: 		LCD_Out(HRow,HCol++,".");
0x020B	0x085E      	MOVF       FARG_HDisp_HRow, 0
0x020C	0x00E8      	MOVWF      FARG_Lcd_Out_row
0x020D	0x0860      	MOVF       FARG_HDisp_HCol, 0
0x020E	0x00E9      	MOVWF      FARG_Lcd_Out_column
0x020F	0x303A      	MOVLW      ?lstr14_PiScope
0x0210	0x00EA      	MOVWF      FARG_Lcd_Out_text
0x0211	0x2074      	CALL       _Lcd_Out
0x0212	0x0AE0      	INCF       FARG_HDisp_HCol, 1
0x0213	0x1903      	BTFSC      STATUS, 2
0x0214	0x0AE1      	INCF       FARG_HDisp_HCol+1, 1
;PiScope.c,67 :: 		Delay_ms(HDelay);
0x0215	0x3003      	MOVLW      3
0x0216	0x00FC      	MOVWF      R12
0x0217	0x3097      	MOVLW      151
0x0218	0x00FD      	MOVWF      R13
L_HDisp10:
0x0219	0x0BFD      	DECFSZ     R13, 1
0x021A	0x2A19      	GOTO       L_HDisp10
0x021B	0x0BFC      	DECFSZ     R12, 1
0x021C	0x2A19      	GOTO       L_HDisp10
0x021D	0x0000      	NOP
0x021E	0x0000      	NOP
;PiScope.c,68 :: 		LCD_Out(HRow,HCol++,"0");
0x021F	0x085E      	MOVF       FARG_HDisp_HRow, 0
0x0220	0x00E8      	MOVWF      FARG_Lcd_Out_row
0x0221	0x0860      	MOVF       FARG_HDisp_HCol, 0
0x0222	0x00E9      	MOVWF      FARG_Lcd_Out_column
0x0223	0x3032      	MOVLW      ?lstr15_PiScope
0x0224	0x00EA      	MOVWF      FARG_Lcd_Out_text
0x0225	0x2074      	CALL       _Lcd_Out
0x0226	0x0AE0      	INCF       FARG_HDisp_HCol, 1
0x0227	0x1903      	BTFSC      STATUS, 2
0x0228	0x0AE1      	INCF       FARG_HDisp_HCol+1, 1
;PiScope.c,69 :: 		Delay_ms(HDelay);
0x0229	0x3003      	MOVLW      3
0x022A	0x00FC      	MOVWF      R12
0x022B	0x3097      	MOVLW      151
0x022C	0x00FD      	MOVWF      R13
L_HDisp11:
0x022D	0x0BFD      	DECFSZ     R13, 1
0x022E	0x2A2D      	GOTO       L_HDisp11
0x022F	0x0BFC      	DECFSZ     R12, 1
0x0230	0x2A2D      	GOTO       L_HDisp11
0x0231	0x0000      	NOP
0x0232	0x0000      	NOP
;PiScope.c,70 :: 		}
L_end_HDisp:
0x0233	0x0008      	RETURN
; end of _HDisp
_____DoICP:
;__Lib_System.c,6 :: 		
;__Lib_System.c,9 :: 		
0x0234	0x1283      	BCF        STATUS, 5
0x0235	0x1303      	BCF        STATUS, 6
0x0236	0x085A      	MOVF       ___DoICPAddr+1, 0
0x0237	0x008A      	MOVWF      PCLATH
;__Lib_System.c,10 :: 		
0x0238	0x0859      	MOVF       ___DoICPAddr, 0
0x0239	0x0082      	MOVWF      PCL
;__Lib_System.c,12 :: 		
L_end_____DoICP:
0x023A	0x0008      	RETURN
; end of _____DoICP
_PiInit:
;PiScope.c,101 :: 		void PiInit()
;PiScope.c,103 :: 		Lcd_Init();
0x023B	0x20B4      	CALL       _Lcd_Init
;PiScope.c,104 :: 		Lcd_Cmd(_LCD_CURSOR_OFF);
0x023C	0x300C      	MOVLW      12
0x023D	0x00ED      	MOVWF      FARG_Lcd_Cmd_out_char
0x023E	0x202C      	CALL       _Lcd_Cmd
;PiScope.c,105 :: 		HDisp(2,5);
0x023F	0x3002      	MOVLW      2
0x0240	0x00DE      	MOVWF      FARG_HDisp_HRow
0x0241	0x3000      	MOVLW      0
0x0242	0x00DF      	MOVWF      FARG_HDisp_HRow+1
0x0243	0x3005      	MOVLW      5
0x0244	0x00E0      	MOVWF      FARG_HDisp_HCol
0x0245	0x3000      	MOVLW      0
0x0246	0x00E1      	MOVWF      FARG_HDisp_HCol+1
0x0247	0x2141      	CALL       _HDisp
;PiScope.c,106 :: 		Delay_ms(1000);
0x0248	0x300B      	MOVLW      11
0x0249	0x00FB      	MOVWF      R11
0x024A	0x3026      	MOVLW      38
0x024B	0x00FC      	MOVWF      R12
0x024C	0x305D      	MOVLW      93
0x024D	0x00FD      	MOVWF      R13
L_PiInit24:
0x024E	0x0BFD      	DECFSZ     R13, 1
0x024F	0x2A4E      	GOTO       L_PiInit24
0x0250	0x0BFC      	DECFSZ     R12, 1
0x0251	0x2A4E      	GOTO       L_PiInit24
0x0252	0x0BFB      	DECFSZ     R11, 1
0x0253	0x2A4E      	GOTO       L_PiInit24
0x0254	0x0000      	NOP
0x0255	0x0000      	NOP
;PiScope.c,107 :: 		LDisp(3,9,4,3);
0x0256	0x3003      	MOVLW      3
0x0257	0x00DE      	MOVWF      FARG_LDisp_LRow
0x0258	0x3000      	MOVLW      0
0x0259	0x00DF      	MOVWF      FARG_LDisp_LRow+1
0x025A	0x3009      	MOVLW      9
0x025B	0x00E0      	MOVWF      FARG_LDisp_LCol
0x025C	0x3000      	MOVLW      0
0x025D	0x00E1      	MOVWF      FARG_LDisp_LCol+1
0x025E	0x3004      	MOVLW      4
0x025F	0x00E2      	MOVWF      FARG_LDisp_LNum
0x0260	0x3000      	MOVLW      0
0x0261	0x00E3      	MOVWF      FARG_LDisp_LNum+1
0x0262	0x3003      	MOVLW      3
0x0263	0x00E4      	MOVWF      FARG_LDisp_LRep
0x0264	0x3000      	MOVLW      0
0x0265	0x00E5      	MOVWF      FARG_LDisp_LRep+1
0x0266	0x2102      	CALL       _LDisp
;PiScope.c,108 :: 		Delay_ms(2000);
0x0267	0x3015      	MOVLW      21
0x0268	0x00FB      	MOVWF      R11
0x0269	0x304B      	MOVLW      75
0x026A	0x00FC      	MOVWF      R12
0x026B	0x30BE      	MOVLW      190
0x026C	0x00FD      	MOVWF      R13
L_PiInit25:
0x026D	0x0BFD      	DECFSZ     R13, 1
0x026E	0x2A6D      	GOTO       L_PiInit25
0x026F	0x0BFC      	DECFSZ     R12, 1
0x0270	0x2A6D      	GOTO       L_PiInit25
0x0271	0x0BFB      	DECFSZ     R11, 1
0x0272	0x2A6D      	GOTO       L_PiInit25
0x0273	0x0000      	NOP
;PiScope.c,109 :: 		Lcd_Cmd(_LCD_CLEAR);
0x0274	0x3001      	MOVLW      1
0x0275	0x00ED      	MOVWF      FARG_Lcd_Cmd_out_char
0x0276	0x202C      	CALL       _Lcd_Cmd
;PiScope.c,110 :: 		}
L_end_PiInit:
0x0277	0x0008      	RETURN
; end of _PiInit
_IntInit:
;PiScope.c,112 :: 		void IntInit()
;PiScope.c,114 :: 		OPTION_REG.INTEDG = 1; // Set Rising Edge Trigger for INT
0x0278	0x1683      	BSF        STATUS, 5
0x0279	0x1303      	BCF        STATUS, 6
0x027A	0x1701      	BSF        OPTION_REG, 6
;PiScope.c,115 :: 		INTCON.GIE = 1; // Enable The Global Interrupt
0x027B	0x178B      	BSF        INTCON, 7
;PiScope.c,116 :: 		INTCON.INTE = 1; // Enable INT
0x027C	0x160B      	BSF        INTCON, 4
;PiScope.c,117 :: 		}
L_end_IntInit:
0x027D	0x0008      	RETURN
; end of _IntInit
___CC2DW:
;__Lib_System.c,134 :: 		
;__Lib_System.c,137 :: 		
_CC2D_Loop1:
;__Lib_System.c,139 :: 		
0x027E	0x2234      	CALL       _____DoICP
0x027F	0x118A      	BCF        PCLATH, 3
0x0280	0x120A      	BCF        PCLATH, 4
;__Lib_System.c,141 :: 		
0x0281	0x0080      	MOVWF      INDF
;__Lib_System.c,142 :: 		
0x0282	0x0A84      	INCF       FSR, 1
;__Lib_System.c,143 :: 		
0x0283	0x0AD9      	INCF       ___DoICPAddr, 1
;__Lib_System.c,145 :: 		
0x0284	0x1903      	BTFSC      STATUS, 2
;__Lib_System.c,146 :: 		
0x0285	0x0ADA      	INCF       ___DoICPAddr+1, 1
;__Lib_System.c,147 :: 		
0x0286	0x03F0      	DECF       R0, 1
;__Lib_System.c,149 :: 		
0x0287	0x1D03      	BTFSS      STATUS, 2
;__Lib_System.c,150 :: 		
0x0288	0x2A7E      	GOTO       _CC2D_Loop1
;__Lib_System.c,152 :: 		
L_end___CC2DW:
0x0289	0x0008      	RETURN
; end of ___CC2DW
_main:
0x028A	0x22EC      	CALL       748
;PiScope.c,121 :: 		void main() {
;PiScope.c,122 :: 		PiInit();
0x028B	0x223B      	CALL       _PiInit
;PiScope.c,123 :: 		IntInit();
0x028C	0x2278      	CALL       _IntInit
;PiScope.c,124 :: 		TRISD.F0 = 1; //Configure 1st bit of PORTD as input
0x028D	0x1408      	BSF        TRISD, 0
;PiScope.c,126 :: 		Lcd_Out(1,1,pigen);
0x028E	0x3001      	MOVLW      1
0x028F	0x1283      	BCF        STATUS, 5
0x0290	0x00E8      	MOVWF      FARG_Lcd_Out_row
0x0291	0x3001      	MOVLW      1
0x0292	0x00E9      	MOVWF      FARG_Lcd_Out_column
0x0293	0x082A      	MOVF       _pigen, 0
0x0294	0x00EA      	MOVWF      FARG_Lcd_Out_text
0x0295	0x2074      	CALL       _Lcd_Out
;PiScope.c,127 :: 		Lcd_Out(2,1,frequency);
0x0296	0x3002      	MOVLW      2
0x0297	0x00E8      	MOVWF      FARG_Lcd_Out_row
0x0298	0x3001      	MOVLW      1
0x0299	0x00E9      	MOVWF      FARG_Lcd_Out_column
0x029A	0x0831      	MOVF       _frequency, 0
0x029B	0x00EA      	MOVWF      FARG_Lcd_Out_text
0x029C	0x2074      	CALL       _Lcd_Out
;PiScope.c,128 :: 		Lcd_Out(3,1,signal);
0x029D	0x3003      	MOVLW      3
0x029E	0x00E8      	MOVWF      FARG_Lcd_Out_row
0x029F	0x3001      	MOVLW      1
0x02A0	0x00E9      	MOVWF      FARG_Lcd_Out_column
0x02A1	0x0830      	MOVF       _signal, 0
0x02A2	0x00EA      	MOVWF      FARG_Lcd_Out_text
0x02A3	0x2074      	CALL       _Lcd_Out
;PiScope.c,129 :: 		while(1)
L_main26:
;PiScope.c,130 :: 		if(lcdClr==1)
0x02A4	0x082F      	MOVF       _lcdClr, 0
0x02A5	0x3A01      	XORLW      1
0x02A6	0x1D03      	BTFSS      STATUS, 2
0x02A7	0x2AAC      	GOTO       L_main28
;PiScope.c,132 :: 		Lcd_Cmd(_LCD_CLEAR);
0x02A8	0x3001      	MOVLW      1
0x02A9	0x00ED      	MOVWF      FARG_Lcd_Cmd_out_char
0x02AA	0x202C      	CALL       _Lcd_Cmd
;PiScope.c,133 :: 		lcdClr=0;
0x02AB	0x01AF      	CLRF       _lcdClr
;PiScope.c,134 :: 		}
L_main28:
0x02AC	0x2AA4      	GOTO       L_main26
;PiScope.c,135 :: 		}
L_end_main:
0x02AD	0x2AAD      	GOTO       $+0
; end of _main
0x02EC	0x3020      	MOVLW      32
0x02ED	0x0084      	MOVWF      FSR
0x02EE	0x3039      	MOVLW      57
0x02EF	0x1283      	BCF        STATUS, 5
0x02F0	0x1303      	BCF        STATUS, 6
0x02F1	0x00F0      	MOVWF      R0
0x02F2	0x30B3      	MOVLW      179
0x02F3	0x00D9      	MOVWF      ___DoICPAddr
0x02F4	0x3002      	MOVLW      2
0x02F5	0x00DA      	MOVWF      90
0x02F6	0x227E      	CALL       638
0x02F7	0x0008      	RETURN
;PiScope.c,0 :: ?ICS?lstr4_PiScope
0x02B3	0x3450 ;?ICS?lstr4_PiScope+0
0x02B4	0x3400 ;?ICS?lstr4_PiScope+1
; end of ?ICS?lstr4_PiScope
;PiScope.c,0 :: ?ICS?lstr7_PiScope
0x02B5	0x3465 ;?ICS?lstr7_PiScope+0
0x02B6	0x3400 ;?ICS?lstr7_PiScope+1
; end of ?ICS?lstr7_PiScope
;PiScope.c,0 :: ?ICS?lstr6_PiScope
0x02B7	0x3447 ;?ICS?lstr6_PiScope+0
0x02B8	0x3400 ;?ICS?lstr6_PiScope+1
; end of ?ICS?lstr6_PiScope
;PiScope.c,0 :: ?ICS?lstr5_PiScope
0x02B9	0x3469 ;?ICS?lstr5_PiScope+0
0x02BA	0x3400 ;?ICS?lstr5_PiScope+1
; end of ?ICS?lstr5_PiScope
;PiScope.c,0 :: ?ICS?lstr8_PiScope
0x02BB	0x346E ;?ICS?lstr8_PiScope+0
0x02BC	0x3400 ;?ICS?lstr8_PiScope+1
; end of ?ICS?lstr8_PiScope
;PiScope.c,0 :: ?ICS_pigen
0x02BD	0x3440 ;?ICS_pigen+0
; end of ?ICS_pigen
;PiScope.c,0 :: ?ICS?lstr19_PiScope
0x02BE	0x342D ;?ICS?lstr19_PiScope+0
0x02BF	0x3400 ;?ICS?lstr19_PiScope+1
; end of ?ICS?lstr19_PiScope
;PiScope.c,0 :: ?ICS?lstr18_PiScope
0x02C0	0x342F ;?ICS?lstr18_PiScope+0
0x02C1	0x3400 ;?ICS?lstr18_PiScope+1
; end of ?ICS?lstr18_PiScope
;PiScope.c,0 :: ?ICS_lcdClr
0x02C2	0x3400 ;?ICS_lcdClr+0
; end of ?ICS_lcdClr
;PiScope.c,0 :: ?ICS_signal
0x02C3	0x3446 ;?ICS_signal+0
; end of ?ICS_signal
;PiScope.c,0 :: ?ICS_frequency
0x02C4	0x344E ;?ICS_frequency+0
; end of ?ICS_frequency
;PiScope.c,0 :: ?ICS?lstr15_PiScope
0x02C5	0x3430 ;?ICS?lstr15_PiScope+0
0x02C6	0x3400 ;?ICS?lstr15_PiScope+1
; end of ?ICS?lstr15_PiScope
;PiScope.c,0 :: ?ICS?lstr11_PiScope
0x02C7	0x3433 ;?ICS?lstr11_PiScope+0
0x02C8	0x3400 ;?ICS?lstr11_PiScope+1
; end of ?ICS?lstr11_PiScope
;PiScope.c,0 :: ?ICS?lstr10_PiScope
0x02C9	0x3476 ;?ICS?lstr10_PiScope+0
0x02CA	0x3400 ;?ICS?lstr10_PiScope+1
; end of ?ICS?lstr10_PiScope
;PiScope.c,0 :: ?ICS?lstr9_PiScope
0x02CB	0x3420 ;?ICS?lstr9_PiScope+0
0x02CC	0x3400 ;?ICS?lstr9_PiScope+1
; end of ?ICS?lstr9_PiScope
;PiScope.c,0 :: ?ICS?lstr14_PiScope
0x02CD	0x342E ;?ICS?lstr14_PiScope+0
0x02CE	0x3400 ;?ICS?lstr14_PiScope+1
; end of ?ICS?lstr14_PiScope
;PiScope.c,0 :: ?ICS?lstr13_PiScope
0x02CF	0x3430 ;?ICS?lstr13_PiScope+0
0x02D0	0x3400 ;?ICS?lstr13_PiScope+1
; end of ?ICS?lstr13_PiScope
;PiScope.c,0 :: ?ICS?lstr12_PiScope
0x02D1	0x342E ;?ICS?lstr12_PiScope+0
0x02D2	0x3400 ;?ICS?lstr12_PiScope+1
; end of ?ICS?lstr12_PiScope
;PiScope.c,0 :: ?ICS?lstr1_PiScope
0x02D3	0x3450 ;?ICS?lstr1_PiScope+0
0x02D4	0x3469 ;?ICS?lstr1_PiScope+1
0x02D5	0x3447 ;?ICS?lstr1_PiScope+2
0x02D6	0x3465 ;?ICS?lstr1_PiScope+3
0x02D7	0x346E ;?ICS?lstr1_PiScope+4
0x02D8	0x3400 ;?ICS?lstr1_PiScope+5
; end of ?ICS?lstr1_PiScope
;PiScope.c,0 :: ?ICS?lstr3_PiScope
0x02D9	0x3453 ;?ICS?lstr3_PiScope+0
0x02DA	0x3469 ;?ICS?lstr3_PiScope+1
0x02DB	0x3467 ;?ICS?lstr3_PiScope+2
0x02DC	0x346E ;?ICS?lstr3_PiScope+3
0x02DD	0x3461 ;?ICS?lstr3_PiScope+4
0x02DE	0x346C ;?ICS?lstr3_PiScope+5
0x02DF	0x343A ;?ICS?lstr3_PiScope+6
0x02E0	0x3400 ;?ICS?lstr3_PiScope+7
; end of ?ICS?lstr3_PiScope
;PiScope.c,0 :: ?ICS?lstr2_PiScope
0x02E1	0x3446 ;?ICS?lstr2_PiScope+0
0x02E2	0x3472 ;?ICS?lstr2_PiScope+1
0x02E3	0x3465 ;?ICS?lstr2_PiScope+2
0x02E4	0x3471 ;?ICS?lstr2_PiScope+3
0x02E5	0x3475 ;?ICS?lstr2_PiScope+4
0x02E6	0x3465 ;?ICS?lstr2_PiScope+5
0x02E7	0x346E ;?ICS?lstr2_PiScope+6
0x02E8	0x3463 ;?ICS?lstr2_PiScope+7
0x02E9	0x3479 ;?ICS?lstr2_PiScope+8
0x02EA	0x343A ;?ICS?lstr2_PiScope+9
0x02EB	0x3400 ;?ICS?lstr2_PiScope+10
; end of ?ICS?lstr2_PiScope
Symbol List:
//** Routines locations **
//ADDRESS    SIZE    PROCEDURE
//----------------------------------------------
0x0004      [17]    _interrupt
0x0015       [7]    _Delay_50us
0x001C       [3]    _Delay_1us
0x001F      [13]    _Delay_5500us
0x002C      [64]    _Lcd_Cmd
0x006C       [8]    _Lcd_Chr_CP
0x0074      [64]    _Lcd_Out
0x00B4      [78]    _Lcd_Init
0x0102      [63]    _LDisp
0x0141     [243]    _HDisp
0x0234       [7]    _____DoICP
0x023B      [61]    _PiInit
0x0278       [6]    _IntInit
0x027E      [12]    ___CC2DW
0x028A      [35]    _main
//** Variables locations ** 
//ADDRESS    SIZE    VARIABLE
//----------------------------------------------
0x0000       [1]    INDF
0x0002       [1]    PCL
0x0003       [1]    STATUS
0x0004       [1]    FSR
0x0007       [0]    RC7_bit
0x0007       [0]    LCD_D4
0x0007       [0]    RC4_bit
0x0007       [0]    RC3_bit
0x0007       [0]    LCD_RS
0x0007       [0]    LCD_EN
0x0007       [0]    RC6_bit
0x0007       [0]    LCD_D7
0x0007       [0]    RC5_bit
0x0007       [0]    RC2_bit
0x0007       [0]    LCD_D5
0x0007       [0]    LCD_D6
0x000A       [1]    PCLATH
0x000B       [1]    INTCON
0x0020       [2]    ?lstr4_PiScope
0x0022       [2]    ?lstr7_PiScope
0x0024       [2]    ?lstr6_PiScope
0x0026       [2]    ?lstr5_PiScope
0x0028       [2]    ?lstr8_PiScope
0x002A       [1]    _pigen
0x002B       [2]    ?lstr19_PiScope
0x002D       [2]    ?lstr18_PiScope
0x002F       [1]    _lcdClr
0x0030       [1]    _signal
0x0031       [1]    _frequency
0x0032       [2]    ?lstr15_PiScope
0x0034       [2]    ?lstr11_PiScope
0x0036       [2]    ?lstr10_PiScope
0x0038       [2]    ?lstr9_PiScope
0x003A       [2]    ?lstr14_PiScope
0x003C       [2]    ?lstr13_PiScope
0x003E       [2]    ?lstr12_PiScope
0x0040       [6]    ?lstr1_PiScope
0x0046       [8]    ?lstr3_PiScope
0x004E      [11]    ?lstr2_PiScope
0x0059       [2]    ___DoICPAddr
0x005B       [1]    ___savePCLATH
0x005C       [1]    ___saveSTATUS
0x005D       [0]    __Lib_Lcd_cmd_status
0x005E       [2]    FARG_HDisp_HRow
0x005E       [2]    FARG_LDisp_LRow
0x0060       [2]    FARG_LDisp_LCol
0x0060       [2]    FARG_HDisp_HCol
0x0062       [2]    FARG_LDisp_LNum
0x0064       [2]    FARG_LDisp_LRep
0x0066       [2]    LDisp_i_L0
0x0068       [1]    FARG_Lcd_Out_row
0x0069       [1]    FARG_Lcd_Out_column
0x006A       [1]    FARG_Lcd_Out_text
0x006B       [1]    Lcd_Out_i_L0
0x006C       [1]    FARG_Lcd_Chr_CP_out_char
0x006D       [1]    FARG_Lcd_Cmd_out_char
0x0070       [1]    R0
0x0071       [1]    R1
0x0072       [1]    R2
0x0073       [1]    R3
0x0074       [1]    R4
0x0075       [1]    R5
0x0076       [1]    R6
0x0077       [1]    R7
0x0078       [1]    R8
0x0079       [1]    R9
0x007A       [1]    R10
0x007B       [1]    R11
0x007C       [1]    R12
0x007D       [1]    R13
0x007E       [1]    R14
0x007F       [1]    R15
0x0081       [1]    OPTION_REG
0x0087       [0]    LCD_D5_Direction
0x0087       [0]    LCD_D6_Direction
0x0087       [0]    LCD_D7_Direction
0x0087       [0]    LCD_RS_Direction
0x0087       [0]    LCD_EN_Direction
0x0087       [0]    LCD_D4_Direction
0x0087       [0]    TRISC2_bit
0x0087       [0]    TRISC3_bit
0x0087       [0]    TRISC7_bit
0x0087       [0]    TRISC6_bit
0x0087       [0]    TRISC4_bit
0x0087       [0]    TRISC5_bit
0x0088       [1]    TRISD
//** Constants locations ** 
//ADDRESS    SIZE    CONSTANT
//----------------------------------------------
0x02B3       [2]    ?ICS?lstr4_PiScope
0x02B5       [2]    ?ICS?lstr7_PiScope
0x02B7       [2]    ?ICS?lstr6_PiScope
0x02B9       [2]    ?ICS?lstr5_PiScope
0x02BB       [2]    ?ICS?lstr8_PiScope
0x02BD       [1]    ?ICS_pigen
0x02BE       [2]    ?ICS?lstr19_PiScope
0x02C0       [2]    ?ICS?lstr18_PiScope
0x02C2       [1]    ?ICS_lcdClr
0x02C3       [1]    ?ICS_signal
0x02C4       [1]    ?ICS_frequency
0x02C5       [2]    ?ICS?lstr15_PiScope
0x02C7       [2]    ?ICS?lstr11_PiScope
0x02C9       [2]    ?ICS?lstr10_PiScope
0x02CB       [2]    ?ICS?lstr9_PiScope
0x02CD       [2]    ?ICS?lstr14_PiScope
0x02CF       [2]    ?ICS?lstr13_PiScope
0x02D1       [2]    ?ICS?lstr12_PiScope
0x02D3       [6]    ?ICS?lstr1_PiScope
0x02D9       [8]    ?ICS?lstr3_PiScope
0x02E1      [11]    ?ICS?lstr2_PiScope
//** Label List: ** 
//----------------------------------------------
  L_HDisp0
  L_HDisp1
  L_HDisp2
  L_HDisp3
  L_HDisp4
  L_HDisp5
  L_HDisp6
  L_HDisp7
  L_HDisp8
  L_HDisp9
  L_HDisp10
  L_HDisp11
  L_LDisp112
  L_LDisp113
  L_LDisp114
  L_LDisp115
  L_LDisp116
  L_LDisp117
  L_LDisp118
  L_LDisp19
  L_LDisp20
  L_LDisp21
  L_LDisp22
  L_LDisp23
  L_PiInit24
  L_PiInit25
  L_main26
  L_main27
  L_main28
  L_end_HDisp
  _HDisp
  L_end_LDisp1
  _LDisp1
  L__LDisp131
  L__LDisp132
  L_end_LDisp
  _LDisp
  L__LDisp34
  L_end_PiInit
  _PiInit
  L_end_IntInit
  _IntInit
  L_end_main
  _main
  L_end_interrupt
  _interrupt
  L__interrupt39
  L_Delay_10us0
  L_Delay_22us1
  L_Delay_50us2
  L_Delay_80us3
  L_Delay_500us4
  L_Delay_5500us5
  L_Delay_1ms6
  L_Delay_5ms7
  L_Delay_8ms8
  L_Delay_10ms9
  L_Delay_100ms10
  L_Delay_1sec11
  L_boot16_Delay_5ms12
  L_Delay_Cyc13
  L_Delay_Cyc14
  L_VDelay_ms15
  L_VDelay_ms16
  L_VDelay_ms17
  L_VDelay_Advanced_ms18
  L_VDelay_Advanced_ms19
  L_VDelay_Advanced_ms20
  L_end_Get_Fosc_kHz
  _Get_Fosc_kHz
  L_end_Delay_1us
  _Delay_1us
  L_end_Delay_10us
  _Delay_10us
  L_end_Delay_22us
  _Delay_22us
  L_end_Delay_50us
  _Delay_50us
  L_end_Delay_80us
  _Delay_80us
  L_end_Delay_500us
  _Delay_500us
  L_end_Delay_5500us
  _Delay_5500us
  L_end_Delay_1ms
  _Delay_1ms
  L_end_Delay_5ms
  _Delay_5ms
  L_end_Delay_8ms
  _Delay_8ms
  L_end_Delay_10ms
  _Delay_10ms
  L_end_Delay_100ms
  _Delay_100ms
  L_end_Delay_1sec
  _Delay_1sec
  L_end_boot16_Delay_5ms
  _boot16_Delay_5ms
  L_end_Delay_Cyc
  _Delay_Cyc
  L_end_VDelay_ms
  _VDelay_ms
  L__VDelay_ms38
  L__VDelay_ms39
  L__VDelay_ms40
  L_end_VDelay_Advanced_ms
  _VDelay_Advanced_ms
  L__VDelay_Advanced_ms42
  L__VDelay_Advanced_ms43
  L__VDelay_Advanced_ms44
  L_Lcd_Cmd0
  L_Lcd_Cmd1
  L_Lcd_Out_CP2
  L_Lcd_Out_CP3
  L_Lcd_Chr4
  L_Lcd_Chr5
  L_Lcd_Chr6
  L_Lcd_Chr7
  L_Lcd_Chr8
  L_Lcd_Chr9
  L_Lcd_Chr10
  L_Lcd_Out11
  L_Lcd_Out12
  L_Lcd_Out13
  L_Lcd_Out14
  L_Lcd_Out15
  L_Lcd_Out16
  L_Lcd_Out17
  L_Lcd_Out18
  L_Lcd_Out19
  L_end_Lcd_Cmd
  _Lcd_Cmd
  L__Lcd_Cmd21
  L__Lcd_Cmd22
  L__Lcd_Cmd23
  L__Lcd_Cmd24
  L__Lcd_Cmd25
  L__Lcd_Cmd26
  L__Lcd_Cmd27
  L__Lcd_Cmd28
  L__Lcd_Cmd29
  L__Lcd_Cmd30
  L__Lcd_Cmd31
  L__Lcd_Cmd32
  L__Lcd_Cmd33
  L__Lcd_Cmd34
  L__Lcd_Cmd35
  L__Lcd_Cmd36
  L__Lcd_Cmd37
  L__Lcd_Cmd38
  L__Lcd_Cmd39
  L__Lcd_Cmd40
  L_end_Lcd_Chr_CP
  _Lcd_Chr_CP
  L_end_Lcd_Out_CP
  _Lcd_Out_CP
  L_end_Lcd_Chr
  _Lcd_Chr
  L_end_Lcd_Init
  _Lcd_Init
  L_end_Lcd_Out
  _Lcd_Out
  L_loopCA2AWs
  L_CA2AWend
  _CCA2AW_Loop1
  L_loopCS2Ss
  L_CS2Send
  _CCS2S_Loop1
  L_CCS2Send
  L_loopFZinSWs
  L_FZinSend
  _CC2D_Loop1
  L_end_____DoICP
  _____DoICP
  L_end_____DoIFC
  _____DoIFC
  L_end___CA2AW
  ___CA2AW
  L_end___CCA2AW
  ___CCA2AW
  L_end___CS2S
  ___CS2S
  L_end___CCS2S
  ___CCS2S
  L_end___FZinS
  ___FZinS
  L_end___CC2DW
  ___CC2DW
  L_end_Swap
  _Swap
  L_HDisp0
  L_HDisp1
  L_HDisp2
  L_HDisp3
  L_HDisp4
  L_HDisp5
  L_HDisp6
  L_HDisp7
  L_HDisp8
  L_HDisp9
  L_HDisp10
  L_HDisp11
  L_LDisp112
  L_LDisp113
  L_LDisp114
  L_LDisp115
  L_LDisp116
  L_LDisp117
  L_LDisp118
  L_LDisp19
  L_LDisp20
  L_LDisp21
  L_LDisp22
  L_LDisp23
  L_PiInit24
  L_PiInit25
  L_main26
  L_main27
  L_main28
  L_end_HDisp
  _HDisp
  L_end_LDisp1
  _LDisp1
  L__LDisp131
  L__LDisp132
  L_end_LDisp
  _LDisp
  L__LDisp34
  L_end_PiInit
  _PiInit
  L_end_IntInit
  _IntInit
  L_end_main
  _main
  L_end_interrupt
  _interrupt
  L__interrupt39
